<?xml version="1.0" encoding="UTF-8"?>
<!-- Generated by org.testng.reporters.JUnitReportReporter -->
<testsuite skipped="0" hostname="Lenovo-PC" name="testcases.recharge.JIRA_TC16VerifyIfUserEnterSpecialCharsOrAphabetsAsAmount" tests="2" failures="0" timestamp="2020-04-06T19:10:46 IST" time="121.233" errors="0">
  <testcase name="enterSplCharsAsAmounToRecharge" time="58.741" classname="testcases.recharge.JIRA_TC16VerifyIfUserEnterSpecialCharsOrAphabetsAsAmount"/>
  <system-out/>
  <testcase name="enterAlphabetsAsAmounToRecharge" time="62.492" classname="testcases.recharge.JIRA_TC16VerifyIfUserEnterSpecialCharsOrAphabetsAsAmount"/>
  <system-out/>
</testsuite> <!-- testcases.recharge.JIRA_TC16VerifyIfUserEnterSpecialCharsOrAphabetsAsAmount -->
