<?xml version="1.0" encoding="UTF-8"?>
<!-- Generated by org.testng.reporters.JUnitReportReporter -->
<testsuite skipped="0" hostname="Vikram-Vasu" name="testcases.productandservices.TC35PSInvestmentHowToInvestNewCustomerFlow" tests="1" failures="0" timestamp="2020-05-07T13:36:06 IST" time="80.893" errors="0">
  <testcase name="HowToInvestNewCustomerFlow" time="80.893" classname="testcases.productandservices.TC35PSInvestmentHowToInvestNewCustomerFlow"/>
  <system-out/>
</testsuite> <!-- testcases.productandservices.TC35PSInvestmentHowToInvestNewCustomerFlow -->
