<?xml version="1.0" encoding="UTF-8"?>
<!-- Generated by org.testng.reporters.JUnitReportReporter -->
<testsuite skipped="0" hostname="Lenovo-PC" name="testcases.paycreditcard.TC52PayCreditCardPayClickOnOtherAmount" tests="1" failures="0" timestamp="2020-05-01T16:47:14 IST" time="62.525" errors="0">
  <testcase name="UsertoClickOnOtherAmount" time="62.525" classname="testcases.paycreditcard.TC52PayCreditCardPayClickOnOtherAmount"/>
  <system-out/>
</testsuite> <!-- testcases.paycreditcard.TC52PayCreditCardPayClickOnOtherAmount -->
