<?xml version="1.0" encoding="UTF-8"?>
<!-- Generated by org.testng.reporters.JUnitReportReporter -->
<testsuite skipped="0" hostname="vairamuthu" name="testcases.chequebookrequest.ChequeBookRequestDeliveryAddressMessageCheck" tests="1" failures="0" timestamp="06 Mar 2020 11:52:37 GMT" time="38.355" errors="0">
  <testcase name="ChequeBookRequestAccountSelectionByTextSuperValueAccount" time="38.355" classname="testcases.chequebookrequest.ChequeBookRequestDeliveryAddressMessageCheck"/>
</testsuite> <!-- testcases.chequebookrequest.ChequeBookRequestDeliveryAddressMessageCheck -->
