<?xml version="1.0" encoding="UTF-8"?>
<!-- Generated by org.testng.reporters.JUnitReportReporter -->
<testsuite skipped="0" hostname="Lenovo-PC" name="testcases.recharge.TC54VerifyIfUserEnterInvalidAmount_NegativeBalOrZERO" tests="2" failures="0" timestamp="2020-05-05T16:34:50 IST" time="151.361" errors="0">
  <testcase name="enterNegativeAmounToRecharge" time="75.724" classname="testcases.recharge.TC54VerifyIfUserEnterInvalidAmount_NegativeBalOrZERO"/>
  <system-out/>
  <testcase name="enterZeroAmounToRecharge" time="75.637" classname="testcases.recharge.TC54VerifyIfUserEnterInvalidAmount_NegativeBalOrZERO"/>
  <system-out/>
</testsuite> <!-- testcases.recharge.TC54VerifyIfUserEnterInvalidAmount_NegativeBalOrZERO -->
