<?xml version="1.0" encoding="UTF-8"?>
<!-- Generated by org.testng.reporters.JUnitReportReporter -->
<testsuite skipped="0" hostname="vairamuthu" name="testcases.chequebookrequest.ChequeBookRequestIconClickAfterLogin" tests="1" failures="0" timestamp="06 Mar 2020 11:52:37 GMT" time="25.384" errors="0">
  <testcase name="ChequeBookRequestIconClickAfterLogin" time="25.384" classname="testcases.chequebookrequest.ChequeBookRequestIconClickAfterLogin"/>
</testsuite> <!-- testcases.chequebookrequest.ChequeBookRequestIconClickAfterLogin -->
