<?xml version="1.0" encoding="UTF-8"?>
<!-- Generated by org.testng.reporters.JUnitReportReporter -->
<testsuite skipped="0" hostname="Vikram-Vasu" name="testcases.productandservices.TC28PSRemittanceTrackerDetailsNavigation" tests="1" failures="0" timestamp="2020-05-07T13:36:06 IST" time="87.688" errors="0">
  <testcase name="RemittanceTrackerDetailsNavigation" time="87.688" classname="testcases.productandservices.TC28PSRemittanceTrackerDetailsNavigation"/>
  <system-out/>
</testsuite> <!-- testcases.productandservices.TC28PSRemittanceTrackerDetailsNavigation -->
