<?xml version="1.0" encoding="UTF-8"?>
<!-- Generated by org.testng.reporters.JUnitReportReporter -->
<testsuite skipped="0" hostname="vairamuthu" name="testcases.managecards.ManageCardsBlockUnblockTypeDisplay" tests="1" failures="0" timestamp="06 Mar 2020 11:52:37 GMT" time="33.436" errors="0">
  <testcase name="ManageCardsBlockUnblockTypeDisplay" time="33.436" classname="testcases.managecards.ManageCardsBlockUnblockTypeDisplay"/>
</testsuite> <!-- testcases.managecards.ManageCardsBlockUnblockTypeDisplay -->
