<?xml version="1.0" encoding="UTF-8"?>
<!-- Generated by org.testng.reporters.JUnitReportReporter -->
<testsuite skipped="0" hostname="Lenovo-PC" name="testcases.accountbalance.TC09VerifyAccountBalModuleUsingAccountBalOfCorrectCASAAccount" tests="1" failures="0" timestamp="2020-05-04T13:15:23 IST" time="48.442" errors="0">
  <testcase name="AccountBalOfAccountType" time="48.442" classname="testcases.accountbalance.TC09VerifyAccountBalModuleUsingAccountBalOfCorrectCASAAccount"/>
  <system-out/>
</testsuite> <!-- testcases.accountbalance.TC09VerifyAccountBalModuleUsingAccountBalOfCorrectCASAAccount -->
