<?xml version="1.0" encoding="UTF-8"?>
<!-- Generated by org.testng.reporters.JUnitReportReporter -->
<testsuite skipped="0" hostname="Vikram-Vasu" name="testcases.managecards.TC10ManageCardsBlockSuccessfulMessage" tests="1" failures="0" timestamp="2020-05-08T01:46:40 IST" time="122.005" errors="0">
  <testcase name="ManageCardsBlockSuccessfulMessage" time="122.005" classname="testcases.managecards.TC10ManageCardsBlockSuccessfulMessage"/>
  <system-out/>
</testsuite> <!-- testcases.managecards.TC10ManageCardsBlockSuccessfulMessage -->
