<?xml version="1.0" encoding="UTF-8"?>
<!-- Generated by org.testng.reporters.JUnitReportReporter -->
<testsuite skipped="0" hostname="Lenovo-PC" name="testcases.recharge.TC31VerifyUserAbleToRechargeUsingAccountNameSupportedIntents" tests="5" failures="0" timestamp="2020-05-05T16:34:50 IST" time="205.650" errors="0">
  <testcase name="AccountNameIntentOneForRecharge" time="40.908" classname="testcases.recharge.TC31VerifyUserAbleToRechargeUsingAccountNameSupportedIntents"/>
  <system-out/>
  <testcase name="AccountNameIntentTwoForRecharge" time="40.950" classname="testcases.recharge.TC31VerifyUserAbleToRechargeUsingAccountNameSupportedIntents"/>
  <system-out/>
  <testcase name="AccountNameIntentThreeForRecharge" time="40.709" classname="testcases.recharge.TC31VerifyUserAbleToRechargeUsingAccountNameSupportedIntents"/>
  <system-out/>
  <testcase name="AccountNameIntentFourForRecharge" time="41.894" classname="testcases.recharge.TC31VerifyUserAbleToRechargeUsingAccountNameSupportedIntents"/>
  <system-out/>
  <testcase name="AccountNameIntentFiveForRecharge" time="41.189" classname="testcases.recharge.TC31VerifyUserAbleToRechargeUsingAccountNameSupportedIntents"/>
  <system-out/>
</testsuite> <!-- testcases.recharge.TC31VerifyUserAbleToRechargeUsingAccountNameSupportedIntents -->
