<?xml version="1.0" encoding="UTF-8"?>
<!-- Generated by org.testng.reporters.JUnitReportReporter -->
<testsuite skipped="0" hostname="Lenovo-PC" name="testcases.locator.TC16VerifyUserAbleToViewHoursForTheSearchedBranch" tests="1" failures="0" timestamp="2020-05-04T17:29:24 IST" time="70.997" errors="0">
  <testcase name="userAbleToViewHoursForTheSearchedBranches" time="70.997" classname="testcases.locator.TC16VerifyUserAbleToViewHoursForTheSearchedBranch"/>
  <system-out/>
</testsuite> <!-- testcases.locator.TC16VerifyUserAbleToViewHoursForTheSearchedBranch -->
