<?xml version="1.0" encoding="UTF-8"?>
<!-- Generated by org.testng.reporters.JUnitReportReporter -->
<testsuite skipped="0" hostname="Lenovo-PC" name="testcases.accountbalance.TC21VerifyValidationMessageForUserNotHavingCreditCard" tests="1" failures="0" timestamp="2020-05-04T13:15:23 IST" time="52.518" errors="0">
  <testcase name="ResponseForUserNotHavingCreditCard" time="52.518" classname="testcases.accountbalance.TC21VerifyValidationMessageForUserNotHavingCreditCard"/>
  <system-out/>
</testsuite> <!-- testcases.accountbalance.TC21VerifyValidationMessageForUserNotHavingCreditCard -->
