<?xml version="1.0" encoding="UTF-8"?>
<!-- Generated by org.testng.reporters.JUnitReportReporter -->
<testsuite skipped="0" hostname="Lenovo-PC" name="testcases.applynow.TC02VerifyUserAbleToClickApplyNow" tests="1" failures="0" timestamp="2020-04-20T23:32:48 IST" time="44.914" errors="0">
  <testcase name="clickApplyNow" time="44.914" classname="testcases.applynow.TC02VerifyUserAbleToClickApplyNow"/>
  <system-out/>
</testsuite> <!-- testcases.applynow.TC02VerifyUserAbleToClickApplyNow -->
