<?xml version="1.0" encoding="UTF-8"?>
<!-- Generated by org.testng.reporters.JUnitReportReporter -->
<testsuite skipped="0" hostname="Vikram-Vasu" name="testcases.productandservices.TC20PSDBEnrollUsingACardInstruction" tests="1" failures="0" timestamp="2020-05-07T13:36:06 IST" time="78.222" errors="0">
  <testcase name="EnrollUsingACardInstruction" time="78.222" classname="testcases.productandservices.TC20PSDBEnrollUsingACardInstruction"/>
  <system-out/>
</testsuite> <!-- testcases.productandservices.TC20PSDBEnrollUsingACardInstruction -->
