<?xml version="1.0" encoding="UTF-8"?>
<!-- Generated by org.testng.reporters.JUnitReportReporter -->
<testsuite skipped="0" hostname="Vikram-Vasu" name="testcases.productandservices.TC06PSListofRemittanceSubMenuCheck" tests="1" failures="0" timestamp="2020-05-07T13:36:06 IST" time="50.886" errors="0">
  <testcase name="ListofRemittanceSubMenuCheck" time="50.886" classname="testcases.productandservices.TC06PSListofRemittanceSubMenuCheck"/>
  <system-out/>
</testsuite> <!-- testcases.productandservices.TC06PSListofRemittanceSubMenuCheck -->
