<?xml version="1.0" encoding="UTF-8"?>
<!-- Generated by org.testng.reporters.JUnitReportReporter -->
<testsuite skipped="0" hostname="Vikram-Vasu" name="testcases.fundtransfer.ownaccount.TC11FundTransferSelecttheFromAccountsFromthelistofAccounts" tests="1" failures="0" timestamp="2020-05-07T11:15:34 IST" time="65.672" errors="0">
  <testcase name="FundTransferSelecttheFromAccountsFromthelistofAccounts" time="65.672" classname="testcases.fundtransfer.ownaccount.TC11FundTransferSelecttheFromAccountsFromthelistofAccounts"/>
  <system-out/>
</testsuite> <!-- testcases.fundtransfer.ownaccount.TC11FundTransferSelecttheFromAccountsFromthelistofAccounts -->
