<?xml version="1.0" encoding="UTF-8"?>
<!-- Generated by org.testng.reporters.JUnitReportReporter -->
<testsuite skipped="0" hostname="Vikram-Vasu" name="testcases.managecards.TC21ManageCardsBlockCreditCardWhenUserhaveOneCreditcard" tests="1" failures="0" timestamp="2020-05-08T01:46:39 IST" time="99.250" errors="0">
  <testcase name="ManageCardsBlockCreditCard" time="99.250" classname="testcases.managecards.TC21ManageCardsBlockCreditCardWhenUserhaveOneCreditcard"/>
  <system-out/>
</testsuite> <!-- testcases.managecards.TC21ManageCardsBlockCreditCardWhenUserhaveOneCreditcard -->
