<?xml version="1.0" encoding="UTF-8"?>
<!-- Generated by org.testng.reporters.JUnitReportReporter -->
<testsuite skipped="0" hostname="Vikram-Vasu" name="testcases.productandservices.TC01PSListofSubMenuCheck" tests="1" failures="0" timestamp="2020-05-07T13:36:06 IST" time="57.268" errors="0">
  <testcase name="ListofSubMenuCheck" time="57.268" classname="testcases.productandservices.TC01PSListofSubMenuCheck"/>
  <system-out/>
</testsuite> <!-- testcases.productandservices.TC01PSListofSubMenuCheck -->
