<?xml version="1.0" encoding="UTF-8"?>
<!-- Generated by org.testng.reporters.JUnitReportReporter -->
<testsuite skipped="0" hostname="vairamuthu" name="testcases.Login_ConBank" tests="1" failures="0" timestamp="18 Feb 2020 05:40:29 GMT" time="25.471" errors="0">
  <testcase name="Login" time="25.471" classname="testcases.Login_ConBank"/>
</testsuite> <!-- testcases.Login_ConBank -->
