<?xml version="1.0" encoding="UTF-8"?>
<!-- Generated by org.testng.reporters.JUnitReportReporter -->
<testsuite skipped="0" hostname="vairamuthu" name="ZephyrandZapicalls.CreateCycle" tests="1" failures="0" timestamp="14 Feb 2020 12:44:09 GMT" time="1.464" errors="0">
  <testcase name="CreateCycle" time="1.464" classname="ZephyrandZapicalls.CreateCycle"/>
</testsuite> <!-- ZephyrandZapicalls.CreateCycle -->
