<?xml version="1.0" encoding="UTF-8"?>
<!-- Generated by org.testng.reporters.JUnitReportReporter -->
<testsuite skipped="0" hostname="Lenovo-PC" name="testcases.recharge.TC15VerifyValidationMesageFor2InvalidInputForAccount" tests="1" failures="0" timestamp="2020-05-05T16:34:50 IST" time="72.160" errors="0">
  <testcase name="Invalid2AccountForRecharge" time="72.160" classname="testcases.recharge.TC15VerifyValidationMesageFor2InvalidInputForAccount"/>
  <system-out/>
</testsuite> <!-- testcases.recharge.TC15VerifyValidationMesageFor2InvalidInputForAccount -->
