<?xml version="1.0" encoding="UTF-8"?>
<!-- Generated by org.testng.reporters.JUnitReportReporter -->
<testsuite skipped="0" hostname="Vikram-Vasu" name="testcases.viewtransaction.TC26ViewTransactionUserBlockedCreditCard" tests="1" failures="0" timestamp="2020-05-08T09:38:12 IST" time="54.717" errors="0">
  <testcase name="ViewTransactionCASAaccountUtterance" time="54.717" classname="testcases.viewtransaction.TC26ViewTransactionUserBlockedCreditCard"/>
  <system-out/>
</testsuite> <!-- testcases.viewtransaction.TC26ViewTransactionUserBlockedCreditCard -->
