<?xml version="1.0" encoding="UTF-8"?>
<!-- Generated by org.testng.reporters.JUnitReportReporter -->
<testsuite skipped="0" hostname="Lenovo-PC" name="testcases.statementrequest.TC14Verify2InvalidAttemptsForWrongMonth" tests="1" failures="0" timestamp="2020-05-05T20:25:34 IST" time="78.348" errors="0">
  <testcase name="VerifyResponseFor2InvalidMonth" time="78.348" classname="testcases.statementrequest.TC14Verify2InvalidAttemptsForWrongMonth"/>
  <system-out/>
</testsuite> <!-- testcases.statementrequest.TC14Verify2InvalidAttemptsForWrongMonth -->
