<?xml version="1.0" encoding="UTF-8"?>
<!-- Generated by org.testng.reporters.JUnitReportReporter -->
<testsuite skipped="0" hostname="vairamuthu" name="testcases.managecards.ManageCardsCardSelection" tests="1" failures="0" timestamp="06 Mar 2020 11:52:37 GMT" time="42.551" errors="0">
  <testcase name="ManageCardsCardSelection" time="42.551" classname="testcases.managecards.ManageCardsCardSelection"/>
</testsuite> <!-- testcases.managecards.ManageCardsCardSelection -->
