<?xml version="1.0" encoding="UTF-8"?>
<!-- Generated by org.testng.reporters.JUnitReportReporter -->
<testsuite skipped="0" hostname="Lenovo-PC" name="testcases.recharge.TC28_VerifyUserAbleToSelectOtherOperators" tests="1" failures="0" timestamp="2020-05-05T16:34:50 IST" time="69.958" errors="0">
  <testcase name="selectOtherOperator" time="69.958" classname="testcases.recharge.TC28_VerifyUserAbleToSelectOtherOperators"/>
  <system-out/>
</testsuite> <!-- testcases.recharge.TC28_VerifyUserAbleToSelectOtherOperators -->
