<?xml version="1.0" encoding="UTF-8"?>
<!-- Generated by org.testng.reporters.JUnitReportReporter -->
<testsuite skipped="0" hostname="Lenovo-PC" name="testcases.recharge.TC36VerifyUserAbleToViewValidationMessageForTwoCosecutiveWrongAccountTypes" tests="1" failures="0" timestamp="2020-05-05T16:34:50 IST" time="74.603" errors="0">
  <testcase name="wrongAccountTypeTwice" time="74.603" classname="testcases.recharge.TC36VerifyUserAbleToViewValidationMessageForTwoCosecutiveWrongAccountTypes"/>
  <system-out/>
</testsuite> <!-- testcases.recharge.TC36VerifyUserAbleToViewValidationMessageForTwoCosecutiveWrongAccountTypes -->
