<?xml version="1.0" encoding="UTF-8"?>
<!-- Generated by org.testng.reporters.JUnitReportReporter -->
<testsuite skipped="0" hostname="vairamuthu" name="testcases.chequebookrequest.ChequeBookRequestWrongInputTwiceWhileSelectingAccount" tests="1" failures="0" timestamp="06 Mar 2020 11:52:37 GMT" time="47.419" errors="0">
  <testcase name="ChequeBookRequestWrongInputTwiceWhileSelectingAccount" time="47.419" classname="testcases.chequebookrequest.ChequeBookRequestWrongInputTwiceWhileSelectingAccount"/>
</testsuite> <!-- testcases.chequebookrequest.ChequeBookRequestWrongInputTwiceWhileSelectingAccount -->
