<?xml version="1.0" encoding="UTF-8"?>
<!-- Generated by org.testng.reporters.JUnitReportReporter -->
<testsuite skipped="0" hostname="Vikram-Vasu" name="testcases.managecards.TC01ManageCardIconCheck" tests="1" failures="0" timestamp="2020-05-08T01:46:39 IST" time="19.321" errors="0">
  <testcase name="ManageCardIconCheck" time="19.321" classname="testcases.managecards.TC01ManageCardIconCheck"/>
  <system-out/>
</testsuite> <!-- testcases.managecards.TC01ManageCardIconCheck -->
