<?xml version="1.0" encoding="UTF-8"?>
<!-- Generated by org.testng.reporters.JUnitReportReporter -->
<testsuite skipped="0" hostname="Vikram-Vasu" name="testcases.managecards.TC04ManageCardsUsingText" tests="1" failures="0" timestamp="2020-05-08T01:46:40 IST" time="44.732" errors="0">
  <testcase name="ManageCardsUsingText" time="44.732" classname="testcases.managecards.TC04ManageCardsUsingText"/>
  <system-out/>
</testsuite> <!-- testcases.managecards.TC04ManageCardsUsingText -->
