<?xml version="1.0" encoding="UTF-8"?>
<!-- Generated by org.testng.reporters.JUnitReportReporter -->
<testsuite skipped="0" hostname="Vikram-Vasu" name="testcases.productandservices.TC30PSBranchATMLocationFindanATM" tests="1" failures="0" timestamp="2020-05-07T13:36:06 IST" time="94.397" errors="0">
  <testcase name="BranchATMLocationFindanATM" time="94.397" classname="testcases.productandservices.TC30PSBranchATMLocationFindanATM"/>
  <system-out/>
</testsuite> <!-- testcases.productandservices.TC30PSBranchATMLocationFindanATM -->
