<?xml version="1.0" encoding="UTF-8"?>
<!-- Generated by org.testng.reporters.JUnitReportReporter -->
<testsuite skipped="0" hostname="Lenovo-PC" name="testcases.paycreditcard.TC46PayOtherAmount" tests="1" failures="0" timestamp="2020-05-01T16:47:14 IST" time="56.784" errors="0">
  <testcase name="PayCreditCardPayUtteranceBase" time="56.784" classname="testcases.paycreditcard.TC46PayOtherAmount"/>
  <system-out/>
</testsuite> <!-- testcases.paycreditcard.TC46PayOtherAmount -->
