<?xml version="1.0" encoding="UTF-8"?>
<!-- Generated by org.testng.reporters.JUnitReportReporter -->
<testsuite skipped="0" hostname="Lenovo-PC" name="testcases.recharge.TC07VerifyUserAbleToEnterTheMobileNumber" tests="1" failures="0" timestamp="2020-05-05T16:34:50 IST" time="62.373" errors="0">
  <testcase name="EnterMobieNumberForRecharge" time="62.373" classname="testcases.recharge.TC07VerifyUserAbleToEnterTheMobileNumber"/>
  <system-out/>
</testsuite> <!-- testcases.recharge.TC07VerifyUserAbleToEnterTheMobileNumber -->
