<?xml version="1.0" encoding="UTF-8"?>
<!-- Generated by org.testng.reporters.JUnitReportReporter -->
<testsuite skipped="0" hostname="vairamuthu" name="testcases.managecards.ManageCardsUnblockCardSelection" tests="1" failures="0" timestamp="09 Mar 2020 14:10:11 GMT" time="121.714" errors="0">
  <testcase name="ManageCardsUnblockCardSelection" time="121.714" classname="testcases.managecards.ManageCardsUnblockCardSelection"/>
</testsuite> <!-- testcases.managecards.ManageCardsUnblockCardSelection -->
