<?xml version="1.0" encoding="UTF-8"?>
<!-- Generated by org.testng.reporters.JUnitReportReporter -->
<testsuite skipped="0" hostname="Lenovo-PC" name="testcases.paycreditcard.TC36PayCreditCardPayUtteranceBasedOnAmount" tests="1" failures="0" timestamp="2020-05-01T16:47:14 IST" time="49.531" errors="0">
  <testcase name="PayCreditCardPayPlatinumRewardsOtherAmount" time="49.531" classname="testcases.paycreditcard.TC36PayCreditCardPayUtteranceBasedOnAmount"/>
  <system-out/>
</testsuite> <!-- testcases.paycreditcard.TC36PayCreditCardPayUtteranceBasedOnAmount -->
