<?xml version="1.0" encoding="UTF-8"?>
<!-- Generated by org.testng.reporters.JUnitReportReporter -->
<testsuite skipped="0" hostname="vairamuthu" name="testcases.managecards.ManageCardsClickUnblockButton" tests="1" failures="0" timestamp="09 Mar 2020 13:49:51 GMT" time="34.354" errors="0">
  <testcase name="ManageCardsClickUnblockButton" time="34.354" classname="testcases.managecards.ManageCardsClickUnblockButton"/>
</testsuite> <!-- testcases.managecards.ManageCardsClickUnblockButton -->
