<?xml version="1.0" encoding="UTF-8"?>
<!-- Generated by org.testng.reporters.JUnitReportReporter -->
<testsuite skipped="0" hostname="Lenovo-PC" name="testcases.recharge.TC29_VerifyValidationMessageForInvalidOperatorInputFromUser" tests="1" failures="0" timestamp="2020-05-05T16:34:50 IST" time="74.218" errors="0">
  <testcase name="giveWrongOperator" time="74.218" classname="testcases.recharge.TC29_VerifyValidationMessageForInvalidOperatorInputFromUser"/>
  <system-out/>
</testsuite> <!-- testcases.recharge.TC29_VerifyValidationMessageForInvalidOperatorInputFromUser -->
