<?xml version="1.0" encoding="UTF-8"?>
<!-- Generated by org.testng.reporters.JUnitReportReporter -->
<testsuite skipped="0" hostname="Lenovo-PC" name="testcases.statementrequest.TC09ViewTheStatementDownloadResponseForTheMonth" tests="5" failures="0" timestamp="2020-05-05T20:25:33 IST" time="266.824" errors="0">
  <testcase name="viewDownloadTextForUltimateCardAccount" time="52.613" classname="testcases.statementrequest.TC09ViewTheStatementDownloadResponseForTheMonth"/>
  <system-out/>
  <testcase name="viewDownloadTextForPlatinumRewardsAccount" time="52.991" classname="testcases.statementrequest.TC09ViewTheStatementDownloadResponseForTheMonth"/>
  <system-out/>
  <testcase name="viewDownloadTextForSuperValueAccount" time="53.763" classname="testcases.statementrequest.TC09ViewTheStatementDownloadResponseForTheMonth"/>
  <system-out/>
  <testcase name="viewDownloadTextForaXcessPlusAccount" time="53.670" classname="testcases.statementrequest.TC09ViewTheStatementDownloadResponseForTheMonth"/>
  <system-out/>
  <testcase name="viewDownloadTextForRegularCurrentAccount" time="53.787" classname="testcases.statementrequest.TC09ViewTheStatementDownloadResponseForTheMonth"/>
  <system-out/>
</testsuite> <!-- testcases.statementrequest.TC09ViewTheStatementDownloadResponseForTheMonth -->
