<?xml version="1.0" encoding="UTF-8"?>
<!-- Generated by org.testng.reporters.JUnitReportReporter -->
<testsuite skipped="0" hostname="Lenovo-PC" name="testcases.locator.TC04VerifyLocatorIconIsClickableAfterLoginFromWelcomePrompt" tests="1" failures="0" timestamp="2020-05-04T17:29:25 IST" time="46.919" errors="0">
  <testcase name="clickLocatorIconFromWelcomeScreenAfterLogin" time="46.919" classname="testcases.locator.TC04VerifyLocatorIconIsClickableAfterLoginFromWelcomePrompt"/>
  <system-out/>
</testsuite> <!-- testcases.locator.TC04VerifyLocatorIconIsClickableAfterLoginFromWelcomePrompt -->
