<?xml version="1.0" encoding="UTF-8"?>
<!-- Generated by org.testng.reporters.JUnitReportReporter -->
<testsuite skipped="0" hostname="Lenovo-PC" name="testcases.chequebookrequest.TC12ChequeBookRequestIsthereanythingelseinSuccesfulMessageCheck" tests="1" failures="0" timestamp="2020-05-06T01:10:31 IST" time="73.717" errors="0">
  <testcase name="ChequeBookRequestIsthereanythingelseinSuccesfulMessageCheck" time="73.717" classname="testcases.chequebookrequest.TC12ChequeBookRequestIsthereanythingelseinSuccesfulMessageCheck"/>
  <system-out/>
</testsuite> <!-- testcases.chequebookrequest.TC12ChequeBookRequestIsthereanythingelseinSuccesfulMessageCheck -->
