<?xml version="1.0" encoding="UTF-8"?>
<!-- Generated by org.testng.reporters.JUnitReportReporter -->
<testsuite skipped="0" hostname="Lenovo-PC" name="testcases.recharge.JIRA_TC13_ValidateIfUserSelectsWrongOperator" tests="1" failures="0" timestamp="2020-04-06T14:46:56 IST" time="86.880" errors="0">
  <testcase name="giveWrongOperator" time="86.880" classname="testcases.recharge.JIRA_TC13_ValidateIfUserSelectsWrongOperator"/>
  <system-out/>
</testsuite> <!-- testcases.recharge.JIRA_TC13_ValidateIfUserSelectsWrongOperator -->
