<?xml version="1.0" encoding="UTF-8"?>
<!-- Generated by org.testng.reporters.JUnitReportReporter -->
<testsuite skipped="0" hostname="Lenovo-PC" name="testcases.accountbalance.TC15VerifyAccountBalUsingAccountNumberEndingUtterance" tests="1" failures="0" timestamp="2020-05-04T13:15:23 IST" time="47.836" errors="0">
  <testcase name="AccountBalOfAccountNumberEnding" time="47.836" classname="testcases.accountbalance.TC15VerifyAccountBalUsingAccountNumberEndingUtterance"/>
  <system-out/>
</testsuite> <!-- testcases.accountbalance.TC15VerifyAccountBalUsingAccountNumberEndingUtterance -->
