<?xml version="1.0" encoding="UTF-8"?>
<!-- Generated by org.testng.reporters.JUnitReportReporter -->
<testsuite skipped="0" hostname="Vikram-Vasu" name="testcases.productandservices.TC10PSListofChooseAnAccountSubMenuCheck" tests="1" failures="0" timestamp="2020-05-07T13:36:06 IST" time="51.854" errors="0">
  <testcase name="TC10PSListofChooseAnAcccountSubMenuCheck" time="51.854" classname="testcases.productandservices.TC10PSListofChooseAnAccountSubMenuCheck"/>
  <system-out/>
</testsuite> <!-- testcases.productandservices.TC10PSListofChooseAnAccountSubMenuCheck -->
