<?xml version="1.0" encoding="UTF-8"?>
<!-- Generated by org.testng.reporters.JUnitReportReporter -->
<testsuite skipped="0" hostname="Vikram-Vasu" name="testcases.managecards.ManageCardsValidaitonMessageDisplayforUserNOThavingCardstoUnblock" tests="1" failures="0" timestamp="2020-05-08T01:46:39 IST" time="56.885" errors="0">
  <testcase name="ManageCardsValidaitonMessageDisplayforUserNOThavingCardstooUnblock" time="56.885" classname="testcases.managecards.ManageCardsValidaitonMessageDisplayforUserNOThavingCardstoUnblock"/>
  <system-out/>
</testsuite> <!-- testcases.managecards.ManageCardsValidaitonMessageDisplayforUserNOThavingCardstoUnblock -->
