<?xml version="1.0" encoding="UTF-8"?>
<!-- Generated by org.testng.reporters.JUnitReportReporter -->
<testsuite skipped="0" hostname="Vikram-Vasu" name="testcases.managecards.TC03ManageCardsIconClickAfterLogin" tests="1" failures="0" timestamp="2020-05-08T01:46:40 IST" time="39.698" errors="0">
  <testcase name="ManageCardIconClickWithoutLogin" time="39.698" classname="testcases.managecards.TC03ManageCardsIconClickAfterLogin"/>
  <system-out/>
</testsuite> <!-- testcases.managecards.TC03ManageCardsIconClickAfterLogin -->
