<?xml version="1.0" encoding="UTF-8"?>
<!-- Generated by org.testng.reporters.JUnitReportReporter -->
<testsuite skipped="0" hostname="vairamuthu" name="testcases.managecards.ManageCardIconCheck" tests="1" failures="0" timestamp="06 Mar 2020 11:52:37 GMT" time="15.646" errors="0">
  <testcase name="ManageCardIconCheck" time="15.646" classname="testcases.managecards.ManageCardIconCheck"/>
</testsuite> <!-- testcases.managecards.ManageCardIconCheck -->
