<?xml version="1.0" encoding="UTF-8"?>
<!-- Generated by org.testng.reporters.JUnitReportReporter -->
<testsuite skipped="0" hostname="Vikram-Vasu" name="testcases.managecards.TC17ManageCardsTwoConsecutiveWrongEntryinCardstoblockselection" tests="1" failures="0" timestamp="2020-05-08T01:46:40 IST" time="76.879" errors="0">
  <testcase name="ManageCardsTwoConsecutiveWrongEntryinCardstoblockselection" time="76.879" classname="testcases.managecards.TC17ManageCardsTwoConsecutiveWrongEntryinCardstoblockselection"/>
  <system-out/>
</testsuite> <!-- testcases.managecards.TC17ManageCardsTwoConsecutiveWrongEntryinCardstoblockselection -->
