<?xml version="1.0" encoding="UTF-8"?>
<!-- Generated by org.testng.reporters.JUnitReportReporter -->
<testsuite skipped="0" hostname="Lenovo-PC" name="testcases.locator.TC05VerifyUserAbleToSelectLocatorType" tests="1" failures="0" timestamp="2020-05-04T17:29:24 IST" time="55.068" errors="0">
  <testcase name="selectLocatorTypeAfterLogin" time="55.068" classname="testcases.locator.TC05VerifyUserAbleToSelectLocatorType"/>
  <system-out/>
</testsuite> <!-- testcases.locator.TC05VerifyUserAbleToSelectLocatorType -->
