<?xml version="1.0" encoding="UTF-8"?>
<!-- Generated by org.testng.reporters.JUnitReportReporter -->
<testsuite skipped="0" hostname="Lenovo-PC" name="testcases.recharge.TC18VerifyUserAbleToEnterWrongInoutForTheMobileOperator" tests="1" failures="0" timestamp="2020-04-02T23:37:22 IST" time="56.334" errors="0">
  <testcase name="wrongOperatorInputForRecharge" time="56.334" classname="testcases.recharge.TC18VerifyUserAbleToEnterWrongInoutForTheMobileOperator"/>
  <system-out/>
</testsuite> <!-- testcases.recharge.TC18VerifyUserAbleToEnterWrongInoutForTheMobileOperator -->
