<?xml version="1.0" encoding="UTF-8"?>
<!-- Generated by org.testng.reporters.JUnitReportReporter -->
<testsuite skipped="0" hostname="Vikram-Vasu" name="testcases.fundtransfer.ownaccount.TC23FundTransferTransferfromCreditAccounts" tests="1" failures="0" timestamp="2020-05-07T11:15:34 IST" time="68.010" errors="0">
  <testcase name="FundTransferTransferfromCreditAccounts" time="68.010" classname="testcases.fundtransfer.ownaccount.TC23FundTransferTransferfromCreditAccounts"/>
  <system-out/>
</testsuite> <!-- testcases.fundtransfer.ownaccount.TC23FundTransferTransferfromCreditAccounts -->
