<?xml version="1.0" encoding="UTF-8"?>
<!-- Generated by org.testng.reporters.JUnitReportReporter -->
<testsuite skipped="0" hostname="Lenovo-PC" name="testcases.locator.TC17VerifyValidationMsgOfATMsForTheWrongInput" tests="1" failures="0" timestamp="2020-05-04T17:29:25 IST" time="58.903" errors="0">
  <testcase name="viewValidationMsgOfATMforWrongInput" time="58.903" classname="testcases.locator.TC17VerifyValidationMsgOfATMsForTheWrongInput"/>
  <system-out/>
</testsuite> <!-- testcases.locator.TC17VerifyValidationMsgOfATMsForTheWrongInput -->
