<?xml version="1.0" encoding="UTF-8"?>
<!-- Generated by org.testng.reporters.JUnitReportReporter -->
<testsuite skipped="0" hostname="Lenovo-PC" name="testcases.paycreditcard.TC04ClickPayCreditCardwithLoginfromWelcomeScreen" tests="1" failures="0" timestamp="2020-05-01T16:47:14 IST" time="38.703" errors="0">
  <testcase name="ClickPayCreditCardWithLogin" time="38.703" classname="testcases.paycreditcard.TC04ClickPayCreditCardwithLoginfromWelcomeScreen"/>
  <system-out/>
</testsuite> <!-- testcases.paycreditcard.TC04ClickPayCreditCardwithLoginfromWelcomeScreen -->
