<?xml version="1.0" encoding="UTF-8"?>
<!-- Generated by org.testng.reporters.JUnitReportReporter -->
<testsuite skipped="0" hostname="vairamuthu" name="testcases.chequebookrequest.ChequeBookRequestWrongInputWhileSelectingAccount8" tests="1" failures="0" timestamp="06 Mar 2020 11:52:37 GMT" time="41.192" errors="0">
  <testcase name="ChequeBookRequestWrongInputWhileSelectingAccount" time="41.192" classname="testcases.chequebookrequest.ChequeBookRequestWrongInputWhileSelectingAccount8"/>
</testsuite> <!-- testcases.chequebookrequest.ChequeBookRequestWrongInputWhileSelectingAccount8 -->
