<?xml version="1.0" encoding="UTF-8"?>
<!-- Generated by org.testng.reporters.JUnitReportReporter -->
<testsuite skipped="0" hostname="vairamuthu" name="testcases.chequebookrequest.ChequeBookRequestWrongInputWhileSelectingAccount10" tests="1" failures="0" timestamp="06 Mar 2020 11:52:37 GMT" time="40.784" errors="0">
  <testcase name="ChequeBookRequestWrongInputWhileSelectingAccount" time="40.784" classname="testcases.chequebookrequest.ChequeBookRequestWrongInputWhileSelectingAccount10"/>
</testsuite> <!-- testcases.chequebookrequest.ChequeBookRequestWrongInputWhileSelectingAccount10 -->
