<?xml version="1.0" encoding="UTF-8"?>
<!-- Generated by org.testng.reporters.JUnitReportReporter -->
<testsuite skipped="0" hostname="vairamuthu" name="testcases.managecards.ManageCardsTwoConsecutiveWrongEntryinCardstoblockselection" tests="1" failures="0" timestamp="06 Mar 2020 11:52:37 GMT" time="52.509" errors="0">
  <testcase name="ManageCardsTwoConsecutiveWrongEntryinCardstoblockselection" time="52.509" classname="testcases.managecards.ManageCardsTwoConsecutiveWrongEntryinCardstoblockselection"/>
</testsuite> <!-- testcases.managecards.ManageCardsTwoConsecutiveWrongEntryinCardstoblockselection -->
