<?xml version="1.0" encoding="UTF-8"?>
<!-- Generated by org.testng.reporters.JUnitReportReporter -->
<testsuite skipped="0" hostname="Vikram-Vasu" name="testcases.fundtransfer.ownaccount.TC51FundTransferTwoInvalidFromAccountSelection" tests="1" failures="0" timestamp="2020-05-07T11:15:34 IST" time="68.416" errors="0">
  <testcase name="FundTransferWrongFromAccountSelection" time="68.416" classname="testcases.fundtransfer.ownaccount.TC51FundTransferTwoInvalidFromAccountSelection"/>
  <system-out/>
</testsuite> <!-- testcases.fundtransfer.ownaccount.TC51FundTransferTwoInvalidFromAccountSelection -->
