<?xml version="1.0" encoding="UTF-8"?>
<!-- Generated by org.testng.reporters.JUnitReportReporter -->
<testsuite skipped="0" hostname="Lenovo-PC" name="testcases.statementrequest.TC03SRIconDisplay" tests="1" failures="0" timestamp="2020-05-05T20:25:32 IST" time="21.229" errors="0">
  <testcase name="StatementRequestIconDisplay" time="21.229" classname="testcases.statementrequest.TC03SRIconDisplay"/>
  <system-out/>
</testsuite> <!-- testcases.statementrequest.TC03SRIconDisplay -->
