<?xml version="1.0" encoding="UTF-8"?>
<!-- Generated by org.testng.reporters.JUnitReportReporter -->
<testsuite skipped="0" hostname="Vikram-Vasu" name="testcases.managecards.TC18ManageCardsInvalidinputwhileBlockConfirmationMessage" tests="1" failures="0" timestamp="2020-05-08T01:46:40 IST" time="71.881" errors="0">
  <testcase name="ManageCardsInvalidinputwhileBlockConfirmationMessage" time="71.881" classname="testcases.managecards.TC18ManageCardsInvalidinputwhileBlockConfirmationMessage"/>
  <system-out/>
</testsuite> <!-- testcases.managecards.TC18ManageCardsInvalidinputwhileBlockConfirmationMessage -->
