<?xml version="1.0" encoding="UTF-8"?>
<!-- Generated by org.testng.reporters.JUnitReportReporter -->
<testsuite skipped="0" hostname="Vikram-Vasu" name="testcases.managecards.TC08ManageCardsCardSelectionByText" tests="1" failures="0" timestamp="2020-05-08T01:46:40 IST" time="63.169" errors="0">
  <testcase name="ManageCardsCardSelectionByText" time="63.169" classname="testcases.managecards.TC08ManageCardsCardSelectionByText"/>
  <system-out/>
</testsuite> <!-- testcases.managecards.TC08ManageCardsCardSelectionByText -->
