<?xml version="1.0" encoding="UTF-8"?>
<!-- Generated by org.testng.reporters.JUnitReportReporter -->
<testsuite skipped="0" hostname="vairamuthu" name="testcases.chequebookrequest.ChequeBookRequestTextAfterLogin" tests="1" failures="0" timestamp="06 Mar 2020 11:52:37 GMT" time="27.554" errors="0">
  <testcase name="ChequeBookRequestTextAfterLogin" time="27.554" classname="testcases.chequebookrequest.ChequeBookRequestTextAfterLogin"/>
</testsuite> <!-- testcases.chequebookrequest.ChequeBookRequestTextAfterLogin -->
