<?xml version="1.0" encoding="UTF-8"?>
<!-- Generated by org.testng.reporters.JUnitReportReporter -->
<testsuite skipped="0" hostname="Lenovo-PC" name="testcases.locator.TC07erifyUserAbleToViewListOfAllATMsForTheAddress" tests="1" failures="0" timestamp="2020-04-20T17:47:59 IST" time="100.408" errors="0">
  <testcase name="userAbleToViewAllATMs" time="100.408" classname="testcases.locator.TC07erifyUserAbleToViewListOfAllATMsForTheAddress"/>
  <system-out/>
</testsuite> <!-- testcases.locator.TC07erifyUserAbleToViewListOfAllATMsForTheAddress -->
