<?xml version="1.0" encoding="UTF-8"?>
<!-- Generated by org.testng.reporters.JUnitReportReporter -->
<testsuite skipped="0" hostname="Lenovo-PC" name="testcases.statementrequest.TC08StatementRequestSelectionOfMonthsFromList" tests="5" failures="0" timestamp="2020-05-05T20:25:33 IST" time="255.106" errors="0">
  <testcase name="SelectMonthForUltimateCardAccount" time="54.698" classname="testcases.statementrequest.TC08StatementRequestSelectionOfMonthsFromList"/>
  <system-out/>
  <testcase name="SelectMonthForPlatinumRewardsAccount" time="49.281" classname="testcases.statementrequest.TC08StatementRequestSelectionOfMonthsFromList"/>
  <system-out/>
  <testcase name="SelectMonthForSuperValueAccount" time="51.466" classname="testcases.statementrequest.TC08StatementRequestSelectionOfMonthsFromList"/>
  <system-out/>
  <testcase name="SelectMonthForaXcessPlusAccount" time="50.433" classname="testcases.statementrequest.TC08StatementRequestSelectionOfMonthsFromList"/>
  <system-out/>
  <testcase name="SelectMonthForRegularCurrentAccount" time="49.228" classname="testcases.statementrequest.TC08StatementRequestSelectionOfMonthsFromList"/>
  <system-out/>
</testsuite> <!-- testcases.statementrequest.TC08StatementRequestSelectionOfMonthsFromList -->
