<?xml version="1.0" encoding="UTF-8"?>
<!-- Generated by org.testng.reporters.JUnitReportReporter -->
<testsuite skipped="0" hostname="Lenovo-PC" name="testcases.statementrequest.TC39ResponseOfStatementRequestForAccountNumberGivenTwice" tests="1" failures="0" timestamp="2020-05-05T20:25:32 IST" time="51.459" errors="0">
  <testcase name="StatementRequestForAccountNumberGivenTwice" time="51.459" classname="testcases.statementrequest.TC39ResponseOfStatementRequestForAccountNumberGivenTwice"/>
  <system-out/>
</testsuite> <!-- testcases.statementrequest.TC39ResponseOfStatementRequestForAccountNumberGivenTwice -->
