<?xml version="1.0" encoding="UTF-8"?>
<!-- Generated by org.testng.reporters.JUnitReportReporter -->
<testsuite skipped="0" hostname="Lenovo-PC" name="testcases.paycreditcard.TC12PayCreditCardValidationMessageWhentheUserEntersWrongAccountName" tests="1" failures="0" timestamp="2020-05-01T16:47:14 IST" time="52.622" errors="0">
  <testcase name="PayCreditCardValidationMessageWhentheUserEntersWrongAccountName" time="52.622" classname="testcases.paycreditcard.TC12PayCreditCardValidationMessageWhentheUserEntersWrongAccountName"/>
  <system-out/>
</testsuite> <!-- testcases.paycreditcard.TC12PayCreditCardValidationMessageWhentheUserEntersWrongAccountName -->
