<?xml version="1.0" encoding="UTF-8"?>
<!-- Generated by org.testng.reporters.JUnitReportReporter -->
<testsuite skipped="0" hostname="vairamuthu" name="testcases.accountbalance.AccountBalanceSuperValueAccount" tests="2" failures="0" timestamp="19 Feb 2020 12:47:28 GMT" time="91.442" errors="0">
  <testcase name="AccountBalanceSuperValueAccount" time="39.543" classname="testcases.accountbalance.AccountBalanceSuperValueAccount"/>
  <testcase name="AccountBalanceRegularCurrentAccountChat" time="51.899" classname="testcases.accountbalance.AccountBalanceSuperValueAccount"/>
</testsuite> <!-- testcases.accountbalance.AccountBalanceSuperValueAccount -->
