<?xml version="1.0" encoding="UTF-8"?>
<!-- Generated by org.testng.reporters.JUnitReportReporter -->
<testsuite skipped="0" hostname="Lenovo-PC" name="testcases.statementrequest.TC28VerifyNoAccountAvailableResponseForUsersNotHavingCurrentAccount" tests="1" failures="0" timestamp="2020-05-05T20:25:33 IST" time="42.182" errors="0">
  <testcase name="VerifyNoAccountAvailableForNoCurrentAccountUser" time="42.182" classname="testcases.statementrequest.TC28VerifyNoAccountAvailableResponseForUsersNotHavingCurrentAccount"/>
  <system-out/>
</testsuite> <!-- testcases.statementrequest.TC28VerifyNoAccountAvailableResponseForUsersNotHavingCurrentAccount -->
