<?xml version="1.0" encoding="UTF-8"?>
<!-- Generated by org.testng.reporters.JUnitReportReporter -->
<testsuite skipped="0" hostname="vairamuthu" name="testcases.Login" tests="1" failures="0" timestamp="18 Feb 2020 10:32:55 GMT" time="24.990" errors="0">
  <testcase name="Login" time="24.990" classname="testcases.Login"/>
</testsuite> <!-- testcases.Login -->
