<?xml version="1.0" encoding="UTF-8"?>
<!-- Generated by org.testng.reporters.JUnitReportReporter -->
<testsuite skipped="0" hostname="Vikram-Vasu" name="testcases.viewtransaction.TC21ViewTransactionCardTypeDebitCard" tests="1" failures="0" timestamp="2020-05-08T09:38:12 IST" time="74.445" errors="0">
  <testcase name="ViewTransactionCASAaccountUtterance" time="74.445" classname="testcases.viewtransaction.TC21ViewTransactionCardTypeDebitCard"/>
  <system-out/>
</testsuite> <!-- testcases.viewtransaction.TC21ViewTransactionCardTypeDebitCard -->
