<?xml version="1.0" encoding="UTF-8"?>
<!-- Generated by org.testng.reporters.JUnitReportReporter -->
<testsuite skipped="0" hostname="Lenovo-PC" name="testcases.statementrequest.TC04StatementRequestSupportedIntents" tests="6" failures="0" timestamp="2020-05-05T20:25:34 IST" time="248.888" errors="0">
  <testcase name="StatementRequestVerifyIntentOne" time="44.539" classname="testcases.statementrequest.TC04StatementRequestSupportedIntents"/>
  <system-out/>
  <testcase name="StatementRequestVerifyIntentTwo" time="40.968" classname="testcases.statementrequest.TC04StatementRequestSupportedIntents"/>
  <system-out/>
  <testcase name="StatementRequestVerifyIntentThree" time="40.818" classname="testcases.statementrequest.TC04StatementRequestSupportedIntents"/>
  <system-out/>
  <testcase name="StatementRequestVerifyIntentFour" time="41.777" classname="testcases.statementrequest.TC04StatementRequestSupportedIntents"/>
  <system-out/>
  <testcase name="StatementRequestVerifyIntentFive" time="41.305" classname="testcases.statementrequest.TC04StatementRequestSupportedIntents"/>
  <system-out/>
  <testcase name="StatementRequestVerifyIntentSix" time="39.481" classname="testcases.statementrequest.TC04StatementRequestSupportedIntents"/>
  <system-out/>
</testsuite> <!-- testcases.statementrequest.TC04StatementRequestSupportedIntents -->
