<?xml version="1.0" encoding="UTF-8"?>
<!-- Generated by org.testng.reporters.JUnitReportReporter -->
<testsuite skipped="0" hostname="vairamuthu" name="testcases.managecards.ManageCardsBlockCancellationMessage" tests="1" failures="0" timestamp="06 Mar 2020 11:52:37 GMT" time="55.355" errors="0">
  <testcase name="ManageCardsBlockCancellationMessage" time="55.355" classname="testcases.managecards.ManageCardsBlockCancellationMessage"/>
</testsuite> <!-- testcases.managecards.ManageCardsBlockCancellationMessage -->
