<?xml version="1.0" encoding="UTF-8"?>
<!-- Generated by org.testng.reporters.JUnitReportReporter -->
<testsuite skipped="0" hostname="Lenovo-PC" name="testcases.locator.TC11VerifyUserAbleToViewListOfAllATMsForTheGivenArea" tests="1" failures="0" timestamp="2020-05-04T17:29:25 IST" time="62.131" errors="0">
  <testcase name="userAbleToViewAllATMsForGivenArea" time="62.131" classname="testcases.locator.TC11VerifyUserAbleToViewListOfAllATMsForTheGivenArea"/>
  <system-out/>
</testsuite> <!-- testcases.locator.TC11VerifyUserAbleToViewListOfAllATMsForTheGivenArea -->
