<?xml version="1.0" encoding="UTF-8"?>
<!-- Generated by org.testng.reporters.JUnitReportReporter -->
<testsuite skipped="0" hostname="vairamuthu" name="testcases.managecards.ManageCardsUnblockCardsSelectionbyText" tests="1" failures="0" timestamp="09 Mar 2020 14:17:12 GMT" time="56.895" errors="0">
  <testcase name="ManageCardsUnblockCardsSelectionbyText" time="56.895" classname="testcases.managecards.ManageCardsUnblockCardsSelectionbyText"/>
</testsuite> <!-- testcases.managecards.ManageCardsUnblockCardsSelectionbyText -->
