<?xml version="1.0" encoding="UTF-8"?>
<!-- Generated by org.testng.reporters.JUnitReportReporter -->
<testsuite skipped="0" hostname="Lenovo-PC" name="testcases.accountbalance.TC18VerifyValidationMessageForWrongCardNumberEndingUtterance" tests="1" failures="0" timestamp="2020-05-04T13:15:24 IST" time="51.920" errors="0">
  <testcase name="ResponseForWrongCardNumberEnding" time="51.920" classname="testcases.accountbalance.TC18VerifyValidationMessageForWrongCardNumberEndingUtterance"/>
  <system-out/>
</testsuite> <!-- testcases.accountbalance.TC18VerifyValidationMessageForWrongCardNumberEndingUtterance -->
