<?xml version="1.0" encoding="UTF-8"?>
<!-- Generated by org.testng.reporters.JUnitReportReporter -->
<testsuite skipped="0" hostname="Lenovo-PC" name="testcases.recharge.TC42VerifyUserAbleToRechargeUsingAccountNumberEndingSupportedIntents" tests="3" failures="0" timestamp="2020-05-05T16:34:50 IST" time="123.473" errors="0">
  <testcase name="AccountNumberEndingIntentOne" time="41.138" classname="testcases.recharge.TC42VerifyUserAbleToRechargeUsingAccountNumberEndingSupportedIntents"/>
  <system-out/>
  <testcase name="AccountNumberEndingIntentTwo" time="41.738" classname="testcases.recharge.TC42VerifyUserAbleToRechargeUsingAccountNumberEndingSupportedIntents"/>
  <system-out/>
  <testcase name="AccountNumberEndingIntentThree" time="40.597" classname="testcases.recharge.TC42VerifyUserAbleToRechargeUsingAccountNumberEndingSupportedIntents"/>
  <system-out/>
</testsuite> <!-- testcases.recharge.TC42VerifyUserAbleToRechargeUsingAccountNumberEndingSupportedIntents -->
