<?xml version="1.0" encoding="UTF-8"?>
<!-- Generated by org.testng.reporters.JUnitReportReporter -->
<testsuite skipped="0" hostname="vairamuthu" name="testcases.managecards.ManageCardsValidationMessageDisplayforWrongCardName" tests="1" failures="0" timestamp="06 Mar 2020 11:52:37 GMT" time="30.187" errors="0">
  <testcase name="ManageCardsValidationMessageDisplayforWrongCardName" time="30.187" classname="testcases.managecards.ManageCardsValidationMessageDisplayforWrongCardName"/>
</testsuite> <!-- testcases.managecards.ManageCardsValidationMessageDisplayforWrongCardName -->
