<?xml version="1.0" encoding="UTF-8"?>
<!-- Generated by org.testng.reporters.JUnitReportReporter -->
<testsuite skipped="0" hostname="Lenovo-PC" name="testcases.recharge.JIRA_TC08VerifyIfUserEntersSpecialCharsOrCharactersAsMobileNumber" tests="2" failures="0" timestamp="2020-04-06T13:36:18 IST" time="97.154" errors="0">
  <testcase name="specialCharsForMobile" time="49.446" classname="testcases.recharge.JIRA_TC08VerifyIfUserEntersSpecialCharsOrCharactersAsMobileNumber"/>
  <system-out/>
  <testcase name="charactersForMobile" time="47.708" classname="testcases.recharge.JIRA_TC08VerifyIfUserEntersSpecialCharsOrCharactersAsMobileNumber"/>
  <system-out/>
</testsuite> <!-- testcases.recharge.JIRA_TC08VerifyIfUserEntersSpecialCharsOrCharactersAsMobileNumber -->
