<?xml version="1.0" encoding="UTF-8"?>
<!-- Generated by org.testng.reporters.JUnitReportReporter -->
<testsuite skipped="0" hostname="Lenovo-PC" name="testcases.chequebookrequest.TC18ChequeBookRequestbyAccountTypeCorrectAccountType" tests="1" failures="0" timestamp="2020-05-06T01:10:31 IST" time="61.735" errors="0">
  <testcase name="ChequeBookRequestbyAccountTypeCorrectAccountType" time="61.735" classname="testcases.chequebookrequest.TC18ChequeBookRequestbyAccountTypeCorrectAccountType"/>
  <system-out/>
</testsuite> <!-- testcases.chequebookrequest.TC18ChequeBookRequestbyAccountTypeCorrectAccountType -->
