<?xml version="1.0" encoding="UTF-8"?>
<!-- Generated by org.testng.reporters.JUnitReportReporter -->
<testsuite skipped="0" hostname="vairamuthu" name="testcases.chequebookrequest.ChequeBookRequestWrongInputTwiceWhileConfirmingRequest" tests="1" failures="0" timestamp="06 Mar 2020 11:52:37 GMT" time="56.735" errors="0">
  <testcase name="ChequeBookRequestWrongInputTwiceWhileConfirmingRequest" time="56.735" classname="testcases.chequebookrequest.ChequeBookRequestWrongInputTwiceWhileConfirmingRequest"/>
</testsuite> <!-- testcases.chequebookrequest.ChequeBookRequestWrongInputTwiceWhileConfirmingRequest -->
