<?xml version="1.0" encoding="UTF-8"?>
<!-- Generated by org.testng.reporters.JUnitReportReporter -->
<testsuite skipped="0" hostname="Lenovo-PC" name="testcases.locator.TC06VerifyUserAbleToEnterTheAddress" tests="1" failures="0" timestamp="2020-05-04T17:29:25 IST" time="48.596" errors="0">
  <testcase name="userAbleToEnterAddress" time="48.596" classname="testcases.locator.TC06VerifyUserAbleToEnterTheAddress"/>
  <system-out/>
</testsuite> <!-- testcases.locator.TC06VerifyUserAbleToEnterTheAddress -->
