<?xml version="1.0" encoding="UTF-8"?>
<!-- Generated by org.testng.reporters.JUnitReportReporter -->
<testsuite skipped="0" hostname="Vikram-Vasu" name="testcases.fundtransfer.ownaccount.TC12FundTransferWrongToAccount" tests="1" failures="0" timestamp="2020-05-07T11:15:34 IST" time="71.999" errors="0">
  <testcase name="FundTransferSelecttheFromAccountsFromthelistofAccounts" time="71.999" classname="testcases.fundtransfer.ownaccount.TC12FundTransferWrongToAccount"/>
  <system-out/>
</testsuite> <!-- testcases.fundtransfer.ownaccount.TC12FundTransferWrongToAccount -->
