<?xml version="1.0" encoding="UTF-8"?>
<!-- Generated by org.testng.reporters.JUnitReportReporter -->
<testsuite skipped="0" hostname="vairamuthu" name="testcases.DBP16620" tests="1" failures="0" timestamp="19 Mar 2019 11:00:18 GMT" time="111.439" errors="0">
  <testcase name="CIBPreLoginHappyPathFlow" time="111.439" classname="testcases.DBP16620"/>
</testsuite> <!-- testcases.DBP16620 -->
