<?xml version="1.0" encoding="UTF-8"?>
<!-- Generated by org.testng.reporters.JUnitReportReporter -->
<testsuite skipped="0" hostname="vairamuthu" name="testcases.managecards.ManageCardsClickBlockButton" tests="1" failures="0" timestamp="06 Mar 2020 11:52:37 GMT" time="36.721" errors="0">
  <testcase name="ManageCardsClickBlockButton" time="36.721" classname="testcases.managecards.ManageCardsClickBlockButton"/>
</testsuite> <!-- testcases.managecards.ManageCardsClickBlockButton -->
