<?xml version="1.0" encoding="UTF-8"?>
<!-- Generated by org.testng.reporters.JUnitReportReporter -->
<testsuite skipped="0" hostname="Lenovo-PC" name="testcases.statementrequest.TC45StatementRequestForAccountTypeSupportedIntent" tests="3" failures="0" timestamp="2020-03-26T15:32:25 IST" time="116.002" errors="0">
  <testcase name="StatementRequestIntentOneForAccountTypeEnding" time="36.294" classname="testcases.statementrequest.TC45StatementRequestForAccountTypeSupportedIntent"/>
  <system-out/>
  <testcase name="StatementRequestIntentTwoForAccountTypeEnding" time="40.310" classname="testcases.statementrequest.TC45StatementRequestForAccountTypeSupportedIntent"/>
  <system-out/>
  <testcase name="StatementRequestIntentThreeForAccountTypeEnding" time="39.398" classname="testcases.statementrequest.TC45StatementRequestForAccountTypeSupportedIntent"/>
  <system-out/>
</testsuite> <!-- testcases.statementrequest.TC45StatementRequestForAccountTypeSupportedIntent -->
