<?xml version="1.0" encoding="UTF-8"?>
<!-- Generated by org.testng.reporters.JUnitReportReporter -->
<testsuite skipped="0" hostname="Lenovo-PC" name="testcases.paycreditcard.TC01ClickPayCreditCardwithoutLoginfromWelcomeScreen" tests="1" failures="0" timestamp="2020-05-01T16:47:14 IST" time="25.199" errors="0">
  <testcase name="ClickPayCreditCardWithoutLogin" time="25.199" classname="testcases.paycreditcard.TC01ClickPayCreditCardwithoutLoginfromWelcomeScreen"/>
  <system-out/>
</testsuite> <!-- testcases.paycreditcard.TC01ClickPayCreditCardwithoutLoginfromWelcomeScreen -->
