<?xml version="1.0" encoding="UTF-8"?>
<!-- Generated by org.testng.reporters.JUnitReportReporter -->
<testsuite skipped="0" hostname="Lenovo-PC" name="testcases.locator.TC22VerifyUserAbleToClickTheShareLocationForBranches" tests="1" failures="0" timestamp="2020-05-04T17:29:24 IST" time="50.135" errors="0">
  <testcase name="userAbleToClickShareLocationForBranches" time="50.135" classname="testcases.locator.TC22VerifyUserAbleToClickTheShareLocationForBranches"/>
  <system-out/>
</testsuite> <!-- testcases.locator.TC22VerifyUserAbleToClickTheShareLocationForBranches -->
