<?xml version="1.0" encoding="UTF-8"?>
<!-- Generated by org.testng.reporters.JUnitReportReporter -->
<testsuite skipped="0" hostname="Lenovo-PC" name="testcases.recharge.JIRA_TC15VerifyIfUserEnterInvalidAmount_NegativeBalOrZERO" tests="2" failures="0" timestamp="2020-04-06T18:33:28 IST" time="126.910" errors="0">
  <testcase name="enterNegativeAmounToRecharge" time="61.449" classname="testcases.recharge.JIRA_TC15VerifyIfUserEnterInvalidAmount_NegativeBalOrZERO"/>
  <system-out/>
  <testcase name="enterZeroAmounToRecharge" time="65.461" classname="testcases.recharge.JIRA_TC15VerifyIfUserEnterInvalidAmount_NegativeBalOrZERO"/>
  <system-out/>
</testsuite> <!-- testcases.recharge.JIRA_TC15VerifyIfUserEnterInvalidAmount_NegativeBalOrZERO -->
