<?xml version="1.0" encoding="UTF-8"?>
<!-- Generated by org.testng.reporters.JUnitReportReporter -->
<testsuite skipped="0" hostname="Vikram-Vasu" name="testcases.productandservices.TC05PSListofLoanSubMenuCheck2" tests="1" failures="0" timestamp="2020-05-07T13:36:06 IST" time="53.243" errors="0">
  <testcase name="ListofLoanSubMenuCheck" time="53.243" classname="testcases.productandservices.TC05PSListofLoanSubMenuCheck2"/>
  <system-out/>
</testsuite> <!-- testcases.productandservices.TC05PSListofLoanSubMenuCheck2 -->
