<?xml version="1.0" encoding="UTF-8"?>
<!-- Generated by org.testng.reporters.JUnitReportReporter -->
<testsuite skipped="0" hostname="Lenovo-PC" name="testcases.locator.TC13VerifyUserAbleToViewListOfAllATMsForTheGivenPincode" tests="1" failures="0" timestamp="2020-05-04T17:29:25 IST" time="61.979" errors="0">
  <testcase name="userAbleToViewAllATMsForGivenPincode" time="61.979" classname="testcases.locator.TC13VerifyUserAbleToViewListOfAllATMsForTheGivenPincode"/>
  <system-out/>
</testsuite> <!-- testcases.locator.TC13VerifyUserAbleToViewListOfAllATMsForTheGivenPincode -->
