<?xml version="1.0" encoding="UTF-8"?>
<!-- Generated by org.testng.reporters.JUnitReportReporter -->
<testsuite skipped="0" hostname="Lenovo-PC" name="testcases.recharge.TC32VerifyUserAbleToViewValidationMessageForWrongAccountName" tests="1" failures="0" timestamp="2020-05-05T16:34:50 IST" time="43.988" errors="0">
  <testcase name="wrongAccountName" time="43.988" classname="testcases.recharge.TC32VerifyUserAbleToViewValidationMessageForWrongAccountName"/>
  <system-out/>
</testsuite> <!-- testcases.recharge.TC32VerifyUserAbleToViewValidationMessageForWrongAccountName -->
