<?xml version="1.0" encoding="UTF-8"?>
<!-- Generated by org.testng.reporters.JUnitReportReporter -->
<testsuite skipped="0" hostname="Vikram-Vasu" name="testcases.fundtransfer.ownaccount.TC50FundTransferUserHaveOnlyOneAccount" tests="1" failures="0" timestamp="2020-05-07T11:15:34 IST" time="37.700" errors="0">
  <testcase name="FundTransferUserHaveOnlyOneAccount" time="37.700" classname="testcases.fundtransfer.ownaccount.TC50FundTransferUserHaveOnlyOneAccount"/>
  <system-out/>
</testsuite> <!-- testcases.fundtransfer.ownaccount.TC50FundTransferUserHaveOnlyOneAccount -->
