<?xml version="1.0" encoding="UTF-8"?>
<!-- Generated by org.testng.reporters.JUnitReportReporter -->
<testsuite skipped="0" hostname="vairamuthu" name="lib.rest.GetAllKeys" tests="1" failures="0" timestamp="14 Feb 2020 12:49:56 GMT" time="0.938" errors="0">
  <testcase name="getAllRequests" time="0.938" classname="lib.rest.GetAllKeys"/>
</testsuite> <!-- lib.rest.GetAllKeys -->
