<?xml version="1.0" encoding="UTF-8"?>
<!-- Generated by org.testng.reporters.JUnitReportReporter -->
<testsuite skipped="0" hostname="Vikram-Vasu" name="testcases.productandservices.TC47PSCreditcardsPromos" tests="1" failures="0" timestamp="2020-05-07T13:36:06 IST" time="87.643" errors="0">
  <testcase name="ListofCreditcardSubMenuCheck" time="87.643" classname="testcases.productandservices.TC47PSCreditcardsPromos"/>
  <system-out/>
</testsuite> <!-- testcases.productandservices.TC47PSCreditcardsPromos -->
