<?xml version="1.0" encoding="UTF-8"?>
<!-- Generated by org.testng.reporters.JUnitReportReporter -->
<testsuite skipped="0" hostname="Vikram-Vasu" name="testcases.fundtransfer.ownaccount.TC03FundTransferValidationUserTextConversation" tests="4" failures="0" timestamp="2020-05-07T11:15:34 IST" time="170.123" errors="0">
  <testcase name="FundTransferText2" time="39.661" classname="testcases.fundtransfer.ownaccount.TC03FundTransferValidationUserTextConversation"/>
  <system-out/>
  <testcase name="FundTransferText" time="40.062" classname="testcases.fundtransfer.ownaccount.TC03FundTransferValidationUserTextConversation"/>
  <system-out/>
  <testcase name="FundTransferText4" time="50.156" classname="testcases.fundtransfer.ownaccount.TC03FundTransferValidationUserTextConversation"/>
  <system-out/>
  <testcase name="FundTransferText3" time="40.244" classname="testcases.fundtransfer.ownaccount.TC03FundTransferValidationUserTextConversation"/>
  <system-out/>
</testsuite> <!-- testcases.fundtransfer.ownaccount.TC03FundTransferValidationUserTextConversation -->
