<?xml version="1.0" encoding="UTF-8"?>
<!-- Generated by org.testng.reporters.JUnitReportReporter -->
<testsuite skipped="0" hostname="Lenovo-PC" name="testcases.accountbalance.TC02VerifyUserAbleToClickAccountBalanceIconWithoutLogin" tests="1" failures="0" timestamp="2020-05-04T13:15:24 IST" time="20.606" errors="0">
  <testcase name="AccountBalanceIconWithoutLogin" time="20.606" classname="testcases.accountbalance.TC02VerifyUserAbleToClickAccountBalanceIconWithoutLogin"/>
  <system-out/>
</testsuite> <!-- testcases.accountbalance.TC02VerifyUserAbleToClickAccountBalanceIconWithoutLogin -->
