<?xml version="1.0" encoding="UTF-8"?>
<!-- Generated by org.testng.reporters.JUnitReportReporter -->
<testsuite skipped="0" hostname="Vikram-Vasu" name="testcases.fundtransfer.ownaccount.TC05FundTransferUsingUtterances" tests="4" failures="0" timestamp="2020-05-07T11:15:34 IST" time="150.299" errors="0">
  <testcase name="FundTransferText" time="38.346" classname="testcases.fundtransfer.ownaccount.TC05FundTransferUsingUtterances"/>
  <system-out/>
  <testcase name="FundTransferText3" time="36.753" classname="testcases.fundtransfer.ownaccount.TC05FundTransferUsingUtterances"/>
  <system-out/>
  <testcase name="FundTransferText4" time="36.793" classname="testcases.fundtransfer.ownaccount.TC05FundTransferUsingUtterances"/>
  <system-out/>
  <testcase name="FundTransferText2" time="38.407" classname="testcases.fundtransfer.ownaccount.TC05FundTransferUsingUtterances"/>
  <system-out/>
</testsuite> <!-- testcases.fundtransfer.ownaccount.TC05FundTransferUsingUtterances -->
