<?xml version="1.0" encoding="UTF-8"?>
<!-- Generated by org.testng.reporters.JUnitReportReporter -->
<testsuite skipped="0" hostname="Lenovo-PC" name="testcases.accountbalance.TC26VerifyUserAbleToViewTransactionsForTheSelectedAccount" tests="1" failures="0" timestamp="2020-05-04T13:15:24 IST" time="64.542" errors="0">
  <testcase name="ViewTransactionsForSelectedAccount" time="64.542" classname="testcases.accountbalance.TC26VerifyUserAbleToViewTransactionsForTheSelectedAccount"/>
  <system-out/>
</testsuite> <!-- testcases.accountbalance.TC26VerifyUserAbleToViewTransactionsForTheSelectedAccount -->
