<?xml version="1.0" encoding="UTF-8"?>
<!-- Generated by org.testng.reporters.JUnitReportReporter -->
<testsuite skipped="0" hostname="Lenovo-PC" name="testcases.recharge.JIRA_TC14_ValidateIfUserSelectsOtherOperator" tests="1" failures="0" timestamp="2020-04-06T16:21:55 IST" time="65.035" errors="0">
  <testcase name="selectOtherOperator" time="65.035" classname="testcases.recharge.JIRA_TC14_ValidateIfUserSelectsOtherOperator"/>
  <system-out/>
</testsuite> <!-- testcases.recharge.JIRA_TC14_ValidateIfUserSelectsOtherOperator -->
