<?xml version="1.0" encoding="UTF-8"?>
<!-- Generated by org.testng.reporters.JUnitReportReporter -->
<testsuite skipped="0" hostname="Lenovo-PC" name="testcases.recharge.TC25VerifyUserAbleToEnterTheInvalidOTPTwice" tests="1" failures="0" timestamp="2020-05-05T16:34:49 IST" time="105.306" errors="0">
  <testcase name="enterInvalidOTPTwiceForRecharge" time="105.306" classname="testcases.recharge.TC25VerifyUserAbleToEnterTheInvalidOTPTwice"/>
  <system-out/>
</testsuite> <!-- testcases.recharge.TC25VerifyUserAbleToEnterTheInvalidOTPTwice -->
