<?xml version="1.0" encoding="UTF-8"?>
<!-- Generated by org.testng.reporters.JUnitReportReporter -->
<testsuite skipped="0" hostname="Vikram-Vasu" name="testcases.viewtransaction.TC30ViewTransactionUI" tests="1" failures="0" timestamp="2020-05-08T09:38:12 IST" time="59.550" errors="0">
  <testcase name="ViewTransactionAccountTypeEndingwithWrongAccountnumber" time="59.550" classname="testcases.viewtransaction.TC30ViewTransactionUI"/>
  <system-out/>
</testsuite> <!-- testcases.viewtransaction.TC30ViewTransactionUI -->
