<?xml version="1.0" encoding="UTF-8"?>
<!-- Generated by org.testng.reporters.JUnitReportReporter -->
<testsuite skipped="0" hostname="Lenovo-PC" name="testcases.chequebookrequest.TC31ChequeBookRequestWrongInputWhileConfirmingRequest" tests="1" failures="0" timestamp="2020-05-06T01:10:31 IST" time="89.769" errors="0">
  <testcase name="ChequeBookRequestWrongInputWhileConfirmingRequest" time="89.769" classname="testcases.chequebookrequest.TC31ChequeBookRequestWrongInputWhileConfirmingRequest"/>
  <system-out/>
</testsuite> <!-- testcases.chequebookrequest.TC31ChequeBookRequestWrongInputWhileConfirmingRequest -->
