<?xml version="1.0" encoding="UTF-8"?>
<!-- Generated by org.testng.reporters.JUnitReportReporter -->
<testsuite skipped="0" hostname="Lenovo-PC" name="testcases.locator.TC15VerifyUserAbleToViewHoursForTheSearchedATMs" tests="1" failures="0" timestamp="2020-05-04T17:29:25 IST" time="74.786" errors="0">
  <testcase name="userAbleToViewHoursForTheSearchedATMs" time="74.786" classname="testcases.locator.TC15VerifyUserAbleToViewHoursForTheSearchedATMs"/>
  <system-out/>
</testsuite> <!-- testcases.locator.TC15VerifyUserAbleToViewHoursForTheSearchedATMs -->
