<?xml version="1.0" encoding="UTF-8"?>
<!-- Generated by org.testng.reporters.JUnitReportReporter -->
<testsuite skipped="0" hostname="Lenovo-PC" name="testcases.locator.TC20VerifyValidationMsgOfATBranchesForTheWrongInputEnteredTwice" tests="1" failures="0" timestamp="2020-05-04T17:29:25 IST" time="76.526" errors="0">
  <testcase name="viewValidationMsgOfBranchforWrongInputEnteredTwice" time="76.526" classname="testcases.locator.TC20VerifyValidationMsgOfATBranchesForTheWrongInputEnteredTwice"/>
  <system-out/>
</testsuite> <!-- testcases.locator.TC20VerifyValidationMsgOfATBranchesForTheWrongInputEnteredTwice -->
