<?xml version="1.0" encoding="UTF-8"?>
<!-- Generated by org.testng.reporters.JUnitReportReporter -->
<testsuite skipped="0" hostname="Lenovo-PC" name="testcases.recharge.TC46VerifyIfUserEntersWrongMobileNumberMoreThan10Digits" tests="2" failures="0" timestamp="2020-05-05T16:34:50 IST" time="116.618" errors="0">
  <testcase name="someRandomNumberForMobile" time="58.349" classname="testcases.recharge.TC46VerifyIfUserEntersWrongMobileNumberMoreThan10Digits"/>
  <system-out/>
  <testcase name="moreThan10DigitsForMobile" time="58.269" classname="testcases.recharge.TC46VerifyIfUserEntersWrongMobileNumberMoreThan10Digits"/>
  <system-out/>
</testsuite> <!-- testcases.recharge.TC46VerifyIfUserEntersWrongMobileNumberMoreThan10Digits -->
