<?xml version="1.0" encoding="UTF-8"?>
<!-- Generated by org.testng.reporters.JUnitReportReporter -->
<testsuite skipped="0" hostname="vairamuthu" name="testcases.managecards.ManageCardsBlockDebitCardbyCardName" tests="1" failures="0" timestamp="06 Mar 2020 11:52:37 GMT" time="76.102" errors="0">
  <testcase name="ManageCardsBlockDebitCardbyCardName" time="76.102" classname="testcases.managecards.ManageCardsBlockDebitCardbyCardName"/>
</testsuite> <!-- testcases.managecards.ManageCardsBlockDebitCardbyCardName -->
