<?xml version="1.0" encoding="UTF-8"?>
<!-- Generated by org.testng.reporters.JUnitReportReporter -->
<testsuite skipped="0" hostname="Lenovo-PC" name="testcases.recharge.TC27VerifyUserAbleToViewListOfOtherAvailableOperators" tests="1" failures="0" timestamp="2020-05-05T16:34:50 IST" time="64.763" errors="0">
  <testcase name="selectNOForConfirmOperator" time="64.763" classname="testcases.recharge.TC27VerifyUserAbleToViewListOfOtherAvailableOperators"/>
  <system-out/>
</testsuite> <!-- testcases.recharge.TC27VerifyUserAbleToViewListOfOtherAvailableOperators -->
