<?xml version="1.0" encoding="UTF-8"?>
<!-- Generated by org.testng.reporters.JUnitReportReporter -->
<testsuite skipped="0" hostname="Lenovo-PC" name="testcases.locator.TC14VerifyUserAbleToViewListOfAllBranchesForTheGivenPincode" tests="1" failures="0" timestamp="2020-05-04T17:29:24 IST" time="61.358" errors="0">
  <testcase name="userAbleToViewAllBranchesForGivenPincode" time="61.358" classname="testcases.locator.TC14VerifyUserAbleToViewListOfAllBranchesForTheGivenPincode"/>
  <system-out/>
</testsuite> <!-- testcases.locator.TC14VerifyUserAbleToViewListOfAllBranchesForTheGivenPincode -->
