<?xml version="1.0" encoding="UTF-8"?>
<!-- Generated by org.testng.reporters.JUnitReportReporter -->
<testsuite skipped="0" hostname="Vikram-Vasu" name="testcases.productandservices.TC14PSListofForeignCurrencyDetailsCheck" tests="1" failures="0" timestamp="2020-05-07T13:36:06 IST" time="68.279" errors="0">
  <testcase name="PSListofTimeDepositsDetailsCheck" time="68.279" classname="testcases.productandservices.TC14PSListofForeignCurrencyDetailsCheck"/>
  <system-out/>
</testsuite> <!-- testcases.productandservices.TC14PSListofForeignCurrencyDetailsCheck -->
