<?xml version="1.0" encoding="UTF-8"?>
<!-- Generated by org.testng.reporters.JUnitReportReporter -->
<testsuite skipped="0" hostname="Lenovo-PC" name="testcases.recharge.TC06VerifyUserAbleToSelectAccountFromListOfAccountsDisplayed" tests="5" failures="0" timestamp="2020-05-05T16:34:49 IST" time="241.434" errors="0">
  <testcase name="SelectUltimateCardForRecharge" time="49.161" classname="testcases.recharge.TC06VerifyUserAbleToSelectAccountFromListOfAccountsDisplayed"/>
  <system-out/>
  <testcase name="SelectPlatinumRewardsForRecharge" time="47.860" classname="testcases.recharge.TC06VerifyUserAbleToSelectAccountFromListOfAccountsDisplayed"/>
  <system-out/>
  <testcase name="SelectSuperValueAccountForRecharge" time="47.484" classname="testcases.recharge.TC06VerifyUserAbleToSelectAccountFromListOfAccountsDisplayed"/>
  <system-out/>
  <testcase name="SelectaXcessPlusAccountForRecharge" time="47.385" classname="testcases.recharge.TC06VerifyUserAbleToSelectAccountFromListOfAccountsDisplayed"/>
  <system-out/>
  <testcase name="SelectRegularCurrentAccountForRecharge" time="49.544" classname="testcases.recharge.TC06VerifyUserAbleToSelectAccountFromListOfAccountsDisplayed"/>
  <system-out/>
</testsuite> <!-- testcases.recharge.TC06VerifyUserAbleToSelectAccountFromListOfAccountsDisplayed -->
