<?xml version="1.0" encoding="UTF-8"?>
<!-- Generated by org.testng.reporters.JUnitReportReporter -->
<testsuite skipped="0" hostname="Lenovo-PC" name="testcases.statementrequest.TC42StatementRequestDownloadForIncorrectCardNumberEnding" tests="2" failures="0" timestamp="2020-05-05T20:25:34 IST" time="85.040" errors="0">
  <testcase name="StatementRequestForIncorrectCardNumberEndingOne" time="42.738" classname="testcases.statementrequest.TC42StatementRequestDownloadForIncorrectCardNumberEnding"/>
  <system-out/>
  <testcase name="StatementRequestForIncorrectCardNumberEndingTwo" time="42.302" classname="testcases.statementrequest.TC42StatementRequestDownloadForIncorrectCardNumberEnding"/>
  <system-out/>
</testsuite> <!-- testcases.statementrequest.TC42StatementRequestDownloadForIncorrectCardNumberEnding -->
