<?xml version="1.0" encoding="UTF-8"?>
<!-- Generated by org.testng.reporters.JUnitReportReporter -->
<testsuite skipped="0" hostname="vairamuthu" name="testcases.chequebookrequest.ChequeBookRequestAccountSelectionByText" tests="3" failures="0" timestamp="06 Mar 2020 11:52:37 GMT" time="109.545" errors="0">
  <testcase name="ChequeBookRequestAccountSelectionByTextSuperValueAccount" time="35.723" classname="testcases.chequebookrequest.ChequeBookRequestAccountSelectionByText"/>
  <testcase name="ChequeBookRequestAccountSelectionByTextAxcessPlusAccount" time="36.785" classname="testcases.chequebookrequest.ChequeBookRequestAccountSelectionByText"/>
  <testcase name="ChequeBookRequestAccountSelectionByTextRegularCurrentAccount" time="37.037" classname="testcases.chequebookrequest.ChequeBookRequestAccountSelectionByText"/>
</testsuite> <!-- testcases.chequebookrequest.ChequeBookRequestAccountSelectionByText -->
