<?xml version="1.0" encoding="UTF-8"?>
<!-- Generated by org.testng.reporters.JUnitReportReporter -->
<testsuite skipped="0" hostname="vairamuthu" name="testcases.managecards.ManageCardsValidaitonMessageDisplayforUserNOThavingCardstoBlock" tests="1" failures="0" timestamp="09 Mar 2020 12:38:20 GMT" time="78.087" errors="0">
  <testcase name="ManageCardsValidaitonMessageDisplayforUserNOThavingCardstoBlock" time="78.087" classname="testcases.managecards.ManageCardsValidaitonMessageDisplayforUserNOThavingCardstoBlock"/>
</testsuite> <!-- testcases.managecards.ManageCardsValidaitonMessageDisplayforUserNOThavingCardstoBlock -->
