<?xml version="1.0" encoding="UTF-8"?>
<!-- Generated by org.testng.reporters.JUnitReportReporter -->
<testsuite skipped="0" hostname="Lenovo-PC" name="testcases.recharge.TC12VerifyUserAbleToViewSuccessMessage" tests="1" failures="0" timestamp="2020-05-05T16:34:50 IST" time="94.785" errors="0">
  <testcase name="transactionSuccessMessageForRecharge" time="94.785" classname="testcases.recharge.TC12VerifyUserAbleToViewSuccessMessage"/>
  <system-out/>
</testsuite> <!-- testcases.recharge.TC12VerifyUserAbleToViewSuccessMessage -->
