<?xml version="1.0" encoding="UTF-8"?>
<!-- Generated by org.testng.reporters.JUnitReportReporter -->
<testsuite skipped="0" hostname="Lenovo-PC" name="testcases.accountbalance.TC04VerifyAccountBalanceTextAfterLogin" tests="1" failures="0" timestamp="2020-05-04T13:15:24 IST" time="60.198" errors="0">
  <testcase name="AccountBalanceTextAfterLogin" time="60.198" classname="testcases.accountbalance.TC04VerifyAccountBalanceTextAfterLogin"/>
  <system-out/>
</testsuite> <!-- testcases.accountbalance.TC04VerifyAccountBalanceTextAfterLogin -->
