<?xml version="1.0" encoding="UTF-8"?>
<!-- Generated by org.testng.reporters.JUnitReportReporter -->
<testsuite skipped="0" hostname="Vikram-Vasu" name="testcases.viewtransaction.TC27ViewTransactionwhenThereIsNoTransaction" tests="1" failures="0" timestamp="2020-05-08T09:38:12 IST" time="50.391" errors="0">
  <testcase name="ViewTransactionCASAaccountUtterance" time="50.391" classname="testcases.viewtransaction.TC27ViewTransactionwhenThereIsNoTransaction"/>
  <system-out/>
</testsuite> <!-- testcases.viewtransaction.TC27ViewTransactionwhenThereIsNoTransaction -->
