<?xml version="1.0" encoding="UTF-8"?>
<!-- Generated by org.testng.reporters.JUnitReportReporter -->
<testsuite skipped="0" hostname="Lenovo-PC" name="testcases.statementrequest.TC29StatementRequestForAccountTypeWithAccountNumberSupportedIntent" tests="4" failures="0" timestamp="2020-05-05T20:25:33 IST" time="181.280" errors="0">
  <testcase name="StatementRequestIntentOneForAccountTypeWithAccountNumberEnding" time="46.252" classname="testcases.statementrequest.TC29StatementRequestForAccountTypeWithAccountNumberSupportedIntent"/>
  <system-out/>
  <testcase name="StatementRequestIntentTwoForAccountTypeWithAccountNumberEnding" time="45.683" classname="testcases.statementrequest.TC29StatementRequestForAccountTypeWithAccountNumberSupportedIntent"/>
  <system-out/>
  <testcase name="StatementRequestIntentThreeForAccountTypeWithAccountNumberEnding" time="44.700" classname="testcases.statementrequest.TC29StatementRequestForAccountTypeWithAccountNumberSupportedIntent"/>
  <system-out/>
  <testcase name="StatementRequestIntentFourForAccountTypeWithAccountNumberEnding" time="44.645" classname="testcases.statementrequest.TC29StatementRequestForAccountTypeWithAccountNumberSupportedIntent"/>
  <system-out/>
</testsuite> <!-- testcases.statementrequest.TC29StatementRequestForAccountTypeWithAccountNumberSupportedIntent -->
