<?xml version="1.0" encoding="UTF-8"?>
<!-- Generated by org.testng.reporters.JUnitReportReporter -->
<testsuite skipped="0" hostname="vairamuthu" name="testcases.managecards.ManageCardsUnblockCancellationMessage" tests="1" failures="0" timestamp="10 Mar 2020 07:21:06 GMT" time="88.380" errors="0">
  <testcase name="ManageCardsUnblockCancellationMessage" time="88.380" classname="testcases.managecards.ManageCardsUnblockCancellationMessage"/>
</testsuite> <!-- testcases.managecards.ManageCardsUnblockCancellationMessage -->
