<?xml version="1.0" encoding="UTF-8"?>
<!-- Generated by org.testng.reporters.JUnitReportReporter -->
<testsuite skipped="0" hostname="Lenovo-PC" name="testcases.locator.TC01VerifyLocatorIconIsAsPerUI" tests="1" failures="0" timestamp="2020-05-04T17:29:24 IST" time="31.939" errors="0">
  <testcase name="verifyLocatorIcon" time="31.939" classname="testcases.locator.TC01VerifyLocatorIconIsAsPerUI"/>
  <system-out/>
</testsuite> <!-- testcases.locator.TC01VerifyLocatorIconIsAsPerUI -->
