<?xml version="1.0" encoding="UTF-8"?>
<!-- Generated by org.testng.reporters.JUnitReportReporter -->
<testsuite skipped="0" hostname="vairamuthu" name="testcases.ConBankFundTransferOtherAccount" tests="1" failures="0" timestamp="18 Feb 2020 06:23:48 GMT" time="31.737" errors="0">
  <testcase name="Login" time="31.737" classname="testcases.ConBankFundTransferOtherAccount"/>
</testsuite> <!-- testcases.ConBankFundTransferOtherAccount -->
