<?xml version="1.0" encoding="UTF-8"?>
<!-- Generated by org.testng.reporters.JUnitReportReporter -->
<testsuite skipped="0" hostname="Lenovo-PC" name="testcases.statementrequest.TC50StatementRequestByCorrectMonth" tests="1" failures="0" timestamp="2020-05-05T20:25:34 IST" time="45.122" errors="0">
  <testcase name="StatementRequestByCorrectMonth" time="45.122" classname="testcases.statementrequest.TC50StatementRequestByCorrectMonth"/>
  <system-out/>
</testsuite> <!-- testcases.statementrequest.TC50StatementRequestByCorrectMonth -->
