<?xml version="1.0" encoding="UTF-8"?>
<!-- Generated by org.testng.reporters.JUnitReportReporter -->
<testsuite skipped="0" hostname="Lenovo-PC" name="testcases.accountbalance.TC06VerifyAccountBalModuleUsingAccountBalOfCorrectAccountName" tests="1" failures="0" timestamp="2020-05-04T13:15:23 IST" time="48.915" errors="0">
  <testcase name="AccountBalOfAccountName" time="48.915" classname="testcases.accountbalance.TC06VerifyAccountBalModuleUsingAccountBalOfCorrectAccountName"/>
  <system-out/>
</testsuite> <!-- testcases.accountbalance.TC06VerifyAccountBalModuleUsingAccountBalOfCorrectAccountName -->
