<?xml version="1.0" encoding="UTF-8"?>
<!-- Generated by org.testng.reporters.JUnitReportReporter -->
<testsuite skipped="0" hostname="Lenovo-PC" name="testcases.accountbalance.TC20VerifyAccountBalUsingCreditCardType" tests="1" failures="0" timestamp="2020-05-04T13:15:23 IST" time="47.806" errors="0">
  <testcase name="AccountBalForCreditCardType" time="47.806" classname="testcases.accountbalance.TC20VerifyAccountBalUsingCreditCardType"/>
  <system-out/>
</testsuite> <!-- testcases.accountbalance.TC20VerifyAccountBalUsingCreditCardType -->
