<?xml version="1.0" encoding="UTF-8"?>
<!-- Generated by org.testng.reporters.JUnitReportReporter -->
<testsuite skipped="0" hostname="Lenovo-PC" name="testcases.accountbalance.TC10VerifyAccountBalModuleUsingAccountBalOfWrongAccountType" tests="1" failures="0" timestamp="2020-04-15T14:07:49 IST" time="44.426" errors="0">
  <testcase name="AccountBalOfAccountType" time="44.426" classname="testcases.accountbalance.TC10VerifyAccountBalModuleUsingAccountBalOfWrongAccountType"/>
  <system-out/>
</testsuite> <!-- testcases.accountbalance.TC10VerifyAccountBalModuleUsingAccountBalOfWrongAccountType -->
