<?xml version="1.0" encoding="UTF-8"?>
<!-- Generated by org.testng.reporters.JUnitReportReporter -->
<testsuite skipped="0" hostname="Lenovo-PC" name="testcases.recharge.JIRA_TC11_ValidateIfUserSelectsYesForConfirmOperator" tests="1" failures="0" timestamp="2020-04-06T14:30:57 IST" time="59.411" errors="0">
  <testcase name="selectYESForConfirmOperator" time="59.411" classname="testcases.recharge.JIRA_TC11_ValidateIfUserSelectsYesForConfirmOperator"/>
  <system-out/>
</testsuite> <!-- testcases.recharge.JIRA_TC11_ValidateIfUserSelectsYesForConfirmOperator -->
