<?xml version="1.0" encoding="UTF-8"?>
<!-- Generated by org.testng.reporters.JUnitReportReporter -->
<testsuite skipped="0" hostname="Lenovo-PC" name="testcases.recharge.JIRA_TC17VerifyIfUserEntersBiggerAmountThanTheAvailableAccountBal" tests="1" failures="0" timestamp="2020-04-06T19:26:15 IST" time="61.833" errors="0">
  <testcase name="enterBiggerAmounToRecharge" time="61.833" classname="testcases.recharge.JIRA_TC17VerifyIfUserEntersBiggerAmountThanTheAvailableAccountBal"/>
  <system-out/>
</testsuite> <!-- testcases.recharge.JIRA_TC17VerifyIfUserEntersBiggerAmountThanTheAvailableAccountBal -->
