<?xml version="1.0" encoding="UTF-8"?>
<!-- Generated by org.testng.reporters.JUnitReportReporter -->
<testsuite skipped="0" hostname="Lenovo-PC" name="testcases.locator.TC19VerifyValidationMsgOfATMsForTheWrongInputEnteredTwice" tests="1" failures="0" timestamp="2020-05-04T17:29:24 IST" time="75.491" errors="0">
  <testcase name="viewValidationMsgOfATMforWrongInputEnteredTwice" time="75.491" classname="testcases.locator.TC19VerifyValidationMsgOfATMsForTheWrongInputEnteredTwice"/>
  <system-out/>
</testsuite> <!-- testcases.locator.TC19VerifyValidationMsgOfATMsForTheWrongInputEnteredTwice -->
