<?xml version="1.0" encoding="UTF-8"?>
<!-- Generated by org.testng.reporters.JUnitReportReporter -->
<testsuite skipped="0" hostname="Vikram-Vasu" name="testcases.productandservices.TC38PSCustomerCareCardsHotline" tests="1" failures="0" timestamp="2020-05-07T13:36:06 IST" time="70.227" errors="0">
  <testcase name="ListofCustomerCareSubMenuCheck" time="70.227" classname="testcases.productandservices.TC38PSCustomerCareCardsHotline"/>
  <system-out/>
</testsuite> <!-- testcases.productandservices.TC38PSCustomerCareCardsHotline -->
