<?xml version="1.0" encoding="UTF-8"?>
<!-- Generated by org.testng.reporters.JUnitReportReporter -->
<testsuite skipped="0" hostname="vairamuthu" name="testcases.managecards.ManageCardsBlockCardNumberEnding" tests="1" failures="0" timestamp="09 Mar 2020 10:48:14 GMT" time="66.805" errors="0">
  <testcase name="ManageCardsBlockDebitCardbyCardName" time="66.805" classname="testcases.managecards.ManageCardsBlockCardNumberEnding"/>
</testsuite> <!-- testcases.managecards.ManageCardsBlockCardNumberEnding -->
