<?xml version="1.0" encoding="UTF-8"?>
<!-- Generated by org.testng.reporters.JUnitReportReporter -->
<testsuite skipped="0" hostname="vairamuthu" name="testcases.chequebookrequest.ChequeBookRequestSuccesfulMessageCheck" tests="1" failures="0" timestamp="06 Mar 2020 11:52:37 GMT" time="45.625" errors="0">
  <testcase name="ChequeBookRequestSuccesfulMessageCheck" time="45.625" classname="testcases.chequebookrequest.ChequeBookRequestSuccesfulMessageCheck"/>
</testsuite> <!-- testcases.chequebookrequest.ChequeBookRequestSuccesfulMessageCheck -->
