<?xml version="1.0" encoding="UTF-8"?>
<!-- Generated by org.testng.reporters.JUnitReportReporter -->
<testsuite skipped="0" hostname="Lenovo-PC" name="testcases.statementrequest.TC18StatementRequestForSavingAccountType" tests="3" failures="0" timestamp="2020-05-05T20:25:33 IST" time="140.759" errors="0">
  <testcase name="StatementRequestIntentOneForSavingAccountType" time="45.815" classname="testcases.statementrequest.TC18StatementRequestForSavingAccountType"/>
  <system-out/>
  <testcase name="StatementRequestIntentTwoForSavingAccountType" time="45.999" classname="testcases.statementrequest.TC18StatementRequestForSavingAccountType"/>
  <system-out/>
  <testcase name="StatementRequestIntentThreeForSavingAccountType" time="48.945" classname="testcases.statementrequest.TC18StatementRequestForSavingAccountType"/>
  <system-out/>
</testsuite> <!-- testcases.statementrequest.TC18StatementRequestForSavingAccountType -->
