<?xml version="1.0" encoding="UTF-8"?>
<!-- Generated by org.testng.reporters.JUnitReportReporter -->
<testsuite skipped="0" hostname="Lenovo-PC" name="testcases.paycreditcard.TC06PayCreditCardSelecttheCard" tests="3" failures="0" timestamp="2020-05-01T16:47:14 IST" time="148.299" errors="0">
  <testcase name="PayCreditCardSelectCard" time="46.768" classname="testcases.paycreditcard.TC06PayCreditCardSelecttheCard"/>
  <system-out/>
  <testcase name="PayCreditCardSelectPlatinumRewards" time="50.776" classname="testcases.paycreditcard.TC06PayCreditCardSelecttheCard"/>
  <system-out/>
  <testcase name="PayCreditCardSelectUltimateCard" time="50.755" classname="testcases.paycreditcard.TC06PayCreditCardSelecttheCard"/>
  <system-out/>
</testsuite> <!-- testcases.paycreditcard.TC06PayCreditCardSelecttheCard -->
