<?xml version="1.0" encoding="UTF-8"?>
<!-- Generated by org.testng.reporters.JUnitReportReporter -->
<testsuite skipped="0" hostname="Lenovo-PC" name="testcases.locator.TC18VerifyValidationMsgOfBranchesForTheWrongInput" tests="1" failures="0" timestamp="2020-05-04T17:29:25 IST" time="58.323" errors="0">
  <testcase name="viewValidationMsgOfBranchforWrongInput" time="58.323" classname="testcases.locator.TC18VerifyValidationMsgOfBranchesForTheWrongInput"/>
  <system-out/>
</testsuite> <!-- testcases.locator.TC18VerifyValidationMsgOfBranchesForTheWrongInput -->
