<?xml version="1.0" encoding="UTF-8"?>
<!-- Generated by org.testng.reporters.JUnitReportReporter -->
<testsuite skipped="0" hostname="Vikram-Vasu" name="testcases.managecards.TC29ManageCardsBlockCardNumberEnding" tests="1" failures="0" timestamp="2020-05-08T01:46:40 IST" time="98.097" errors="0">
  <testcase name="ManageCardsBlockDebitCardbyCardName" time="98.097" classname="testcases.managecards.TC29ManageCardsBlockCardNumberEnding"/>
  <system-out/>
</testsuite> <!-- testcases.managecards.TC29ManageCardsBlockCardNumberEnding -->
