<?xml version="1.0" encoding="UTF-8"?>
<!-- Generated by org.testng.reporters.JUnitReportReporter -->
<testsuite skipped="0" hostname="Lenovo-PC" name="testcases.statementrequest.TC07StatementRequestforOnlyLast6Months" tests="5" failures="0" timestamp="2020-05-05T20:25:33 IST" time="235.753" errors="0">
  <testcase name="UltimateCardAccountStatementForLast6Months" time="46.629" classname="testcases.statementrequest.TC07StatementRequestforOnlyLast6Months"/>
  <system-out/>
  <testcase name="PlatinumRewardsAccountStatementForLast6Months" time="47.364" classname="testcases.statementrequest.TC07StatementRequestforOnlyLast6Months"/>
  <system-out/>
  <testcase name="SuperValueAccountStatementForLast6Months" time="46.377" classname="testcases.statementrequest.TC07StatementRequestforOnlyLast6Months"/>
  <system-out/>
  <testcase name="aXcessPlusAccountStatementForLast6Months" time="47.513" classname="testcases.statementrequest.TC07StatementRequestforOnlyLast6Months"/>
  <system-out/>
  <testcase name="RegularCurrentAccountStatementForLast6Months" time="47.870" classname="testcases.statementrequest.TC07StatementRequestforOnlyLast6Months"/>
  <system-out/>
</testsuite> <!-- testcases.statementrequest.TC07StatementRequestforOnlyLast6Months -->
