<?xml version="1.0" encoding="UTF-8"?>
<!-- Generated by org.testng.reporters.JUnitReportReporter -->
<testsuite skipped="0" hostname="Lenovo-PC" name="testcases.locator.TC08VerifyUserAbleToViewListOfAllBranchesForTheAddress" tests="1" failures="0" timestamp="2020-05-04T17:29:24 IST" time="60.326" errors="0">
  <testcase name="userAbleToViewAllBranchesForGivenAddress" time="60.326" classname="testcases.locator.TC08VerifyUserAbleToViewListOfAllBranchesForTheAddress"/>
  <system-out/>
</testsuite> <!-- testcases.locator.TC08VerifyUserAbleToViewListOfAllBranchesForTheAddress -->
