<?xml version="1.0" encoding="UTF-8"?>
<!-- Generated by org.testng.reporters.JUnitReportReporter -->
<testsuite skipped="0" hostname="vairamuthu" name="testcases.managecards.ManageCardsValidationMessageDisplaywhenuserhavenocreditcard" tests="1" failures="0" timestamp="06 Mar 2020 11:52:37 GMT" time="33.110" errors="0">
  <testcase name="ManageCardsBlockCreditCard" time="33.110" classname="testcases.managecards.ManageCardsValidationMessageDisplaywhenuserhavenocreditcard"/>
</testsuite> <!-- testcases.managecards.ManageCardsValidationMessageDisplaywhenuserhavenocreditcard -->
