<?xml version="1.0" encoding="UTF-8"?>
<!-- Generated by org.testng.reporters.JUnitReportReporter -->
<testsuite skipped="0" hostname="Lenovo-PC" name="testcases.paycreditcard.TC28PayCreditCardUsertoClickOnOtherAmountEnterInvalidAmount" tests="1" failures="0" timestamp="2020-05-01T16:47:14 IST" time="62.894" errors="0">
  <testcase name="UsertoClickOnOtherAmountEntertheInvalidAmount" time="62.894" classname="testcases.paycreditcard.TC28PayCreditCardUsertoClickOnOtherAmountEnterInvalidAmount"/>
  <system-out/>
</testsuite> <!-- testcases.paycreditcard.TC28PayCreditCardUsertoClickOnOtherAmountEnterInvalidAmount -->
