<?xml version="1.0" encoding="UTF-8"?>
<!-- Generated by org.testng.reporters.JUnitReportReporter -->
<testsuite skipped="0" hostname="Lenovo-PC" name="testcases.recharge.TC01VerifyRechargeIconIsAsPerUI" tests="1" failures="0" timestamp="2020-05-05T16:34:49 IST" time="32.556" errors="0">
  <testcase name="RechargeIconCheck" time="32.556" classname="testcases.recharge.TC01VerifyRechargeIconIsAsPerUI"/>
  <system-out/>
</testsuite> <!-- testcases.recharge.TC01VerifyRechargeIconIsAsPerUI -->
