<?xml version="1.0" encoding="UTF-8"?>
<!-- Generated by org.testng.reporters.JUnitReportReporter -->
<testsuite skipped="0" hostname="Vikram-Vasu" name="testcases.productandservices.TC17PSChooseaCreditcardsSubMenuCheck" tests="1" failures="0" timestamp="2020-05-07T13:36:06 IST" time="58.712" errors="0">
  <testcase name="ListofCreditcardSubMenuCheck" time="58.712" classname="testcases.productandservices.TC17PSChooseaCreditcardsSubMenuCheck"/>
  <system-out/>
</testsuite> <!-- testcases.productandservices.TC17PSChooseaCreditcardsSubMenuCheck -->
