<?xml version="1.0" encoding="UTF-8"?>
<!-- Generated by org.testng.reporters.JUnitReportReporter -->
<testsuite skipped="0" hostname="Lenovo-PC" name="testcases.recharge.JIRA_TC12_ValidateIfUserSelectsNoForConfirmOperator" tests="1" failures="0" timestamp="2020-04-06T14:33:08 IST" time="58.046" errors="0">
  <testcase name="selectNOForConfirmOperator" time="58.046" classname="testcases.recharge.JIRA_TC12_ValidateIfUserSelectsNoForConfirmOperator"/>
  <system-out/>
</testsuite> <!-- testcases.recharge.JIRA_TC12_ValidateIfUserSelectsNoForConfirmOperator -->
