<?xml version="1.0" encoding="UTF-8"?>
<!-- Generated by org.testng.reporters.JUnitReportReporter -->
<testsuite skipped="0" hostname="Vikram-Vasu" name="testcases.managecards.TC20ManageCardsBlockCreditCard" tests="1" failures="0" timestamp="2020-05-08T01:46:40 IST" time="43.082" errors="0">
  <testcase name="ManageCardsBlockCreditCard" time="43.082" classname="testcases.managecards.TC20ManageCardsBlockCreditCard"/>
  <system-out/>
</testsuite> <!-- testcases.managecards.TC20ManageCardsBlockCreditCard -->
