<?xml version="1.0" encoding="UTF-8"?>
<!-- Generated by org.testng.reporters.JUnitReportReporter -->
<testsuite skipped="0" hostname="vairamuthu" name="testcases.managecards.ManageCardsInvalidinputwhileBlockConfirmationMessage" tests="1" failures="0" timestamp="06 Mar 2020 11:52:37 GMT" time="49.883" errors="0">
  <testcase name="ManageCardsInvalidinputwhileBlockConfirmationMessage" time="49.883" classname="testcases.managecards.ManageCardsInvalidinputwhileBlockConfirmationMessage"/>
</testsuite> <!-- testcases.managecards.ManageCardsInvalidinputwhileBlockConfirmationMessage -->
