<?xml version="1.0" encoding="UTF-8"?>
<!-- Generated by org.testng.reporters.JUnitReportReporter -->
<testsuite skipped="0" hostname="Lenovo-PC" name="testcases.statementrequest.TC24ViewListOfCurrentAccountsForCurrentAccountTypeIntents" tests="2" failures="0" timestamp="2020-05-05T20:25:33 IST" time="81.176" errors="0">
  <testcase name="StatementRequestIntentOneForCheckingAccountType" time="40.001" classname="testcases.statementrequest.TC24ViewListOfCurrentAccountsForCurrentAccountTypeIntents"/>
  <system-out/>
  <testcase name="StatementRequestIntentTwoForCheckingAccountType" time="41.175" classname="testcases.statementrequest.TC24ViewListOfCurrentAccountsForCurrentAccountTypeIntents"/>
  <system-out/>
</testsuite> <!-- testcases.statementrequest.TC24ViewListOfCurrentAccountsForCurrentAccountTypeIntents -->
