<?xml version="1.0" encoding="UTF-8"?>
<!-- Generated by org.testng.reporters.JUnitReportReporter -->
<testsuite skipped="0" hostname="Lenovo-PC" name="testcases.statementrequest.TC10DownloadStatementForTheSelectedMonth" tests="5" failures="0" timestamp="2020-05-05T20:25:34 IST" time="277.498" errors="0">
  <testcase name="downloadStatementForUltimateCardAccount" time="56.016" classname="testcases.statementrequest.TC10DownloadStatementForTheSelectedMonth"/>
  <system-out/>
  <testcase name="downloadStatementForPlatinumRewardsAccount" time="55.103" classname="testcases.statementrequest.TC10DownloadStatementForTheSelectedMonth"/>
  <system-out/>
  <testcase name="downloadStatementForSuperValueAccount" time="55.740" classname="testcases.statementrequest.TC10DownloadStatementForTheSelectedMonth"/>
  <system-out/>
  <testcase name="downloadStatementForXcessPlusAccount" time="54.855" classname="testcases.statementrequest.TC10DownloadStatementForTheSelectedMonth"/>
  <system-out/>
  <testcase name="downloadStatementForRegularCurrentAccount" time="55.784" classname="testcases.statementrequest.TC10DownloadStatementForTheSelectedMonth"/>
  <system-out/>
</testsuite> <!-- testcases.statementrequest.TC10DownloadStatementForTheSelectedMonth -->
