<?xml version="1.0" encoding="UTF-8"?>
<!-- Generated by org.testng.reporters.JUnitReportReporter -->
<testsuite skipped="0" hostname="Lenovo-PC" name="testcases.recharge.TC35VerifyUserAbleToViewValidationMessageForWrongAccountType" tests="1" failures="0" timestamp="2020-05-05T16:34:50 IST" time="46.866" errors="0">
  <testcase name="wrongAccountType" time="46.866" classname="testcases.recharge.TC35VerifyUserAbleToViewValidationMessageForWrongAccountType"/>
  <system-out/>
</testsuite> <!-- testcases.recharge.TC35VerifyUserAbleToViewValidationMessageForWrongAccountType -->
