<?xml version="1.0" encoding="UTF-8"?>
<!-- Generated by org.testng.reporters.JUnitReportReporter -->
<testsuite skipped="0" hostname="Lenovo-PC" name="testcases.accountbalance.TC03VerifyUserAbleToClickAccountBalanceIconAfterLogin" tests="1" failures="0" timestamp="2020-05-04T13:15:23 IST" time="42.553" errors="0">
  <testcase name="AccountBalanceIconClickAfterLogin" time="42.553" classname="testcases.accountbalance.TC03VerifyUserAbleToClickAccountBalanceIconAfterLogin"/>
  <system-out/>
</testsuite> <!-- testcases.accountbalance.TC03VerifyUserAbleToClickAccountBalanceIconAfterLogin -->
