<?xml version="1.0" encoding="UTF-8"?>
<!-- Generated by org.testng.reporters.JUnitReportReporter -->
<testsuite skipped="0" hostname="Vikram-Vasu" name="testcases.managecards.TC37ManageCardsUnblockCardSelection" tests="1" failures="0" timestamp="2020-05-08T01:46:40 IST" time="214.933" errors="0">
  <testcase name="ManageCardsUnblockCardSelection" time="214.933" classname="testcases.managecards.TC37ManageCardsUnblockCardSelection"/>
  <system-out/>
</testsuite> <!-- testcases.managecards.TC37ManageCardsUnblockCardSelection -->
