<?xml version="1.0" encoding="UTF-8"?>
<!-- Generated by org.testng.reporters.JUnitReportReporter -->
<testsuite skipped="0" hostname="Vikram-Vasu" name="testcases.productandservices.TC23PSLoan_HomeLoanForOFWs" tests="1" failures="0" timestamp="2020-05-07T13:36:06 IST" time="83.716" errors="0">
  <testcase name="HomeLoanForOFWs" time="83.716" classname="testcases.productandservices.TC23PSLoan_HomeLoanForOFWs"/>
  <system-out/>
</testsuite> <!-- testcases.productandservices.TC23PSLoan_HomeLoanForOFWs -->
