<?xml version="1.0" encoding="UTF-8"?>
<!-- Generated by org.testng.reporters.JUnitReportReporter -->
<testsuite skipped="0" hostname="Vikram-Vasu" name="testcases.managecards.TC14ManageCardsInvalidinputwhileBlockTypeselection" tests="1" failures="0" timestamp="2020-05-08T01:46:39 IST" time="53.964" errors="0">
  <testcase name="ManageCardsInvalidinputwhileBlockUnblockTypeselection" time="53.964" classname="testcases.managecards.TC14ManageCardsInvalidinputwhileBlockTypeselection"/>
  <system-out/>
</testsuite> <!-- testcases.managecards.TC14ManageCardsInvalidinputwhileBlockTypeselection -->
