<?xml version="1.0" encoding="UTF-8"?>
<!-- Generated by org.testng.reporters.JUnitReportReporter -->
<testsuite skipped="0" hostname="Lenovo-PC" name="testcases.paycreditcard.TC43PayCreditCardPayUtteranceBase2" tests="1" failures="0" timestamp="2020-05-01T16:47:14 IST" time="45.110" errors="0">
  <testcase name="PayCreditCardPayUtteranceBase" time="45.110" classname="testcases.paycreditcard.TC43PayCreditCardPayUtteranceBase2"/>
  <system-out/>
</testsuite> <!-- testcases.paycreditcard.TC43PayCreditCardPayUtteranceBase2 -->
