<?xml version="1.0" encoding="UTF-8"?>
<!-- Generated by org.testng.reporters.JUnitReportReporter -->
<testsuite skipped="0" hostname="Vikram-Vasu" name="testcases.fundtransfer.ownaccount.TC20FundTransferWrongAccountNameTransferCheck" tests="1" failures="0" timestamp="2020-05-07T11:15:34 IST" time="71.667" errors="0">
  <testcase name="FundTransferWrongAccountNameTransferCheck" time="71.667" classname="testcases.fundtransfer.ownaccount.TC20FundTransferWrongAccountNameTransferCheck"/>
  <system-out/>
</testsuite> <!-- testcases.fundtransfer.ownaccount.TC20FundTransferWrongAccountNameTransferCheck -->
