<?xml version="1.0" encoding="UTF-8"?>
<!-- Generated by org.testng.reporters.JUnitReportReporter -->
<testsuite skipped="0" hostname="Vikram-Vasu" name="testcases.viewtransaction.TC01ViewTransactionAfterLogin" tests="1" failures="0" timestamp="2020-05-08T09:38:12 IST" time="64.986" errors="0">
  <testcase name="ViewTransactionAfterLogin" time="64.986" classname="testcases.viewtransaction.TC01ViewTransactionAfterLogin"/>
  <system-out/>
</testsuite> <!-- testcases.viewtransaction.TC01ViewTransactionAfterLogin -->
