<?xml version="1.0" encoding="UTF-8"?>
<!-- Generated by org.testng.reporters.JUnitReportReporter -->
<testsuite skipped="0" hostname="Lenovo-PC" name="testcases.recharge.TC45VerifyUserAbleToViewValidationMessageForWrongAccountNumberEndingEnteredTwice" tests="1" failures="0" timestamp="2020-05-05T16:34:49 IST" time="74.798" errors="0">
  <testcase name="wrongAccountNumberEndingEnteredTwice" time="74.798" classname="testcases.recharge.TC45VerifyUserAbleToViewValidationMessageForWrongAccountNumberEndingEnteredTwice"/>
  <system-out/>
</testsuite> <!-- testcases.recharge.TC45VerifyUserAbleToViewValidationMessageForWrongAccountNumberEndingEnteredTwice -->
