<?xml version="1.0" encoding="UTF-8"?>
<!-- Generated by org.testng.reporters.JUnitReportReporter -->
<testsuite skipped="0" hostname="Lenovo-PC" name="testcases.chequebookrequest.TC07ChequeBookRequestAccountSelectionByText" tests="3" failures="0" timestamp="2020-05-06T01:10:31 IST" time="190.263" errors="0">
  <testcase name="ChequeBookRequestAccountSelectionByTextRegularCurrentAccount" time="65.849" classname="testcases.chequebookrequest.TC07ChequeBookRequestAccountSelectionByText"/>
  <system-out/>
  <testcase name="ChequeBookRequestAccountSelectionByTextAxcessPlusAccount" time="63.867" classname="testcases.chequebookrequest.TC07ChequeBookRequestAccountSelectionByText"/>
  <system-out/>
  <testcase name="ChequeBookRequestAccountSelectionByTextSuperValueAccount" time="60.547" classname="testcases.chequebookrequest.TC07ChequeBookRequestAccountSelectionByText"/>
  <system-out/>
</testsuite> <!-- testcases.chequebookrequest.TC07ChequeBookRequestAccountSelectionByText -->
