<?xml version="1.0" encoding="UTF-8"?>
<!-- Generated by org.testng.reporters.JUnitReportReporter -->
<testsuite skipped="0" hostname="Vikram-Vasu" name="testcases.productandservices.TC02PSListofAccountsSubMenuCheck" tests="1" failures="0" timestamp="2020-05-07T13:36:06 IST" time="53.155" errors="0">
  <testcase name="ListofAccountSubMenuCheck" time="53.155" classname="testcases.productandservices.TC02PSListofAccountsSubMenuCheck"/>
  <system-out/>
</testsuite> <!-- testcases.productandservices.TC02PSListofAccountsSubMenuCheck -->
