<?xml version="1.0" encoding="UTF-8"?>
<!-- Generated by org.testng.reporters.JUnitReportReporter -->
<testsuite skipped="0" hostname="Vikram-Vasu" name="testcases.fundtransfer.ownaccount.TC44FundsTransferfromCurrentAccounttoSavingAccount" tests="1" failures="0" timestamp="2020-05-07T11:15:34 IST" time="49.178" errors="0">
  <testcase name="FundsTransferfromCurrentAccounttoSavingAccount" time="49.178" classname="testcases.fundtransfer.ownaccount.TC44FundsTransferfromCurrentAccounttoSavingAccount"/>
  <system-out/>
</testsuite> <!-- testcases.fundtransfer.ownaccount.TC44FundsTransferfromCurrentAccounttoSavingAccount -->
