<?xml version="1.0" encoding="UTF-8"?>
<!-- Generated by org.testng.reporters.JUnitReportReporter -->
<testsuite skipped="0" hostname="Vikram-Vasu" name="testcases.viewtransaction.TC09ViewTransactionWrongCardType" tests="1" failures="0" timestamp="2020-05-08T09:38:12 IST" time="62.458" errors="0">
  <testcase name="ViewTransactionWrongCardType" time="62.458" classname="testcases.viewtransaction.TC09ViewTransactionWrongCardType"/>
  <system-out/>
</testsuite> <!-- testcases.viewtransaction.TC09ViewTransactionWrongCardType -->
