<?xml version="1.0" encoding="UTF-8"?>
<!-- Generated by org.testng.reporters.JUnitReportReporter -->
<testsuite skipped="0" hostname="Lenovo-PC" name="testcases.statementrequest.TC36StatementRequestForCorrectAccountNumberEnding" tests="1" failures="0" timestamp="2020-05-05T20:25:34 IST" time="50.541" errors="0">
  <testcase name="StatementRequestForCorrectAccountNumberEnding" time="50.541" classname="testcases.statementrequest.TC36StatementRequestForCorrectAccountNumberEnding"/>
  <system-out/>
</testsuite> <!-- testcases.statementrequest.TC36StatementRequestForCorrectAccountNumberEnding -->
