<?xml version="1.0" encoding="UTF-8"?>
<!-- Generated by org.testng.reporters.JUnitReportReporter -->
<testsuite skipped="0" hostname="Lenovo-PC" name="testcases.locator.TC21VerifyUserAbleToClickTheShareLocationForATMs" tests="1" failures="0" timestamp="2020-05-04T17:29:24 IST" time="49.175" errors="0">
  <testcase name="userAbleToClickShareLocationForATMs" time="49.175" classname="testcases.locator.TC21VerifyUserAbleToClickTheShareLocationForATMs"/>
  <system-out/>
</testsuite> <!-- testcases.locator.TC21VerifyUserAbleToClickTheShareLocationForATMs -->
