<?xml version="1.0" encoding="UTF-8"?>
<!-- Generated by org.testng.reporters.JUnitReportReporter -->
<testsuite skipped="0" hostname="Vikram-Vasu" name="testcases.viewtransaction.TC10ViewTransactionCorrectCASAaccountType" tests="1" failures="0" timestamp="2020-05-08T09:38:12 IST" time="63.138" errors="0">
  <testcase name="ViewTransactionCorrectCASAaccountType" time="63.138" classname="testcases.viewtransaction.TC10ViewTransactionCorrectCASAaccountType"/>
  <system-out/>
</testsuite> <!-- testcases.viewtransaction.TC10ViewTransactionCorrectCASAaccountType -->
