<?xml version="1.0" encoding="UTF-8"?>
<!-- Generated by org.testng.reporters.JUnitReportReporter -->
<testsuite skipped="0" hostname="Lenovo-PC" name="testcases.recharge.TC18VerifyUserAbleToEnterWrongInputForTheMobileOperator" tests="1" failures="0" timestamp="2020-05-05T16:34:50 IST" time="69.245" errors="0">
  <testcase name="wrongOperatorInputForRecharge" time="69.245" classname="testcases.recharge.TC18VerifyUserAbleToEnterWrongInputForTheMobileOperator"/>
  <system-out/>
</testsuite> <!-- testcases.recharge.TC18VerifyUserAbleToEnterWrongInputForTheMobileOperator -->
