<?xml version="1.0" encoding="UTF-8"?>
<!-- Generated by org.testng.reporters.JUnitReportReporter -->
<testsuite skipped="0" hostname="vairamuthu" name="testcases.accountbalance.AccountBalanceRegularCurrentAccount" tests="1" failures="0" timestamp="19 Feb 2020 12:47:28 GMT" time="51.070" errors="0">
  <testcase name="AccountBalanceRegularCurrentAccount" time="51.070" classname="testcases.accountbalance.AccountBalanceRegularCurrentAccount"/>
</testsuite> <!-- testcases.accountbalance.AccountBalanceRegularCurrentAccount -->
