<?xml version="1.0" encoding="UTF-8"?>
<!-- Generated by org.testng.reporters.JUnitReportReporter -->
<testsuite skipped="0" hostname="Lenovo-PC" name="testcases.locator.TC09VerifyUserAbleToViewListOfAllATMsForTheGivenCity" tests="1" failures="0" timestamp="2020-05-04T17:29:24 IST" time="61.924" errors="0">
  <testcase name="userAbleToViewAllATMsForGivenCity" time="61.924" classname="testcases.locator.TC09VerifyUserAbleToViewListOfAllATMsForTheGivenCity"/>
  <system-out/>
</testsuite> <!-- testcases.locator.TC09VerifyUserAbleToViewListOfAllATMsForTheGivenCity -->
