<?xml version="1.0" encoding="UTF-8"?>
<!-- Generated by org.testng.reporters.JUnitReportReporter -->
<testsuite skipped="0" hostname="Vikram-Vasu" name="testcases.managecards.TC38ManageCardsUnblockCardsSelectionbyText" tests="1" failures="0" timestamp="2020-05-08T01:46:40 IST" time="99.953" errors="0">
  <testcase name="ManageCardsUnblockCardsSelectionbyText" time="99.953" classname="testcases.managecards.TC38ManageCardsUnblockCardsSelectionbyText"/>
  <system-out/>
</testsuite> <!-- testcases.managecards.TC38ManageCardsUnblockCardsSelectionbyText -->
