<?xml version="1.0" encoding="UTF-8"?>
<!-- Generated by org.testng.reporters.JUnitReportReporter -->
<testsuite skipped="0" hostname="Lenovo-PC" name="testcases.statementrequest.TC19StatementRequestForCheckingAccounttType" tests="2" failures="0" timestamp="2020-05-05T20:25:34 IST" time="90.786" errors="0">
  <testcase name="StatementRequestIntentOneForCheckingAccountType" time="44.995" classname="testcases.statementrequest.TC19StatementRequestForCheckingAccounttType"/>
  <system-out/>
  <testcase name="StatementRequestIntentTwoForCheckingAccountType" time="45.791" classname="testcases.statementrequest.TC19StatementRequestForCheckingAccounttType"/>
  <system-out/>
</testsuite> <!-- testcases.statementrequest.TC19StatementRequestForCheckingAccounttType -->
