<?xml version="1.0" encoding="UTF-8"?>
<!-- Generated by org.testng.reporters.JUnitReportReporter -->
<testsuite skipped="0" hostname="Lenovo-PC" name="testcases.statementrequest.TC46StatementRequestForAccountTypeSupportedIntent" tests="3" failures="0" timestamp="2020-03-26T13:18:29 IST" time="162.086" errors="0">
  <testcase name="StatementRequestIntentOneForAccountTypeEnding" time="45.525" classname="testcases.statementrequest.TC46StatementRequestForAccountTypeSupportedIntent"/>
  <system-out/>
  <testcase name="StatementRequestIntentTwoForAccountTypeEnding" time="75.709" classname="testcases.statementrequest.TC46StatementRequestForAccountTypeSupportedIntent"/>
  <system-out/>
  <testcase name="StatementRequestIntentThreeForAccountTypeEnding" time="40.852" classname="testcases.statementrequest.TC46StatementRequestForAccountTypeSupportedIntent"/>
  <system-out/>
</testsuite> <!-- testcases.statementrequest.TC46StatementRequestForAccountTypeSupportedIntent -->
