<?xml version="1.0" encoding="UTF-8"?>
<!-- Generated by org.testng.reporters.JUnitReportReporter -->
<testsuite skipped="0" hostname="Lenovo-PC" name="testcases.recharge.TC56VerifyIfUserEntersBiggerAmountThanTheAvailableAccountBal" tests="1" failures="0" timestamp="2020-05-05T16:34:50 IST" time="75.718" errors="0">
  <testcase name="enterBiggerAmounToRecharge" time="75.718" classname="testcases.recharge.TC56VerifyIfUserEntersBiggerAmountThanTheAvailableAccountBal"/>
  <system-out/>
</testsuite> <!-- testcases.recharge.TC56VerifyIfUserEntersBiggerAmountThanTheAvailableAccountBal -->
