<?xml version="1.0" encoding="UTF-8"?>
<!-- Generated by org.testng.reporters.JUnitReportReporter -->
<testsuite skipped="0" hostname="Lenovo-PC" name="testcases.statementrequest.TC25ViewListOfCreditCardAccountsForCreditAccountTypeIntents" tests="2" failures="0" timestamp="2020-05-05T20:25:32 IST" time="96.809" errors="0">
  <testcase name="StatementRequestIntentOneForCreditAccountType" time="48.273" classname="testcases.statementrequest.TC25ViewListOfCreditCardAccountsForCreditAccountTypeIntents"/>
  <system-out/>
  <testcase name="StatementRequestIntentTwoForCreditAccountType" time="48.536" classname="testcases.statementrequest.TC25ViewListOfCreditCardAccountsForCreditAccountTypeIntents"/>
  <system-out/>
</testsuite> <!-- testcases.statementrequest.TC25ViewListOfCreditCardAccountsForCreditAccountTypeIntents -->
