<?xml version="1.0" encoding="UTF-8"?>
<!-- Generated by org.testng.reporters.JUnitReportReporter -->
<testsuite skipped="0" hostname="Lenovo-PC" name="testcases.statementrequest.TC22StatementRequestSupportedIntentsForAccountType" tests="4" failures="0" timestamp="2020-05-05T20:25:34 IST" time="187.348" errors="0">
  <testcase name="StatementRequestIntentOneForAccountType" time="49.332" classname="testcases.statementrequest.TC22StatementRequestSupportedIntentsForAccountType"/>
  <system-out/>
  <testcase name="StatementRequestIntentTwoForAccountType" time="45.404" classname="testcases.statementrequest.TC22StatementRequestSupportedIntentsForAccountType"/>
  <system-out/>
  <testcase name="StatementRequestIntentThreeForAccountType" time="45.745" classname="testcases.statementrequest.TC22StatementRequestSupportedIntentsForAccountType"/>
  <system-out/>
  <testcase name="StatementRequestIntentFourForAccountType" time="46.867" classname="testcases.statementrequest.TC22StatementRequestSupportedIntentsForAccountType"/>
  <system-out/>
</testsuite> <!-- testcases.statementrequest.TC22StatementRequestSupportedIntentsForAccountType -->
