<?xml version="1.0" encoding="UTF-8"?>
<!-- Generated by org.testng.reporters.JUnitReportReporter -->
<testsuite skipped="0" hostname="Vikram-Vasu" name="testcases.productandservices.TC21PSDBEnrollattheBranchInstruction" tests="1" failures="0" timestamp="2020-05-07T13:36:06 IST" time="69.913" errors="0">
  <testcase name="EnrollattheBranchInstruction" time="69.913" classname="testcases.productandservices.TC21PSDBEnrollattheBranchInstruction"/>
  <system-out/>
</testsuite> <!-- testcases.productandservices.TC21PSDBEnrollattheBranchInstruction -->
