<?xml version="1.0" encoding="UTF-8"?>
<!-- Generated by org.testng.reporters.JUnitReportReporter -->
<testsuite skipped="0" hostname="Lenovo-PC" name="testcases.recharge.TC53ValidateIfUserSelectsOtherOperator" tests="1" failures="0" timestamp="2020-05-05T16:34:50 IST" time="73.470" errors="0">
  <testcase name="selectOtherOperator" time="73.470" classname="testcases.recharge.TC53ValidateIfUserSelectsOtherOperator"/>
  <system-out/>
</testsuite> <!-- testcases.recharge.TC53ValidateIfUserSelectsOtherOperator -->
