<?xml version="1.0" encoding="UTF-8"?>
<!-- Generated by org.testng.reporters.JUnitReportReporter -->
<testsuite skipped="0" hostname="Vikram-Vasu" name="testcases.managecards.TC12ManageCardsIsthereanythingelseCheckinBlockSuccessfulMessage" tests="1" failures="0" timestamp="2020-05-08T01:46:40 IST" time="126.258" errors="0">
  <testcase name="ManageCardsBlockSuccessfulMessage" time="126.258" classname="testcases.managecards.TC12ManageCardsIsthereanythingelseCheckinBlockSuccessfulMessage"/>
  <system-out/>
</testsuite> <!-- testcases.managecards.TC12ManageCardsIsthereanythingelseCheckinBlockSuccessfulMessage -->
