<?xml version="1.0" encoding="UTF-8"?>
<!-- Generated by org.testng.reporters.JUnitReportReporter -->
<testsuite skipped="0" hostname="Lenovo-PC" name="testcases.recharge.TC02VerifyRechargeIconClickWithoutLogin" tests="1" failures="0" timestamp="2020-05-05T16:34:50 IST" time="20.964" errors="0">
  <testcase name="RechargeIconCheckWithoutLogin" time="20.964" classname="testcases.recharge.TC02VerifyRechargeIconClickWithoutLogin"/>
  <system-out/>
</testsuite> <!-- testcases.recharge.TC02VerifyRechargeIconClickWithoutLogin -->
