<?xml version="1.0" encoding="UTF-8"?>
<!-- Generated by org.testng.reporters.JUnitReportReporter -->
<testsuite skipped="0" hostname="Vikram-Vasu" name="testcases.viewtransaction.TC19ViewTransactionCardNumberEndingwith" tests="1" failures="0" timestamp="2020-05-08T09:38:12 IST" time="56.394" errors="0">
  <testcase name="ViewTransactionAccountTypeEndingwithCorrectCardNumber" time="56.394" classname="testcases.viewtransaction.TC19ViewTransactionCardNumberEndingwith"/>
  <system-out/>
</testsuite> <!-- testcases.viewtransaction.TC19ViewTransactionCardNumberEndingwith -->
