<?xml version="1.0" encoding="UTF-8"?>
<!-- Generated by org.testng.reporters.JUnitReportReporter -->
<testsuite skipped="0" hostname="Lenovo-PC" name="testcases.paycreditcard.TC47PayPlatinumRewardsfromSavingsAccount" tests="1" failures="0" timestamp="2020-05-01T16:47:14 IST" time="46.381" errors="0">
  <testcase name="PayCreditCardPayUtteranceBase" time="46.381" classname="testcases.paycreditcard.TC47PayPlatinumRewardsfromSavingsAccount"/>
  <system-out/>
</testsuite> <!-- testcases.paycreditcard.TC47PayPlatinumRewardsfromSavingsAccount -->
