<?xml version="1.0" encoding="UTF-8"?>
<!-- Generated by org.testng.reporters.JUnitReportReporter -->
<testsuite skipped="0" hostname="vairamuthu" name="testcases.DBP15546Part2Admin" tests="1" failures="0" timestamp="26 Mar 2019 13:07:45 GMT" time="27.232" errors="0">
  <testcase name="admin" time="27.232" classname="testcases.DBP15546Part2Admin"/>
</testsuite> <!-- testcases.DBP15546Part2Admin -->
