<?xml version="1.0" encoding="UTF-8"?>
<!-- Generated by org.testng.reporters.JUnitReportReporter -->
<testsuite skipped="0" hostname="vairamuthu" name="testcases.managecards.ManageCardsInvalidInputwhileCardstoBlockSelection" tests="1" failures="0" timestamp="06 Mar 2020 11:52:37 GMT" time="44.591" errors="0">
  <testcase name="ManageCardsInvalidInputwhileCardstoBlockSelection" time="44.591" classname="testcases.managecards.ManageCardsInvalidInputwhileCardstoBlockSelection"/>
</testsuite> <!-- testcases.managecards.ManageCardsInvalidInputwhileCardstoBlockSelection -->
