<?xml version="1.0" encoding="UTF-8"?>
<!-- Generated by org.testng.reporters.JUnitReportReporter -->
<testsuite skipped="0" hostname="vairamuthu" name="testcases.managecards.ManageCardsInvalidinputwhileBlockUnblockTypeselection" tests="1" failures="0" timestamp="06 Mar 2020 11:52:37 GMT" time="39.247" errors="0">
  <testcase name="ManageCardsInvalidinputwhileBlockUnblockTypeselection" time="39.247" classname="testcases.managecards.ManageCardsInvalidinputwhileBlockUnblockTypeselection"/>
</testsuite> <!-- testcases.managecards.ManageCardsInvalidinputwhileBlockUnblockTypeselection -->
