<?xml version="1.0" encoding="UTF-8"?>
<!-- Generated by org.testng.reporters.JUnitReportReporter -->
<testsuite skipped="0" hostname="Lenovo-PC" name="testcases.statementrequest.TC41StatementRequestDownloadForCorrectCardNumberEnding" tests="2" failures="0" timestamp="2020-05-05T20:25:33 IST" time="91.908" errors="0">
  <testcase name="StatementRequestForCorrectCardNumberEndingOne" time="45.618" classname="testcases.statementrequest.TC41StatementRequestDownloadForCorrectCardNumberEnding"/>
  <system-out/>
  <testcase name="StatementRequestForCorrectCardNumberEndingTwo" time="46.290" classname="testcases.statementrequest.TC41StatementRequestDownloadForCorrectCardNumberEnding"/>
  <system-out/>
</testsuite> <!-- testcases.statementrequest.TC41StatementRequestDownloadForCorrectCardNumberEnding -->
