<?xml version="1.0" encoding="UTF-8"?>
<!-- Generated by org.testng.reporters.JUnitReportReporter -->
<testsuite skipped="0" hostname="Lenovo-PC" name="testcases.recharge.TC11VerifyUserAbleToEnterTheOTP" tests="1" failures="0" timestamp="2020-05-05T16:34:50 IST" time="91.675" errors="0">
  <testcase name="enterOTPForRecharge" time="91.675" classname="testcases.recharge.TC11VerifyUserAbleToEnterTheOTP"/>
  <system-out/>
</testsuite> <!-- testcases.recharge.TC11VerifyUserAbleToEnterTheOTP -->
