<?xml version="1.0" encoding="UTF-8"?>
<!-- Generated by org.testng.reporters.JUnitReportReporter -->
<testsuite skipped="0" hostname="Lenovo-PC" name="testcases.accountbalance.TC12VerifyAccountBalModuleByCorrectAccountTypeEndingUtterance" tests="1" failures="0" timestamp="2020-05-04T13:15:24 IST" time="47.065" errors="0">
  <testcase name="AccountBalForCorrectAccountTypeEnding" time="47.065" classname="testcases.accountbalance.TC12VerifyAccountBalModuleByCorrectAccountTypeEndingUtterance"/>
  <system-out/>
</testsuite> <!-- testcases.accountbalance.TC12VerifyAccountBalModuleByCorrectAccountTypeEndingUtterance -->
