<?xml version="1.0" encoding="UTF-8"?>
<!-- Generated by org.testng.reporters.JUnitReportReporter -->
<testsuite skipped="0" hostname="Lenovo-PC" name="testcases.paycreditcard.TC53PayCreditCardPayEnteredtheAmount" tests="1" failures="0" timestamp="2020-05-01T16:47:14 IST" time="64.454" errors="0">
  <testcase name="UsertoClickOnOtherAmount" time="64.454" classname="testcases.paycreditcard.TC53PayCreditCardPayEnteredtheAmount"/>
  <system-out/>
</testsuite> <!-- testcases.paycreditcard.TC53PayCreditCardPayEnteredtheAmount -->
