<?xml version="1.0" encoding="UTF-8"?>
<!-- Generated by org.testng.reporters.JUnitReportReporter -->
<testsuite skipped="0" hostname="Vikram-Vasu" name="testcases.managecards.TC36ManageCardsClickUnblockButton" tests="1" failures="0" timestamp="2020-05-08T01:46:40 IST" time="50.999" errors="0">
  <testcase name="ManageCardsClickUnblockButton" time="50.999" classname="testcases.managecards.TC36ManageCardsClickUnblockButton"/>
  <system-out/>
</testsuite> <!-- testcases.managecards.TC36ManageCardsClickUnblockButton -->
