<?xml version="1.0" encoding="UTF-8"?>
<!-- Generated by org.testng.reporters.JUnitReportReporter -->
<testsuite skipped="0" hostname="Lenovo-PC" name="testcases.recharge.TC50ValidateIfUserSelectsYesForConfirmOperator" tests="1" failures="0" timestamp="2020-05-05T16:34:49 IST" time="63.595" errors="0">
  <testcase name="selectYESForConfirmOperator" time="63.595" classname="testcases.recharge.TC50ValidateIfUserSelectsYesForConfirmOperator"/>
  <system-out/>
</testsuite> <!-- testcases.recharge.TC50ValidateIfUserSelectsYesForConfirmOperator -->
