<?xml version="1.0" encoding="UTF-8"?>
<!-- Generated by org.testng.reporters.JUnitReportReporter -->
<testsuite skipped="0" hostname="Vikram-Vasu" name="testcases.managecards.TC02ManageCardIconClickWithoutLogin" tests="1" failures="0" timestamp="2020-05-08T01:46:39 IST" time="37.283" errors="0">
  <testcase name="ManageCardIconClickWithoutLogin" time="37.283" classname="testcases.managecards.TC02ManageCardIconClickWithoutLogin"/>
  <system-out/>
</testsuite> <!-- testcases.managecards.TC02ManageCardIconClickWithoutLogin -->
