<?xml version="1.0" encoding="UTF-8"?>
<!-- Generated by org.testng.reporters.JUnitReportReporter -->
<testsuite skipped="0" hostname="Lenovo-PC" name="testcases.accountbalance.TC05VerifyAccountBalModuleUsingAccountBalByAccountTypeSupportedIntents" tests="1" failures="0" timestamp="2020-04-13T17:54:45 IST" time="56.564" errors="0">
  <testcase name="AccountBalByAccountType" time="56.564" classname="testcases.accountbalance.TC05VerifyAccountBalModuleUsingAccountBalByAccountTypeSupportedIntents"/>
  <system-out/>
</testsuite> <!-- testcases.accountbalance.TC05VerifyAccountBalModuleUsingAccountBalByAccountTypeSupportedIntents -->
