<?xml version="1.0" encoding="UTF-8"?>
<!-- Generated by org.testng.reporters.JUnitReportReporter -->
<testsuite skipped="0" hostname="Lenovo-PC" name="testcases.recharge.TC26VerifyUserAbleToClickNoButtonForOperatorPrediction" tests="1" failures="0" timestamp="2020-05-05T16:34:50 IST" time="60.033" errors="0">
  <testcase name="selectNOForConfirmOperator" time="60.033" classname="testcases.recharge.TC26VerifyUserAbleToClickNoButtonForOperatorPrediction"/>
  <system-out/>
</testsuite> <!-- testcases.recharge.TC26VerifyUserAbleToClickNoButtonForOperatorPrediction -->
