<?xml version="1.0" encoding="UTF-8"?>
<!-- Generated by org.testng.reporters.JUnitReportReporter -->
<testsuite skipped="0" hostname="Lenovo-PC" name="testcases.paycreditcard.TC24NoCardstoSelectwhilePayingCreditCard" tests="1" failures="0" timestamp="2020-05-01T16:47:14 IST" time="39.983" errors="0">
  <testcase name="UserNoAccount" time="39.983" classname="testcases.paycreditcard.TC24NoCardstoSelectwhilePayingCreditCard"/>
  <system-out/>
</testsuite> <!-- testcases.paycreditcard.TC24NoCardstoSelectwhilePayingCreditCard -->
