<?xml version="1.0" encoding="UTF-8"?>
<!-- Generated by org.testng.reporters.JUnitReportReporter -->
<testsuite skipped="0" hostname="Vikram-Vasu" name="testcases.productandservices.TC25PSLoan_SmartCarLoanNavigation" tests="1" failures="0" timestamp="2020-05-07T13:36:06 IST" time="77.477" errors="0">
  <testcase name="SmarCarLoan" time="77.477" classname="testcases.productandservices.TC25PSLoan_SmartCarLoanNavigation"/>
  <system-out/>
</testsuite> <!-- testcases.productandservices.TC25PSLoan_SmartCarLoanNavigation -->
