<?xml version="1.0" encoding="UTF-8"?>
<!-- Generated by org.testng.reporters.JUnitReportReporter -->
<testsuite skipped="0" hostname="Vikram-Vasu" name="testcases.viewtransaction.TC25ViewTransactionIsThereAnythingElseICanHelpYouWith" tests="1" failures="0" timestamp="2020-05-08T09:38:12 IST" time="60.108" errors="0">
  <testcase name="ViewTransactionCASAaccountUtterance" time="60.108" classname="testcases.viewtransaction.TC25ViewTransactionIsThereAnythingElseICanHelpYouWith"/>
  <system-out/>
</testsuite> <!-- testcases.viewtransaction.TC25ViewTransactionIsThereAnythingElseICanHelpYouWith -->
