<?xml version="1.0" encoding="UTF-8"?>
<!-- Generated by org.testng.reporters.JUnitReportReporter -->
<testsuite skipped="0" hostname="Lenovo-PC" name="testcases.recharge.TC55VerifyIfUserEnterSpecialCharsOrAphabetsAsAmount" tests="2" failures="0" timestamp="2020-05-05T16:34:50 IST" time="150.216" errors="0">
  <testcase name="enterSplCharsAsAmounToRecharge" time="75.327" classname="testcases.recharge.TC55VerifyIfUserEnterSpecialCharsOrAphabetsAsAmount"/>
  <system-out/>
  <testcase name="enterAlphabetsAsAmounToRecharge" time="74.889" classname="testcases.recharge.TC55VerifyIfUserEnterSpecialCharsOrAphabetsAsAmount"/>
  <system-out/>
</testsuite> <!-- testcases.recharge.TC55VerifyIfUserEnterSpecialCharsOrAphabetsAsAmount -->
