<?xml version="1.0" encoding="UTF-8"?>
<!-- Generated by org.testng.reporters.JUnitReportReporter -->
<testsuite skipped="0" hostname="Lenovo-PC" name="testcases.recharge.TC37VerifyUserAbleToRechargeUsingCardTypeSupportedIntents" tests="2" failures="0" timestamp="2020-05-05T16:34:50 IST" time="98.691" errors="0">
  <testcase name="debitCardTypeForRecharge" time="51.075" classname="testcases.recharge.TC37VerifyUserAbleToRechargeUsingCardTypeSupportedIntents"/>
  <system-out/>
  <testcase name="creditCardTypeForRecharge" time="47.616" classname="testcases.recharge.TC37VerifyUserAbleToRechargeUsingCardTypeSupportedIntents"/>
  <system-out/>
</testsuite> <!-- testcases.recharge.TC37VerifyUserAbleToRechargeUsingCardTypeSupportedIntents -->
