<?xml version="1.0" encoding="UTF-8"?>
<!-- Generated by org.testng.reporters.JUnitReportReporter -->
<testsuite skipped="0" hostname="Lenovo-PC" name="testcases.recharge.TC23VerifyUserAbleToGiveWrongInputForConfirmingTheRechargeTwice" tests="1" failures="0" timestamp="2020-05-05T16:34:50 IST" time="99.573" errors="0">
  <testcase name="giveInvalidInputTwiceWhileConfirmingTheRecharge" time="99.573" classname="testcases.recharge.TC23VerifyUserAbleToGiveWrongInputForConfirmingTheRechargeTwice"/>
  <system-out/>
</testsuite> <!-- testcases.recharge.TC23VerifyUserAbleToGiveWrongInputForConfirmingTheRechargeTwice -->
