<?xml version="1.0" encoding="UTF-8"?>
<!-- Generated by org.testng.reporters.JUnitReportReporter -->
<testsuite skipped="0" hostname="vairamuthu" name="testcases.chequebookrequest.ChequeBookRequestbyAccountTypeUserhaveOnlyOneAccount" tests="1" failures="0" timestamp="06 Mar 2020 11:52:37 GMT" time="32.492" errors="0">
  <testcase name="ChequeBookRequestbyAccountTypeUserhaveOnlyOneAccount" time="32.492" classname="testcases.chequebookrequest.ChequeBookRequestbyAccountTypeUserhaveOnlyOneAccount"/>
</testsuite> <!-- testcases.chequebookrequest.ChequeBookRequestbyAccountTypeUserhaveOnlyOneAccount -->
