<?xml version="1.0" encoding="UTF-8"?>
<!-- Generated by org.testng.reporters.JUnitReportReporter -->
<testsuite skipped="0" hostname="Lenovo-PC" name="testcases.accountbalance.TC16VerifyValidationMessageForWrongAccountNumberEndingUtterance" tests="1" failures="0" timestamp="2020-05-04T13:15:24 IST" time="51.873" errors="0">
  <testcase name="ResponseForWrongAccountNumberEnding" time="51.873" classname="testcases.accountbalance.TC16VerifyValidationMessageForWrongAccountNumberEndingUtterance"/>
  <system-out/>
</testsuite> <!-- testcases.accountbalance.TC16VerifyValidationMessageForWrongAccountNumberEndingUtterance -->
