<?xml version="1.0" encoding="UTF-8"?>
<!-- Generated by org.testng.reporters.JUnitReportReporter -->
<testsuite skipped="0" hostname="Vikram-Vasu" name="testcases.managecards.TC39ManageCardsUnblockConfirmationMessage" tests="1" failures="0" timestamp="2020-05-08T01:46:40 IST" time="102.161" errors="0">
  <testcase name="ManageCardsUnblockConfirmationMessage" time="102.161" classname="testcases.managecards.TC39ManageCardsUnblockConfirmationMessage"/>
  <system-out/>
</testsuite> <!-- testcases.managecards.TC39ManageCardsUnblockConfirmationMessage -->
