<?xml version="1.0" encoding="UTF-8"?>
<!-- Generated by org.testng.reporters.JUnitReportReporter -->
<testsuite skipped="0" hostname="Vikram-Vasu" name="testcases.managecards.TC35ManageCardsUnBlockTypeDisplay" tests="1" failures="0" timestamp="2020-05-08T01:46:40 IST" time="47.911" errors="0">
  <testcase name="ManageCardsBlockUnblockTypeDisplay" time="47.911" classname="testcases.managecards.TC35ManageCardsUnBlockTypeDisplay"/>
  <system-out/>
</testsuite> <!-- testcases.managecards.TC35ManageCardsUnBlockTypeDisplay -->
