<?xml version="1.0" encoding="UTF-8"?>
<!-- Generated by org.testng.reporters.JUnitReportReporter -->
<testsuite skipped="0" hostname="Vikram-Vasu" name="testcases.managecards.TC22ManageCardsValidationMessageDisplayWhenUserhaveNoCreditcard" tests="1" failures="0" timestamp="2020-05-08T01:46:40 IST" time="44.703" errors="0">
  <testcase name="ManageCardsValidationMessageDisplaywhenuserhavenocreditcard" time="44.703" classname="testcases.managecards.TC22ManageCardsValidationMessageDisplayWhenUserhaveNoCreditcard"/>
  <system-out/>
</testsuite> <!-- testcases.managecards.TC22ManageCardsValidationMessageDisplayWhenUserhaveNoCreditcard -->
