<?xml version="1.0" encoding="UTF-8"?>
<!-- Generated by org.testng.reporters.JUnitReportReporter -->
<testsuite skipped="0" hostname="Lenovo-PC" name="testcases.accountbalance.TC01VerifyAccountBalanceIconIsAsPerUI" tests="1" failures="0" timestamp="2020-05-04T13:15:23 IST" time="19.765" errors="0">
  <testcase name="verifyAccountBalanceIcon" time="19.765" classname="testcases.accountbalance.TC01VerifyAccountBalanceIconIsAsPerUI"/>
  <system-out/>
</testsuite> <!-- testcases.accountbalance.TC01VerifyAccountBalanceIconIsAsPerUI -->
