<?xml version="1.0" encoding="UTF-8"?>
<!-- Generated by org.testng.reporters.JUnitReportReporter -->
<testsuite skipped="0" hostname="Vikram-Vasu" name="testcases.managecards.TC09ManageCardsBlockConfirmationMessage" tests="1" failures="0" timestamp="2020-05-08T01:46:40 IST" time="63.744" errors="0">
  <testcase name="ManageCardsBlockConfirmationMessage" time="63.744" classname="testcases.managecards.TC09ManageCardsBlockConfirmationMessage"/>
  <system-out/>
</testsuite> <!-- testcases.managecards.TC09ManageCardsBlockConfirmationMessage -->
