<?xml version="1.0" encoding="UTF-8"?>
<!-- Generated by org.testng.reporters.JUnitReportReporter -->
<testsuite skipped="0" hostname="Lenovo-PC" name="testcases.locator.TC07VerifyUserAbleToViewListOfAllATMsForTheAddress" tests="1" failures="0" timestamp="2020-05-04T17:29:24 IST" time="59.259" errors="0">
  <testcase name="userAbleToViewAllATMsForGivenAddress" time="59.259" classname="testcases.locator.TC07VerifyUserAbleToViewListOfAllATMsForTheAddress"/>
  <system-out/>
</testsuite> <!-- testcases.locator.TC07VerifyUserAbleToViewListOfAllATMsForTheAddress -->
