<?xml version="1.0" encoding="UTF-8"?>
<!-- Generated by org.testng.reporters.JUnitReportReporter -->
<testsuite skipped="0" hostname="Lenovo-PC" name="testcases.recharge.TC03VerifyRechargeIconClickAfterLogin" tests="1" failures="0" timestamp="2020-05-05T16:34:49 IST" time="42.845" errors="0">
  <testcase name="RechargeIconCheckAfterLogin" time="42.845" classname="testcases.recharge.TC03VerifyRechargeIconClickAfterLogin"/>
  <system-out/>
</testsuite> <!-- testcases.recharge.TC03VerifyRechargeIconClickAfterLogin -->
