<?xml version="1.0" encoding="UTF-8"?>
<!-- Generated by org.testng.reporters.JUnitReportReporter -->
<testsuite skipped="0" hostname="Lenovo-PC" name="testcases.locator.TC01VerifyLocatorIconIsClickableWithoutLogin" tests="1" failures="0" timestamp="2020-04-20T13:11:02 IST" time="40.511" errors="0">
  <testcase name="verifyLocatorIcon" time="40.511" classname="testcases.locator.TC01VerifyLocatorIconIsClickableWithoutLogin"/>
  <system-out/>
</testsuite> <!-- testcases.locator.TC01VerifyLocatorIconIsClickableWithoutLogin -->
