<?xml version="1.0" encoding="UTF-8"?>
<!-- Generated by org.testng.reporters.JUnitReportReporter -->
<testsuite skipped="0" hostname="Lenovo-PC" name="testcases.statementrequest.TC13VerifyWrongMonthSelectedResponseFromBot" tests="1" failures="0" timestamp="2020-05-05T20:25:32 IST" time="63.319" errors="0">
  <testcase name="BotResponseForWrongMonth" time="63.319" classname="testcases.statementrequest.TC13VerifyWrongMonthSelectedResponseFromBot"/>
  <system-out/>
</testsuite> <!-- testcases.statementrequest.TC13VerifyWrongMonthSelectedResponseFromBot -->
