<?xml version="1.0" encoding="UTF-8"?>
<!-- Generated by org.testng.reporters.JUnitReportReporter -->
<testsuite skipped="0" hostname="vairamuthu" name="lib.rest.GetIssueID" tests="1" failures="0" timestamp="14 Feb 2020 12:49:56 GMT" time="2.090" errors="0">
  <testcase name="getAllRequests" time="2.090" classname="lib.rest.GetIssueID"/>
</testsuite> <!-- lib.rest.GetIssueID -->
