<?xml version="1.0" encoding="UTF-8"?>
<!-- Generated by org.testng.reporters.JUnitReportReporter -->
<testsuite skipped="0" hostname="Vikram-Vasu" name="testcases.managecards.TC28ManageCardsValidationMessageDisplayforWrongCardName" tests="1" failures="0" timestamp="2020-05-08T01:46:40 IST" time="45.631" errors="0">
  <testcase name="ManageCardsValidationMessageDisplayforWrongCardName" time="45.631" classname="testcases.managecards.TC28ManageCardsValidationMessageDisplayforWrongCardName"/>
  <system-out/>
</testsuite> <!-- testcases.managecards.TC28ManageCardsValidationMessageDisplayforWrongCardName -->
