<?xml version="1.0" encoding="UTF-8"?>
<!-- Generated by org.testng.reporters.JUnitReportReporter -->
<testsuite skipped="0" hostname="Vikram-Vasu" name="testcases.managecards.TC25ManageCardsValidationMessageDisplaywhenuserhaveNoDebitcard" tests="1" failures="0" timestamp="2020-05-08T01:46:40 IST" time="44.765" errors="0">
  <testcase name="ManageCardsValidationMessageDisplaywhenuserhavenoDebitcard" time="44.765" classname="testcases.managecards.TC25ManageCardsValidationMessageDisplaywhenuserhaveNoDebitcard"/>
  <system-out/>
</testsuite> <!-- testcases.managecards.TC25ManageCardsValidationMessageDisplaywhenuserhaveNoDebitcard -->
