<?xml version="1.0" encoding="UTF-8"?>
<!-- Generated by org.testng.reporters.JUnitReportReporter -->
<testsuite skipped="0" hostname="Lenovo-PC" name="testcases.paycreditcard.TC20PayCreditCardEnterWrongConfirmationInputsWhileEnteringtheOTP" tests="1" failures="0" timestamp="2020-05-01T16:47:14 IST" time="67.337" errors="0">
  <testcase name="PayCreditCardEnterWrongConfirmationInputsWhileEnteringtheOTP" time="67.337" classname="testcases.paycreditcard.TC20PayCreditCardEnterWrongConfirmationInputsWhileEnteringtheOTP"/>
  <system-out/>
</testsuite> <!-- testcases.paycreditcard.TC20PayCreditCardEnterWrongConfirmationInputsWhileEnteringtheOTP -->
