<?xml version="1.0" encoding="UTF-8"?>
<!-- Generated by org.testng.reporters.JUnitReportReporter -->
<testsuite skipped="0" hostname="Lenovo-PC" name="testcases.recharge.TC43VerifyUserAbleToViewValidationMessageForWrongAccountNumberEnding" tests="1" failures="0" timestamp="2020-05-05T16:34:49 IST" time="48.151" errors="0">
  <testcase name="wrongAccountNumberEnding" time="48.151" classname="testcases.recharge.TC43VerifyUserAbleToViewValidationMessageForWrongAccountNumberEnding"/>
  <system-out/>
</testsuite> <!-- testcases.recharge.TC43VerifyUserAbleToViewValidationMessageForWrongAccountNumberEnding -->
