<?xml version="1.0" encoding="UTF-8"?>
<!-- Generated by org.testng.reporters.JUnitReportReporter -->
<testsuite skipped="0" hostname="Vikram-Vasu" name="testcases.managecards.ManageCardsusingCardNumberEndingwithUserhaveonlyoneCard" tests="1" failures="0" timestamp="2020-05-08T01:46:40 IST" time="112.707" errors="0">
  <testcase name="ManageCardsBlockDebitCardbyCardName" time="112.707" classname="testcases.managecards.ManageCardsusingCardNumberEndingwithUserhaveonlyoneCard"/>
  <system-out/>
</testsuite> <!-- testcases.managecards.ManageCardsusingCardNumberEndingwithUserhaveonlyoneCard -->
