<?xml version="1.0" encoding="UTF-8"?>
<!-- Generated by org.testng.reporters.JUnitReportReporter -->
<testsuite skipped="0" hostname="Vikram-Vasu" name="testcases.productandservices.TC37PSInvestmentInvestOnlineNavigation" tests="1" failures="0" timestamp="2020-05-07T13:36:06 IST" time="92.379" errors="0">
  <testcase name="InvestmentsInvestOnlineNavigation" time="92.379" classname="testcases.productandservices.TC37PSInvestmentInvestOnlineNavigation"/>
  <system-out/>
</testsuite> <!-- testcases.productandservices.TC37PSInvestmentInvestOnlineNavigation -->
