<?xml version="1.0" encoding="UTF-8"?>
<!-- Generated by org.testng.reporters.JUnitReportReporter -->
<testsuite skipped="0" hostname="Lenovo-PC" name="testcases.recharge.TC47VerifyIfUserEntersZEROAsMobileNumber" tests="1" failures="0" timestamp="2020-05-05T16:34:50 IST" time="57.678" errors="0">
  <testcase name="ZeroForMobile" time="57.678" classname="testcases.recharge.TC47VerifyIfUserEntersZEROAsMobileNumber"/>
  <system-out/>
</testsuite> <!-- testcases.recharge.TC47VerifyIfUserEntersZEROAsMobileNumber -->
