<?xml version="1.0" encoding="UTF-8"?>
<!-- Generated by org.testng.reporters.JUnitReportReporter -->
<testsuite skipped="0" hostname="vairamuthu" name="testcases.chequebookrequest.ChequeBookRequestIntentAccountDisplayMessage" tests="1" failures="0" timestamp="06 Mar 2020 11:52:37 GMT" time="32.974" errors="0">
  <testcase name="ChequeBookRequestIntentAccountDisplayMessage" time="32.974" classname="testcases.chequebookrequest.ChequeBookRequestIntentAccountDisplayMessage"/>
</testsuite> <!-- testcases.chequebookrequest.ChequeBookRequestIntentAccountDisplayMessage -->
