<?xml version="1.0" encoding="UTF-8"?>
<!-- Generated by org.testng.reporters.JUnitReportReporter -->
<testsuite skipped="0" hostname="Lenovo-PC" name="testcases.paycreditcard.TC56PayCreditCardPayEnteredtheWrongAmount" tests="1" failures="0" timestamp="2020-05-01T16:47:14 IST" time="64.572" errors="0">
  <testcase name="OtherAmountvalidation" time="64.572" classname="testcases.paycreditcard.TC56PayCreditCardPayEnteredtheWrongAmount"/>
  <system-out/>
</testsuite> <!-- testcases.paycreditcard.TC56PayCreditCardPayEnteredtheWrongAmount -->
