<?xml version="1.0" encoding="UTF-8"?>
<!-- Generated by org.testng.reporters.JUnitReportReporter -->
<testsuite skipped="0" hostname="Lenovo-PC" name="testcases.recharge.TC34VerifyUserAbleToRechargeUsingAccountTypeSupportedIntents" tests="2" failures="0" timestamp="2020-05-05T16:34:50 IST" time="88.970" errors="0">
  <testcase name="SavingsTypeForRecharge" time="44.884" classname="testcases.recharge.TC34VerifyUserAbleToRechargeUsingAccountTypeSupportedIntents"/>
  <system-out/>
  <testcase name="CurrentTypeForRecharge" time="44.086" classname="testcases.recharge.TC34VerifyUserAbleToRechargeUsingAccountTypeSupportedIntents"/>
  <system-out/>
</testsuite> <!-- testcases.recharge.TC34VerifyUserAbleToRechargeUsingAccountTypeSupportedIntents -->
