<?xml version="1.0" encoding="UTF-8"?>
<!-- Generated by org.testng.reporters.JUnitReportReporter -->
<testsuite skipped="0" hostname="Lenovo-PC" name="testcases.recharge.JIRA_TC09VerifyIfUserEntersZEROAsMobileNumber" tests="1" failures="0" timestamp="2020-04-06T13:38:40 IST" time="48.600" errors="0">
  <testcase name="ZeroForMobile" time="48.600" classname="testcases.recharge.JIRA_TC09VerifyIfUserEntersZEROAsMobileNumber"/>
  <system-out/>
</testsuite> <!-- testcases.recharge.JIRA_TC09VerifyIfUserEntersZEROAsMobileNumber -->
