<?xml version="1.0" encoding="UTF-8"?>
<!-- Generated by org.testng.reporters.JUnitReportReporter -->
<testsuite skipped="0" hostname="Lenovo-PC" name="testcases.chequebookrequest.TC15ChequeBookRequestbyAccountNameCorrectAccountName" tests="1" failures="0" timestamp="2020-05-06T01:10:31 IST" time="57.275" errors="0">
  <testcase name="ChequeBookRequestbyAccountNameCorrectAccountName" time="57.275" classname="testcases.chequebookrequest.TC15ChequeBookRequestbyAccountNameCorrectAccountName"/>
  <system-out/>
</testsuite> <!-- testcases.chequebookrequest.TC15ChequeBookRequestbyAccountNameCorrectAccountName -->
