<?xml version="1.0" encoding="UTF-8"?>
<!-- Generated by org.testng.reporters.JUnitReportReporter -->
<testsuite skipped="0" hostname="Lenovo-PC" name="testcases.recharge.TC10VerifyUserAbleToGiveConfirmationForRecharge" tests="1" failures="0" timestamp="2020-05-05T16:34:50 IST" time="81.517" errors="0">
  <testcase name="giveConfirmationForRecharge" time="81.517" classname="testcases.recharge.TC10VerifyUserAbleToGiveConfirmationForRecharge"/>
  <system-out/>
</testsuite> <!-- testcases.recharge.TC10VerifyUserAbleToGiveConfirmationForRecharge -->
