<?xml version="1.0" encoding="UTF-8"?>
<!-- Generated by org.testng.reporters.JUnitReportReporter -->
<testsuite skipped="0" hostname="Vikram-Vasu" name="testcases.managecards.TC30ManageCardsBlockCardNumberEndingWithUserhaveonlyonecard" tests="1" failures="0" timestamp="2020-05-08T01:46:40 IST" time="99.690" errors="0">
  <testcase name="ManageCardsBlockCardNumberEndingWithUserhaveonlyonecard" time="99.690" classname="testcases.managecards.TC30ManageCardsBlockCardNumberEndingWithUserhaveonlyonecard"/>
  <system-out/>
</testsuite> <!-- testcases.managecards.TC30ManageCardsBlockCardNumberEndingWithUserhaveonlyonecard -->
