<?xml version="1.0" encoding="UTF-8"?>
<!-- Generated by org.testng.reporters.JUnitReportReporter -->
<testsuite skipped="0" hostname="Vikram-Vasu" name="testcases.fundtransfer.ownaccount.TC07FundTransferAccountSelectionMessageCheck" tests="1" failures="0" timestamp="2020-05-07T11:15:34 IST" time="46.790" errors="0">
  <testcase name="FundTransferText" time="46.790" classname="testcases.fundtransfer.ownaccount.TC07FundTransferAccountSelectionMessageCheck"/>
  <system-out/>
</testsuite> <!-- testcases.fundtransfer.ownaccount.TC07FundTransferAccountSelectionMessageCheck -->
