<?xml version="1.0" encoding="UTF-8"?>
<!-- Generated by org.testng.reporters.JUnitReportReporter -->
<testsuite skipped="0" hostname="Lenovo-PC" name="testcases.statementrequest.TC31StatementRequestForCorrectAccountTypeWithInvalidAccountNumberEnding" tests="1" failures="0" timestamp="2020-05-05T20:25:33 IST" time="42.706" errors="0">
  <testcase name="StatementRequestForCorrectAccountTypeAndInvalidAccountNumberEnding" time="42.706" classname="testcases.statementrequest.TC31StatementRequestForCorrectAccountTypeWithInvalidAccountNumberEnding"/>
  <system-out/>
</testsuite> <!-- testcases.statementrequest.TC31StatementRequestForCorrectAccountTypeWithInvalidAccountNumberEnding -->
