<?xml version="1.0" encoding="UTF-8"?>
<!-- Generated by org.testng.reporters.JUnitReportReporter -->
<testsuite skipped="0" hostname="Vikram-Vasu" name="testcases.managecards.TC16ManageCardsInvalidInputwhileCardstoBlockSelection" tests="1" failures="0" timestamp="2020-05-08T01:46:40 IST" time="63.949" errors="0">
  <testcase name="ManageCardsInvalidInputwhileCardstoBlockSelection" time="63.949" classname="testcases.managecards.TC16ManageCardsInvalidInputwhileCardstoBlockSelection"/>
  <system-out/>
</testsuite> <!-- testcases.managecards.TC16ManageCardsInvalidInputwhileCardstoBlockSelection -->
