<?xml version="1.0" encoding="UTF-8"?>
<!-- Generated by org.testng.reporters.JUnitReportReporter -->
<testsuite skipped="0" hostname="Vikram-Vasu" name="testcases.managecards.TC19ManageCardsTwoConsecutiveWrongEntryinBlockConfirmationMessage" tests="1" failures="0" timestamp="2020-05-08T01:46:40 IST" time="81.577" errors="0">
  <testcase name="ManageCardsTwoConsecutiveWrongEntryinBlockConfirmationMessage" time="81.577" classname="testcases.managecards.TC19ManageCardsTwoConsecutiveWrongEntryinBlockConfirmationMessage"/>
  <system-out/>
</testsuite> <!-- testcases.managecards.TC19ManageCardsTwoConsecutiveWrongEntryinBlockConfirmationMessage -->
