<?xml version="1.0" encoding="UTF-8"?>
<!-- Generated by org.testng.reporters.JUnitReportReporter -->
<testsuite skipped="0" hostname="Lenovo-PC" name="testcases.accountbalance.TC07VerifyValidationMessageForWrongAccountNameUtterance" tests="1" failures="0" timestamp="2020-05-04T13:15:23 IST" time="52.576" errors="0">
  <testcase name="ResponseForWrongAccountNameUtterance" time="52.576" classname="testcases.accountbalance.TC07VerifyValidationMessageForWrongAccountNameUtterance"/>
  <system-out/>
</testsuite> <!-- testcases.accountbalance.TC07VerifyValidationMessageForWrongAccountNameUtterance -->
