<?xml version="1.0" encoding="UTF-8"?>
<!-- Generated by org.testng.reporters.JUnitReportReporter -->
<testsuite skipped="0" hostname="Lenovo-PC" name="testcases.accountbalance.TC17VerifyAccountBalUsingCardNumberEndingUtterance" tests="1" failures="0" timestamp="2020-05-04T13:15:23 IST" time="46.772" errors="0">
  <testcase name="AccountBalOfCardNumberEnding" time="46.772" classname="testcases.accountbalance.TC17VerifyAccountBalUsingCardNumberEndingUtterance"/>
  <system-out/>
</testsuite> <!-- testcases.accountbalance.TC17VerifyAccountBalUsingCardNumberEndingUtterance -->
