<?xml version="1.0" encoding="UTF-8"?>
<!-- Generated by org.testng.reporters.JUnitReportReporter -->
<testsuite skipped="0" hostname="vairamuthu" name="testcases.chequebookrequest.ChequeBookRequestAccountSelectionByClick" tests="3" failures="0" timestamp="06 Mar 2020 11:52:37 GMT" time="104.192" errors="0">
  <testcase name="ChequeBookRequestAccountSelectionByClickAxcessPlusAccount" time="35.413" classname="testcases.chequebookrequest.ChequeBookRequestAccountSelectionByClick"/>
  <testcase name="ChequeBookRequestAccountSelectionByClickSuperValueAccount" time="34.693" classname="testcases.chequebookrequest.ChequeBookRequestAccountSelectionByClick"/>
  <testcase name="ChequeBookRequestAccountSelectionByClickRegularCurrentAccount" time="34.086" classname="testcases.chequebookrequest.ChequeBookRequestAccountSelectionByClick"/>
</testsuite> <!-- testcases.chequebookrequest.ChequeBookRequestAccountSelectionByClick -->
