<?xml version="1.0" encoding="UTF-8"?>
<!-- Generated by org.testng.reporters.JUnitReportReporter -->
<testsuite skipped="0" hostname="Lenovo-PC" name="testcases.statementrequest.TC15VerifyAnythingElseStatementInDownloadResponse" tests="5" failures="0" timestamp="2020-05-05T20:25:34 IST" time="288.723" errors="0">
  <testcase name="VerifyAnythingElseStatementInDownloadResponseForUltimateAccount" time="58.201" classname="testcases.statementrequest.TC15VerifyAnythingElseStatementInDownloadResponse"/>
  <system-out/>
  <testcase name="VerifyAnythingElseStatementInDownloadResponseForPlatinumRewardsAccount" time="58.835" classname="testcases.statementrequest.TC15VerifyAnythingElseStatementInDownloadResponse"/>
  <system-out/>
  <testcase name="VerifyAnythingElseStatementInDownloadResponseForSuperValueAccount" time="57.104" classname="testcases.statementrequest.TC15VerifyAnythingElseStatementInDownloadResponse"/>
  <system-out/>
  <testcase name="VerifyAnythingElseStatementInDownloadResponseForaXcessPlusAccount" time="56.837" classname="testcases.statementrequest.TC15VerifyAnythingElseStatementInDownloadResponse"/>
  <system-out/>
  <testcase name="VerifyAnythingElseStatementInDownloadResponseForRegularCurrentAccount" time="57.746" classname="testcases.statementrequest.TC15VerifyAnythingElseStatementInDownloadResponse"/>
  <system-out/>
</testsuite> <!-- testcases.statementrequest.TC15VerifyAnythingElseStatementInDownloadResponse -->
