<?xml version="1.0" encoding="UTF-8"?>
<!-- Generated by org.testng.reporters.JUnitReportReporter -->
<testsuite skipped="0" hostname="Lenovo-PC" name="testcases.statementrequest.TC11VerifyWrongAccountSelectedResponseFromBot" tests="1" failures="0" timestamp="2020-05-05T20:25:32 IST" time="53.326" errors="0">
  <testcase name="BotResponseForWrongAccount" time="53.326" classname="testcases.statementrequest.TC11VerifyWrongAccountSelectedResponseFromBot"/>
  <system-out/>
</testsuite> <!-- testcases.statementrequest.TC11VerifyWrongAccountSelectedResponseFromBot -->
