<?xml version="1.0" encoding="UTF-8"?>
<!-- Generated by org.testng.reporters.JUnitReportReporter -->
<testsuite skipped="0" hostname="Vikram-Vasu" name="testcases.productandservices.TC07PSListofInvestmentsSubMenuCheck" tests="1" failures="0" timestamp="2020-05-07T13:36:06 IST" time="50.776" errors="0">
  <testcase name="ListofInvestmentsSubMenuCheck" time="50.776" classname="testcases.productandservices.TC07PSListofInvestmentsSubMenuCheck"/>
  <system-out/>
</testsuite> <!-- testcases.productandservices.TC07PSListofInvestmentsSubMenuCheck -->
