<?xml version="1.0" encoding="UTF-8"?>
<!-- Generated by org.testng.reporters.JUnitReportReporter -->
<testsuite skipped="0" hostname="Lenovo-PC" name="testcases.recharge.TC20VerifyUserAbleToEnterWrongAmountForRecharge" tests="1" failures="0" timestamp="2020-05-05T16:34:50 IST" time="76.480" errors="0">
  <testcase name="enterWrongAmountForRecharge" time="76.480" classname="testcases.recharge.TC20VerifyUserAbleToEnterWrongAmountForRecharge"/>
  <system-out/>
</testsuite> <!-- testcases.recharge.TC20VerifyUserAbleToEnterWrongAmountForRecharge -->
