<?xml version="1.0" encoding="UTF-8"?>
<!-- Generated by org.testng.reporters.JUnitReportReporter -->
<testsuite skipped="0" hostname="Lenovo-PC" name="testcases.accountbalance.TC11VerifyAccountBalModuleUsingAccountBalOfCreditAccountType" tests="1" failures="0" timestamp="2020-05-04T13:15:24 IST" time="49.005" errors="0">
  <testcase name="AccountBalOfCreditAccount" time="49.005" classname="testcases.accountbalance.TC11VerifyAccountBalModuleUsingAccountBalOfCreditAccountType"/>
  <system-out/>
</testsuite> <!-- testcases.accountbalance.TC11VerifyAccountBalModuleUsingAccountBalOfCreditAccountType -->
