<?xml version="1.0" encoding="UTF-8"?>
<!-- Generated by org.testng.reporters.JUnitReportReporter -->
<testsuite skipped="0" hostname="Vikram-Vasu" name="testcases.viewtransaction.TC20ViewTransactionWrongCardNumberEndingwith" tests="1" failures="0" timestamp="2020-05-08T09:38:12 IST" time="58.679" errors="0">
  <testcase name="ViewTransactionWrongCardNumberEndingwith" time="58.679" classname="testcases.viewtransaction.TC20ViewTransactionWrongCardNumberEndingwith"/>
  <system-out/>
</testsuite> <!-- testcases.viewtransaction.TC20ViewTransactionWrongCardNumberEndingwith -->
