<?xml version="1.0" encoding="UTF-8"?>
<!-- Generated by org.testng.reporters.JUnitReportReporter -->
<testsuite skipped="0" hostname="Vikram-Vasu" name="testcases.managecards.TC44ManageCardsInvalidinputwhileUnblockTypeselection" tests="1" failures="0" timestamp="2020-05-08T01:46:40 IST" time="60.019" errors="0">
  <testcase name="ManageCardsInvalidinputwhileBlockUnblockTypeselection" time="60.019" classname="testcases.managecards.TC44ManageCardsInvalidinputwhileUnblockTypeselection"/>
  <system-out/>
</testsuite> <!-- testcases.managecards.TC44ManageCardsInvalidinputwhileUnblockTypeselection -->
