<?xml version="1.0" encoding="UTF-8"?>
<!-- Generated by org.testng.reporters.JUnitReportReporter -->
<testsuite skipped="0" hostname="Vikram-Vasu" name="testcases.managecards.TC26ManageCardsBlockDebitCardbyCardName" tests="1" failures="0" timestamp="2020-05-08T01:46:40 IST" time="98.689" errors="0">
  <testcase name="ManageCardsBlockDebitCardbyCardName" time="98.689" classname="testcases.managecards.TC26ManageCardsBlockDebitCardbyCardName"/>
  <system-out/>
</testsuite> <!-- testcases.managecards.TC26ManageCardsBlockDebitCardbyCardName -->
