<?xml version="1.0" encoding="UTF-8"?>
<!-- Generated by org.testng.reporters.JUnitReportReporter -->
<testsuite skipped="0" hostname="Lenovo-PC" name="testcases.chequebookrequest.TC01ChequeBookRequestIconCheck" tests="1" failures="0" timestamp="2020-05-06T01:10:31 IST" time="32.748" errors="0">
  <testcase name="ChequeBookRequestIconCheck" time="32.748" classname="testcases.chequebookrequest.TC01ChequeBookRequestIconCheck"/>
  <system-out/>
</testsuite> <!-- testcases.chequebookrequest.TC01ChequeBookRequestIconCheck -->
