<?xml version="1.0" encoding="UTF-8"?>
<!-- Generated by org.testng.reporters.JUnitReportReporter -->
<testsuite skipped="0" hostname="Vikram-Vasu" name="testcases.fundtransfer.ownaccount.TC53FundTransferWrongAmountEnteredtwicesMessage" tests="1" failures="0" timestamp="2020-05-07T11:15:34 IST" time="90.653" errors="0">
  <testcase name="FundTransferWrongAmountEnteredMessageCheck" time="90.653" classname="testcases.fundtransfer.ownaccount.TC53FundTransferWrongAmountEnteredtwicesMessage"/>
  <system-out/>
</testsuite> <!-- testcases.fundtransfer.ownaccount.TC53FundTransferWrongAmountEnteredtwicesMessage -->
