<?xml version="1.0" encoding="UTF-8"?>
<!-- Generated by org.testng.reporters.JUnitReportReporter -->
<testsuite skipped="0" hostname="Vikram-Vasu" name="testcases.productandservices.TC34PSInvestmentHowToInvestAccountHolderFlow" tests="1" failures="0" timestamp="2020-05-07T13:36:06 IST" time="80.842" errors="0">
  <testcase name="InvestAccountHolderFlow" time="80.842" classname="testcases.productandservices.TC34PSInvestmentHowToInvestAccountHolderFlow"/>
  <system-out/>
</testsuite> <!-- testcases.productandservices.TC34PSInvestmentHowToInvestAccountHolderFlow -->
