<?xml version="1.0" encoding="UTF-8"?>
<!-- Generated by org.testng.reporters.JUnitReportReporter -->
<testsuite skipped="0" hostname="Lenovo-PC" name="testcases.statementrequest.TC32StatementRequestForCorrectAccountTypeAndDifferentAccountTypesAccountNumber" tests="1" failures="0" timestamp="2020-05-05T20:25:34 IST" time="43.189" errors="0">
  <testcase name="StatementRequestForCorrectAccountTypeAndDifferentAccountTypesAccountNumber" time="43.189" classname="testcases.statementrequest.TC32StatementRequestForCorrectAccountTypeAndDifferentAccountTypesAccountNumber"/>
  <system-out/>
</testsuite> <!-- testcases.statementrequest.TC32StatementRequestForCorrectAccountTypeAndDifferentAccountTypesAccountNumber -->
