<?xml version="1.0" encoding="UTF-8"?>
<!-- Generated by org.testng.reporters.JUnitReportReporter -->
<testsuite skipped="0" hostname="Lenovo-PC" name="testcases.recharge.TC30_VerifyValidationMessageForTwoInvalidOperatorInputFromUser" tests="1" failures="0" timestamp="2020-05-05T16:34:50 IST" time="89.048" errors="0">
  <testcase name="giveWrongOperator" time="89.048" classname="testcases.recharge.TC30_VerifyValidationMessageForTwoInvalidOperatorInputFromUser"/>
  <system-out/>
</testsuite> <!-- testcases.recharge.TC30_VerifyValidationMessageForTwoInvalidOperatorInputFromUser -->
