<?xml version="1.0" encoding="UTF-8"?>
<!-- Generated by org.testng.reporters.JUnitReportReporter -->
<testsuite skipped="0" hostname="Lenovo-PC" name="testcases.recharge.TC33VerifyUserAbleToViewValidationMessageForTwoConsecutiveWrongAccountNames" tests="1" failures="0" timestamp="2020-05-05T16:34:50 IST" time="75.620" errors="0">
  <testcase name="wrongAccountNameTwice" time="75.620" classname="testcases.recharge.TC33VerifyUserAbleToViewValidationMessageForTwoConsecutiveWrongAccountNames"/>
  <system-out/>
</testsuite> <!-- testcases.recharge.TC33VerifyUserAbleToViewValidationMessageForTwoConsecutiveWrongAccountNames -->
