<?xml version="1.0" encoding="UTF-8"?>
<!-- Generated by org.testng.reporters.JUnitReportReporter -->
<testsuite skipped="0" hostname="Vikram-Vasu" name="testcases.productandservices.TC08PSListofCustomerCareSubMenuCheck" tests="1" failures="0" timestamp="2020-05-07T13:36:06 IST" time="50.305" errors="0">
  <testcase name="ListofCustomerCareSubMenuCheck" time="50.305" classname="testcases.productandservices.TC08PSListofCustomerCareSubMenuCheck"/>
  <system-out/>
</testsuite> <!-- testcases.productandservices.TC08PSListofCustomerCareSubMenuCheck -->
