<?xml version="1.0" encoding="UTF-8"?>
<!-- Generated by org.testng.reporters.JUnitReportReporter -->
<testsuite skipped="0" hostname="Lenovo-PC" name="testcases.paycreditcard.TC10PayCreditCardViewtheTransactionSuccessfulMessage" tests="1" failures="0" timestamp="2020-05-01T16:47:14 IST" time="68.475" errors="0">
  <testcase name="PayCreditCardViewtheTransactionSuccessfulMessage" time="68.475" classname="testcases.paycreditcard.TC10PayCreditCardViewtheTransactionSuccessfulMessage"/>
  <system-out/>
</testsuite> <!-- testcases.paycreditcard.TC10PayCreditCardViewtheTransactionSuccessfulMessage -->
