<?xml version="1.0" encoding="UTF-8"?>
<!-- Generated by org.testng.reporters.JUnitReportReporter -->
<testsuite skipped="0" hostname="Lenovo-PC" name="testcases.recharge.TC40VerifyUserAbleToRechargeUsingAccountTypeWithAccountNumberSupportedIntents" tests="3" failures="0" timestamp="2020-05-05T16:34:50 IST" time="121.766" errors="0">
  <testcase name="AccountTypeWithNumberIntentOne" time="40.507" classname="testcases.recharge.TC40VerifyUserAbleToRechargeUsingAccountTypeWithAccountNumberSupportedIntents"/>
  <system-out/>
  <testcase name="AccountTypeWithNumberIntentTwo" time="40.709" classname="testcases.recharge.TC40VerifyUserAbleToRechargeUsingAccountTypeWithAccountNumberSupportedIntents"/>
  <system-out/>
  <testcase name="AccountTypeWithNumberIntentThree" time="40.550" classname="testcases.recharge.TC40VerifyUserAbleToRechargeUsingAccountTypeWithAccountNumberSupportedIntents"/>
  <system-out/>
</testsuite> <!-- testcases.recharge.TC40VerifyUserAbleToRechargeUsingAccountTypeWithAccountNumberSupportedIntents -->
