<?xml version="1.0" encoding="UTF-8"?>
<!-- Generated by org.testng.reporters.JUnitReportReporter -->
<testsuite skipped="0" hostname="vairamuthu" name="testcases.managecards.ManageCardsBlockCreditCardwhenuserhaveonecreditcard" tests="1" failures="0" timestamp="09 Mar 2020 10:16:29 GMT" time="70.199" errors="0">
  <testcase name="ManageCardsBlockCreditCard" time="70.199" classname="testcases.managecards.ManageCardsBlockCreditCardwhenuserhaveonecreditcard"/>
</testsuite> <!-- testcases.managecards.ManageCardsBlockCreditCardwhenuserhaveonecreditcard -->
