<?xml version="1.0" encoding="UTF-8"?>
<!-- Generated by org.testng.reporters.JUnitReportReporter -->
<testsuite skipped="0" hostname="Vikram-Vasu" name="testcases.fundtransfer.ownaccount.TC21FundTransferCorrectAccountTypeEntryCheck" tests="1" failures="0" timestamp="2020-05-07T11:15:34 IST" time="68.351" errors="0">
  <testcase name="FundTransferCorrectAccountTypeEntryCheck" time="68.351" classname="testcases.fundtransfer.ownaccount.TC21FundTransferCorrectAccountTypeEntryCheck"/>
  <system-out/>
</testsuite> <!-- testcases.fundtransfer.ownaccount.TC21FundTransferCorrectAccountTypeEntryCheck -->
