<?xml version="1.0" encoding="UTF-8"?>
<!-- Generated by org.testng.reporters.JUnitReportReporter -->
<testsuite skipped="0" hostname="Vikram-Vasu" name="testcases.viewtransaction.TC11ViewTransactionCorrectAccountTypeUserDonotHaveAccount" tests="1" failures="0" timestamp="2020-05-08T09:38:12 IST" time="54.970" errors="0">
  <testcase name="ViewTransactionCorrectAccountTypeUserDonotHaveAccount" time="54.970" classname="testcases.viewtransaction.TC11ViewTransactionCorrectAccountTypeUserDonotHaveAccount"/>
  <system-out/>
</testsuite> <!-- testcases.viewtransaction.TC11ViewTransactionCorrectAccountTypeUserDonotHaveAccount -->
