<?xml version="1.0" encoding="UTF-8"?>
<!-- Generated by org.testng.reporters.JUnitReportReporter -->
<testsuite skipped="0" hostname="Lenovo-PC" name="testcases.chequebookrequest.TC09ChequeBookRequestAccountNameDisplayinConfirmationMessage" tests="1" failures="0" timestamp="2020-05-06T01:10:31 IST" time="61.429" errors="0">
  <testcase name="ChequeBookRequestAccountSelectionByTextSuperValueAccount" time="61.429" classname="testcases.chequebookrequest.TC09ChequeBookRequestAccountNameDisplayinConfirmationMessage"/>
  <system-out/>
</testsuite> <!-- testcases.chequebookrequest.TC09ChequeBookRequestAccountNameDisplayinConfirmationMessage -->
