<?xml version="1.0" encoding="UTF-8"?>
<!-- Generated by org.testng.reporters.JUnitReportReporter -->
<testsuite skipped="0" hostname="Vikram-Vasu" name="testcases.managecards.TC15ManageCardsTwoConsecutiveWrongEntryinBlockTypeselection" tests="1" failures="0" timestamp="2020-05-08T01:46:40 IST" time="65.038" errors="0">
  <testcase name="ManageCardsTwoConsecutiveWrongEntryinBlockUnblockTypeselection" time="65.038" classname="testcases.managecards.TC15ManageCardsTwoConsecutiveWrongEntryinBlockTypeselection"/>
  <system-out/>
</testsuite> <!-- testcases.managecards.TC15ManageCardsTwoConsecutiveWrongEntryinBlockTypeselection -->
