<?xml version="1.0" encoding="UTF-8"?>
<!-- Generated by org.testng.reporters.JUnitReportReporter -->
<testsuite skipped="0" hostname="Lenovo-PC" name="testcases.applynow.TC01VerifyBotDisplaysProductsAndServicesWhenUserProvidesApplyNowUtterance" tests="1" failures="0" timestamp="2020-04-20T23:29:15 IST" time="33.171" errors="0">
  <testcase name="ResponseForApplyNowUtterance" time="33.171" classname="testcases.applynow.TC01VerifyBotDisplaysProductsAndServicesWhenUserProvidesApplyNowUtterance"/>
  <system-out/>
</testsuite> <!-- testcases.applynow.TC01VerifyBotDisplaysProductsAndServicesWhenUserProvidesApplyNowUtterance -->
