<?xml version="1.0" encoding="UTF-8"?>
<!-- Generated by org.testng.reporters.JUnitReportReporter -->
<testsuite skipped="0" hostname="Lenovo-PC" name="testcases.recharge.TC41VerifyUserAbleToRechargeUsingAccountTypeWithWrongAccountNumberEnding" tests="1" failures="0" timestamp="2020-05-05T16:34:50 IST" time="44.713" errors="0">
  <testcase name="AccountTypeWithWrongAccountNumber" time="44.713" classname="testcases.recharge.TC41VerifyUserAbleToRechargeUsingAccountTypeWithWrongAccountNumberEnding"/>
  <system-out/>
</testsuite> <!-- testcases.recharge.TC41VerifyUserAbleToRechargeUsingAccountTypeWithWrongAccountNumberEnding -->
