<?xml version="1.0" encoding="UTF-8"?>
<!-- Generated by org.testng.reporters.JUnitReportReporter -->
<testsuite skipped="0" hostname="Lenovo-PC" name="testcases.statementrequest.TC26VerifyNoAccountAvailableResponseForUsersNotHavingSavingsAccount" tests="1" failures="0" timestamp="2020-05-05T20:25:33 IST" time="43.693" errors="0">
  <testcase name="VerifyNoAccountAvailableForNoSavingsAccountUser" time="43.693" classname="testcases.statementrequest.TC26VerifyNoAccountAvailableResponseForUsersNotHavingSavingsAccount"/>
  <system-out/>
</testsuite> <!-- testcases.statementrequest.TC26VerifyNoAccountAvailableResponseForUsersNotHavingSavingsAccount -->
