<?xml version="1.0" encoding="UTF-8"?>
<!-- Generated by org.testng.reporters.JUnitReportReporter -->
<testsuite skipped="0" hostname="Vikram-Vasu" name="testcases.managecards.TC05ManageCardsBlockTypeDisplay" tests="1" failures="0" timestamp="2020-05-08T01:46:40 IST" time="45.532" errors="0">
  <testcase name="ManageCardsBlockUnblockTypeDisplay" time="45.532" classname="testcases.managecards.TC05ManageCardsBlockTypeDisplay"/>
  <system-out/>
</testsuite> <!-- testcases.managecards.TC05ManageCardsBlockTypeDisplay -->
