<?xml version="1.0" encoding="UTF-8"?>
<!-- Generated by org.testng.reporters.JUnitReportReporter -->
<testsuite skipped="0" hostname="Lenovo-PC" name="testcases.accountbalance.TC13VerifyValidationMessageForWrongAccountTypeEndingUtterance" tests="1" failures="0" timestamp="2020-05-04T13:15:24 IST" time="51.762" errors="0">
  <testcase name="AccountBalForWrongAccountTypeEnding" time="51.762" classname="testcases.accountbalance.TC13VerifyValidationMessageForWrongAccountTypeEndingUtterance"/>
  <system-out/>
</testsuite> <!-- testcases.accountbalance.TC13VerifyValidationMessageForWrongAccountTypeEndingUtterance -->
