<?xml version="1.0" encoding="UTF-8"?>
<!-- Generated by org.testng.reporters.JUnitReportReporter -->
<testsuite skipped="0" hostname="Lenovo-PC" name="testcases.statementrequest.TC40StatementRequestForCardNumberEndingSupportedIntents" tests="3" failures="0" timestamp="2020-05-05T20:25:34 IST" time="136.447" errors="0">
  <testcase name="StatementRequestForCardNumberEndingIntentOne" time="46.859" classname="testcases.statementrequest.TC40StatementRequestForCardNumberEndingSupportedIntents"/>
  <system-out/>
  <testcase name="StatementRequestIntentTwoForAccountName" time="44.904" classname="testcases.statementrequest.TC40StatementRequestForCardNumberEndingSupportedIntents"/>
  <system-out/>
  <testcase name="StatementRequestIntentThreeForAccountName" time="44.684" classname="testcases.statementrequest.TC40StatementRequestForCardNumberEndingSupportedIntents"/>
  <system-out/>
</testsuite> <!-- testcases.statementrequest.TC40StatementRequestForCardNumberEndingSupportedIntents -->
