<?xml version="1.0" encoding="UTF-8"?>
<!-- Generated by org.testng.reporters.JUnitReportReporter -->
<testsuite skipped="0" hostname="Vikram-Vasu" name="testcases.viewtransaction.TC02ViewTransactionWithoutLogin" tests="1" failures="0" timestamp="2020-05-08T09:38:12 IST" time="64.771" errors="0">
  <testcase name="ViewTransactionWithoutLogin" time="64.771" classname="testcases.viewtransaction.TC02ViewTransactionWithoutLogin"/>
  <system-out/>
</testsuite> <!-- testcases.viewtransaction.TC02ViewTransactionWithoutLogin -->
