<?xml version="1.0" encoding="UTF-8"?>
<!-- Generated by org.testng.reporters.JUnitReportReporter -->
<testsuite skipped="0" hostname="Lenovo-PC" name="testcases.locator.TC02VerifyLocatorIconIsClickableWithoutLoginFromWelcomeDropDown" tests="1" failures="0" timestamp="2020-05-04T17:29:24 IST" time="27.141" errors="0">
  <testcase name="clickLocatorIconFromDropDownBeforeLogin" time="27.141" classname="testcases.locator.TC02VerifyLocatorIconIsClickableWithoutLoginFromWelcomeDropDown"/>
  <system-out/>
</testsuite> <!-- testcases.locator.TC02VerifyLocatorIconIsClickableWithoutLoginFromWelcomeDropDown -->
