<?xml version="1.0" encoding="UTF-8"?>
<!-- Generated by org.testng.reporters.JUnitReportReporter -->
<testsuite skipped="0" hostname="Lenovo-PC" name="testcases.accountbalance.TC19VerifyAccountBalUsingCardType" tests="1" failures="0" timestamp="2020-04-15T18:49:09 IST" time="46.246" errors="0">
  <testcase name="AccountBalForCardType" time="46.246" classname="testcases.accountbalance.TC19VerifyAccountBalUsingCardType"/>
  <system-out/>
</testsuite> <!-- testcases.accountbalance.TC19VerifyAccountBalUsingCardType -->
