<?xml version="1.0" encoding="UTF-8"?>
<!-- Generated by org.testng.reporters.JUnitReportReporter -->
<testsuite skipped="0" hostname="Lenovo-PC" name="testcases.paycreditcard.TC30PayCreditCardSelectTheCorrectAccountAutomaticallyWhenUserGivesUtterancebasedonAccountName" tests="3" failures="0" timestamp="2020-05-01T16:47:14 IST" time="126.434" errors="0">
  <testcase name="UtterancebasedonAccountNameAxcessPlusAccount" time="42.360" classname="testcases.paycreditcard.TC30PayCreditCardSelectTheCorrectAccountAutomaticallyWhenUserGivesUtterancebasedonAccountName"/>
  <system-out/>
  <testcase name="UtterancebasedonAccountNameRegularCurrentAccount" time="43.469" classname="testcases.paycreditcard.TC30PayCreditCardSelectTheCorrectAccountAutomaticallyWhenUserGivesUtterancebasedonAccountName"/>
  <system-out/>
  <testcase name="UtterancebasedonAccountNameSuperValueAccount" time="40.605" classname="testcases.paycreditcard.TC30PayCreditCardSelectTheCorrectAccountAutomaticallyWhenUserGivesUtterancebasedonAccountName"/>
  <system-out/>
</testsuite> <!-- testcases.paycreditcard.TC30PayCreditCardSelectTheCorrectAccountAutomaticallyWhenUserGivesUtterancebasedonAccountName -->
