<?xml version="1.0" encoding="UTF-8"?>
<!-- Generated by org.testng.reporters.JUnitReportReporter -->
<testsuite skipped="0" hostname="Lenovo-PC" name="testcases.chequebookrequest.TC10ChequeBookRequestConfirmAndCancelButtonsCheck" tests="1" failures="0" timestamp="2020-05-06T01:10:31 IST" time="62.315" errors="0">
  <testcase name="ChequeBookRequestAccountSelectionByTextSuperValueAccount" time="62.315" classname="testcases.chequebookrequest.TC10ChequeBookRequestConfirmAndCancelButtonsCheck"/>
  <system-out/>
</testsuite> <!-- testcases.chequebookrequest.TC10ChequeBookRequestConfirmAndCancelButtonsCheck -->
