<?xml version="1.0" encoding="UTF-8"?>
<!-- Generated by org.testng.reporters.JUnitReportReporter -->
<testsuite skipped="0" hostname="Vikram-Vasu" name="testcases.productandservices.TC22PSDigitalBankingOTP" tests="1" failures="0" timestamp="2020-05-07T13:36:06 IST" time="53.747" errors="0">
  <testcase name="DigitalBankingOTP" time="53.747" classname="testcases.productandservices.TC22PSDigitalBankingOTP"/>
  <system-out/>
</testsuite> <!-- testcases.productandservices.TC22PSDigitalBankingOTP -->
