<?xml version="1.0" encoding="UTF-8"?>
<!-- Generated by org.testng.reporters.JUnitReportReporter -->
<testsuite skipped="0" hostname="Vikram-Vasu" name="testcases.viewtransaction.TC03ViewTransactionUsingUtterance" tests="1" failures="0" timestamp="2020-05-08T09:38:12 IST" time="67.765" errors="0">
  <testcase name="ViewTransactionUsingUtterance" time="67.765" classname="testcases.viewtransaction.TC03ViewTransactionUsingUtterance"/>
  <system-out/>
</testsuite> <!-- testcases.viewtransaction.TC03ViewTransactionUsingUtterance -->
