<?xml version="1.0" encoding="UTF-8"?>
<!-- Generated by org.testng.reporters.JUnitReportReporter -->
<testsuite skipped="0" hostname="Vikram-Vasu" name="testcases.managecards.TC06ManageCardsClickBlockButton" tests="1" failures="0" timestamp="2020-05-08T01:46:40 IST" time="50.897" errors="0">
  <testcase name="ManageCardsClickBlockButton" time="50.897" classname="testcases.managecards.TC06ManageCardsClickBlockButton"/>
  <system-out/>
</testsuite> <!-- testcases.managecards.TC06ManageCardsClickBlockButton -->
