<?xml version="1.0" encoding="UTF-8"?>
<!-- Generated by org.testng.reporters.JUnitReportReporter -->
<testsuite skipped="0" hostname="Lenovo-PC" name="testcases.statementrequest.TC06StatementRequestSelectTheListOfAccounts" tests="5" failures="0" timestamp="2020-05-05T20:25:32 IST" time="234.198" errors="0">
  <testcase name="StatementRequestSelectUltimateCardAccount" time="47.656" classname="testcases.statementrequest.TC06StatementRequestSelectTheListOfAccounts"/>
  <system-out/>
  <testcase name="StatementRequestSelectPlatinumRewardAccount" time="46.157" classname="testcases.statementrequest.TC06StatementRequestSelectTheListOfAccounts"/>
  <system-out/>
  <testcase name="StatementRequestSelectSuperValueAccount" time="47.239" classname="testcases.statementrequest.TC06StatementRequestSelectTheListOfAccounts"/>
  <system-out/>
  <testcase name="StatementRequestSelectaXcessPlusAccount" time="46.901" classname="testcases.statementrequest.TC06StatementRequestSelectTheListOfAccounts"/>
  <system-out/>
  <testcase name="StatementRequestSelectRegularCurrentAccount" time="46.245" classname="testcases.statementrequest.TC06StatementRequestSelectTheListOfAccounts"/>
  <system-out/>
</testsuite> <!-- testcases.statementrequest.TC06StatementRequestSelectTheListOfAccounts -->
