<?xml version="1.0" encoding="UTF-8"?>
<!-- Generated by org.testng.reporters.JUnitReportReporter -->
<testsuite skipped="0" hostname="Lenovo-PC" name="testcases.recharge.TC44VerifyValidationMessageWhenUserEntersAccountTypeWithWrongAccountNumberEndingTwice" tests="1" failures="0" timestamp="2020-05-05T16:34:50 IST" time="75.853" errors="0">
  <testcase name="AccountTypeWithWrongAccountNumberEnteredTwice" time="75.853" classname="testcases.recharge.TC44VerifyValidationMessageWhenUserEntersAccountTypeWithWrongAccountNumberEndingTwice"/>
  <system-out/>
</testsuite> <!-- testcases.recharge.TC44VerifyValidationMessageWhenUserEntersAccountTypeWithWrongAccountNumberEndingTwice -->
