<?xml version="1.0" encoding="UTF-8"?>
<!-- Generated by org.testng.reporters.JUnitReportReporter -->
<testsuite skipped="0" hostname="Vikram-Vasu" name="testcases.productandservices.TC48PSDBApplyNowEnrollUsingACardInstruction" tests="1" failures="0" timestamp="2020-05-07T13:36:06 IST" time="55.206" errors="1">
  <testcase name="ApplyNowEnrollUsingACardInstruction" time="55.206" classname="testcases.productandservices.TC48PSDBApplyNowEnrollUsingACardInstruction">
    <error type="java.lang.RuntimeException" message="FAILED">
      <![CDATA[java.lang.RuntimeException: FAILED
at utils.Reporter.reportStep(Reporter.java:28)
at wrappers.GenericWrappers.clickWrapper(GenericWrappers.java:376)
at wrappers.GenericWrappers.clickByXpath(GenericWrappers.java:761)
at pages.ProductsAndServicesPage.ClickApplyNow(ProductsAndServicesPage.java:75)
at testcases.productandservices.TC48PSDBApplyNowEnrollUsingACardInstruction.ApplyNowEnrollUsingACardInstruction(TC48PSDBApplyNowEnrollUsingACardInstruction.java:39)
at sun.reflect.NativeMethodAccessorImpl.invoke0(Native Method)
at sun.reflect.NativeMethodAccessorImpl.invoke(Unknown Source)
at sun.reflect.DelegatingMethodAccessorImpl.invoke(Unknown Source)
at java.lang.reflect.Method.invoke(Unknown Source)
at org.testng.internal.MethodInvocationHelper.invokeMethod(MethodInvocationHelper.java:135)
at org.testng.internal.TestInvoker.invokeMethod(TestInvoker.java:598)
at org.testng.internal.TestInvoker.invokeTestMethod(TestInvoker.java:174)
at org.testng.internal.MethodRunner.runInSequence(MethodRunner.java:46)
at org.testng.internal.TestInvoker$MethodInvocationAgent.invoke(TestInvoker.java:821)
at org.testng.internal.TestInvoker.invokeTestMethods(TestInvoker.java:147)
at org.testng.internal.TestMethodWorker.invokeTestMethods(TestMethodWorker.java:146)
at org.testng.internal.TestMethodWorker.run(TestMethodWorker.java:128)
at java.util.concurrent.ThreadPoolExecutor.runWorker(Unknown Source)
at java.util.concurrent.ThreadPoolExecutor$Worker.run(Unknown Source)
at java.lang.Thread.run(Unknown Source)
]]>
    </error>
  </testcase> <!-- ApplyNowEnrollUsingACardInstruction -->
  <system-out/>
</testsuite> <!-- testcases.productandservices.TC48PSDBApplyNowEnrollUsingACardInstruction -->
