<?xml version="1.0" encoding="UTF-8"?>
<!-- Generated by org.testng.reporters.JUnitReportReporter -->
<testsuite skipped="0" hostname="Vikram-Vasu" name="testcases.productandservices.TC24PSLoan_SmartHomeLoanNavigation" tests="1" failures="0" timestamp="2020-05-07T13:36:06 IST" time="89.909" errors="0">
  <testcase name="SmartHomeLoanNavigation" time="89.909" classname="testcases.productandservices.TC24PSLoan_SmartHomeLoanNavigation"/>
  <system-out/>
</testsuite> <!-- testcases.productandservices.TC24PSLoan_SmartHomeLoanNavigation -->
