<?xml version="1.0" encoding="UTF-8"?>
<!-- Generated by org.testng.reporters.JUnitReportReporter -->
<testsuite skipped="0" hostname="Lenovo-PC" name="testcases.statementrequest.TC35StatementRequestByAccountNumberEndingSupportedIntents" tests="3" failures="0" timestamp="2020-05-05T20:25:33 IST" time="141.116" errors="0">
  <testcase name="StatementRequestIntentOneForAccountNumberEnding" time="48.664" classname="testcases.statementrequest.TC35StatementRequestByAccountNumberEndingSupportedIntents"/>
  <system-out/>
  <testcase name="StatementRequestIntentTwoForAccountNumberEnding" time="45.548" classname="testcases.statementrequest.TC35StatementRequestByAccountNumberEndingSupportedIntents"/>
  <system-out/>
  <testcase name="StatementRequestIntentThreeForAccountNumberEnding" time="46.904" classname="testcases.statementrequest.TC35StatementRequestByAccountNumberEndingSupportedIntents"/>
  <system-out/>
</testsuite> <!-- testcases.statementrequest.TC35StatementRequestByAccountNumberEndingSupportedIntents -->
