<?xml version="1.0" encoding="UTF-8"?>
<!-- Generated by org.testng.reporters.JUnitReportReporter -->
<testsuite skipped="0" hostname="Lenovo-PC" name="testcases.chequebookrequest.TC20ChequeBookRequestbyAccountTypeUserhaveOnlyOneAccount" tests="1" failures="0" timestamp="2020-05-06T01:10:31 IST" time="52.325" errors="0">
  <testcase name="ChequeBookRequestbyAccountTypeUserhaveOnlyOneAccount" time="52.325" classname="testcases.chequebookrequest.TC20ChequeBookRequestbyAccountTypeUserhaveOnlyOneAccount"/>
  <system-out/>
</testsuite> <!-- testcases.chequebookrequest.TC20ChequeBookRequestbyAccountTypeUserhaveOnlyOneAccount -->
