<?xml version="1.0" encoding="UTF-8"?>
<!-- Generated by org.testng.reporters.JUnitReportReporter -->
<testsuite skipped="0" hostname="Lenovo-PC" name="testcases.locator.TC10VerifyUserAbleToViewListOfAllBranchesForTheGivenCity" tests="1" failures="0" timestamp="2020-05-04T17:29:24 IST" time="63.882" errors="0">
  <testcase name="userAbleToViewAllBranchesForGivenCity" time="63.882" classname="testcases.locator.TC10VerifyUserAbleToViewListOfAllBranchesForTheGivenCity"/>
  <system-out/>
</testsuite> <!-- testcases.locator.TC10VerifyUserAbleToViewListOfAllBranchesForTheGivenCity -->
