<?xml version="1.0" encoding="UTF-8"?>
<!-- Generated by org.testng.reporters.JUnitReportReporter -->
<testsuite skipped="0" hostname="Lenovo-PC" name="testcases.recharge.TC21VerifyUserAbleToEnterWrongAmountForRechargeTwice" tests="1" failures="0" timestamp="2020-05-05T16:34:50 IST" time="95.757" errors="0">
  <testcase name="enterWrongAmountTwiceForRecharge" time="95.757" classname="testcases.recharge.TC21VerifyUserAbleToEnterWrongAmountForRechargeTwice"/>
  <system-out/>
</testsuite> <!-- testcases.recharge.TC21VerifyUserAbleToEnterWrongAmountForRechargeTwice -->
