<?xml version="1.0" encoding="UTF-8"?>
<!-- Generated by org.testng.reporters.JUnitReportReporter -->
<testsuite skipped="0" hostname="Lenovo-PC" name="testcases.recharge.TC49ValidateIfUserEnterValidMobileNumber" tests="1" failures="0" timestamp="2020-05-05T16:34:50 IST" time="58.302" errors="0">
  <testcase name="validateValidMobileNumberForRecharge" time="58.302" classname="testcases.recharge.TC49ValidateIfUserEnterValidMobileNumber"/>
  <system-out/>
</testsuite> <!-- testcases.recharge.TC49ValidateIfUserEnterValidMobileNumber -->
