<?xml version="1.0" encoding="UTF-8"?>
<!-- Generated by org.testng.reporters.JUnitReportReporter -->
<testsuite skipped="0" hostname="Vikram-Vasu" name="testcases.productandservices.TC19PSDBHowtoEnrollSubMenuCheck" tests="1" failures="0" timestamp="2020-05-07T13:36:06 IST" time="59.704" errors="0">
  <testcase name="HowtoEnrollSubMenuCheck" time="59.704" classname="testcases.productandservices.TC19PSDBHowtoEnrollSubMenuCheck"/>
  <system-out/>
</testsuite> <!-- testcases.productandservices.TC19PSDBHowtoEnrollSubMenuCheck -->
