<?xml version="1.0" encoding="UTF-8"?>
<!-- Generated by org.testng.reporters.JUnitReportReporter -->
<testsuite skipped="0" hostname="Vikram-Vasu" name="testcases.viewtransaction.TC04ClickViewTransactionButton" tests="1" failures="0" timestamp="2020-05-08T09:38:12 IST" time="80.281" errors="0">
  <testcase name="ClickViewTransactionButton" time="80.281" classname="testcases.viewtransaction.TC04ClickViewTransactionButton"/>
  <system-out/>
</testsuite> <!-- testcases.viewtransaction.TC04ClickViewTransactionButton -->
