<?xml version="1.0" encoding="UTF-8"?>
<!-- Generated by org.testng.reporters.JUnitReportReporter -->
<testsuite skipped="0" hostname="Vikram-Vasu" name="testcases.fundtransfer.ownaccount.TC34FundsTransfertoOwnAccountsbyTOAccountTypeEndingWith" tests="1" failures="0" timestamp="2020-05-07T11:15:34 IST" time="60.235" errors="0">
  <testcase name="FundsTransfertoOwnAccountsbyTOAccountTypeCreditAccount" time="60.235" classname="testcases.fundtransfer.ownaccount.TC34FundsTransfertoOwnAccountsbyTOAccountTypeEndingWith"/>
  <system-out/>
</testsuite> <!-- testcases.fundtransfer.ownaccount.TC34FundsTransfertoOwnAccountsbyTOAccountTypeEndingWith -->
