<?xml version="1.0" encoding="UTF-8"?>
<!-- Generated by org.testng.reporters.JUnitReportReporter -->
<testsuite skipped="0" hostname="Vikram-Vasu" name="testcases.fundtransfer.ownaccount.TC45FundsTransferfromSavingAccountEndWithtoSavingAccountEndWith" tests="1" failures="0" timestamp="2020-05-07T11:15:34 IST" time="46.047" errors="0">
  <testcase name="FundsTransferfromSavingAccountEndWithtoSavingAccountEndWith" time="46.047" classname="testcases.fundtransfer.ownaccount.TC45FundsTransferfromSavingAccountEndWithtoSavingAccountEndWith"/>
  <system-out/>
</testsuite> <!-- testcases.fundtransfer.ownaccount.TC45FundsTransferfromSavingAccountEndWithtoSavingAccountEndWith -->
