<?xml version="1.0" encoding="UTF-8"?>
<!-- Generated by org.testng.reporters.JUnitReportReporter -->
<testsuite skipped="0" hostname="Vikram-Vasu" name="testcases.productandservices.TC32PSInvestmentChooseaFund" tests="1" failures="0" timestamp="2020-05-07T13:36:06 IST" time="70.445" errors="0">
  <testcase name="InvestmentsChooseAfund" time="70.445" classname="testcases.productandservices.TC32PSInvestmentChooseaFund"/>
  <system-out/>
</testsuite> <!-- testcases.productandservices.TC32PSInvestmentChooseaFund -->
