<?xml version="1.0" encoding="UTF-8"?>
<!-- Generated by org.testng.reporters.JUnitReportReporter -->
<testsuite skipped="0" hostname="Lenovo-PC" name="testcases.statementrequest.TC47StatementRequestForCorrectAccountType" tests="1" failures="0" timestamp="2020-03-26T13:46:56 IST" time="46.009" errors="0">
  <testcase name="StatementRequestForCorrectAccountTypeEnding" time="46.009" classname="testcases.statementrequest.TC47StatementRequestForCorrectAccountType"/>
  <system-out/>
</testsuite> <!-- testcases.statementrequest.TC47StatementRequestForCorrectAccountType -->
