<?xml version="1.0" encoding="UTF-8"?>
<!-- Generated by org.testng.reporters.JUnitReportReporter -->
<testsuite skipped="0" hostname="Lenovo-PC" name="testcases.accountbalance.TC14VerifyValidationMessageForDifferentAccountTypeEndingUtterance" tests="1" failures="0" timestamp="2020-05-04T13:15:23 IST" time="50.166" errors="0">
  <testcase name="AccountBalForDifferentAccountTypeEnding" time="50.166" classname="testcases.accountbalance.TC14VerifyValidationMessageForDifferentAccountTypeEndingUtterance"/>
  <system-out/>
</testsuite> <!-- testcases.accountbalance.TC14VerifyValidationMessageForDifferentAccountTypeEndingUtterance -->
