<?xml version="1.0" encoding="UTF-8"?>
<!-- Generated by org.testng.reporters.JUnitReportReporter -->
<testsuite skipped="0" hostname="Lenovo-PC" name="testcases.locator.TC01VerifyLocatorIconIsClickableWithoutLoginFromWelcomePrompt" tests="1" failures="0" timestamp="2020-05-04T17:29:25 IST" time="26.432" errors="0">
  <testcase name="clickLocatorIconFromWelcomeScreenBeforeLogin" time="26.432" classname="testcases.locator.TC01VerifyLocatorIconIsClickableWithoutLoginFromWelcomePrompt"/>
  <system-out/>
</testsuite> <!-- testcases.locator.TC01VerifyLocatorIconIsClickableWithoutLoginFromWelcomePrompt -->
