<?xml version="1.0" encoding="UTF-8"?>
<!-- Generated by org.testng.reporters.JUnitReportReporter -->
<testsuite skipped="0" hostname="Vikram-Vasu" name="testcases.productandservices.TC33PSInvestmentHowToInvest" tests="1" failures="0" timestamp="2020-05-07T13:36:06 IST" time="66.730" errors="0">
  <testcase name="InvestmentsHowtoInvest" time="66.730" classname="testcases.productandservices.TC33PSInvestmentHowToInvest"/>
  <system-out/>
</testsuite> <!-- testcases.productandservices.TC33PSInvestmentHowToInvest -->
