<?xml version="1.0" encoding="UTF-8"?>
<!-- Generated by org.testng.reporters.JUnitReportReporter -->
<testsuite skipped="0" hostname="Lenovo-PC" name="testcases.recharge.TC48VerifyIfUserEntersSpecialCharsOrCharactersAsMobileNumber" tests="2" failures="0" timestamp="2020-05-05T16:34:49 IST" time="116.568" errors="0">
  <testcase name="specialCharsForMobile" time="57.914" classname="testcases.recharge.TC48VerifyIfUserEntersSpecialCharsOrCharactersAsMobileNumber"/>
  <system-out/>
  <testcase name="charactersForMobile" time="58.654" classname="testcases.recharge.TC48VerifyIfUserEntersSpecialCharsOrCharactersAsMobileNumber"/>
  <system-out/>
</testsuite> <!-- testcases.recharge.TC48VerifyIfUserEntersSpecialCharsOrCharactersAsMobileNumber -->
