<?xml version="1.0" encoding="UTF-8"?>
<!-- Generated by org.testng.reporters.JUnitReportReporter -->
<testsuite skipped="0" hostname="Lenovo-PC" name="testcases.recharge.JIRA_TC10ValidateIfUserEnterValidMobileNumber" tests="1" failures="0" timestamp="2020-04-06T14:28:09 IST" time="70.583" errors="0">
  <testcase name="validateValidMobileNumberForRecharge" time="70.583" classname="testcases.recharge.JIRA_TC10ValidateIfUserEnterValidMobileNumber"/>
  <system-out/>
</testsuite> <!-- testcases.recharge.JIRA_TC10ValidateIfUserEnterValidMobileNumber -->
