<?xml version="1.0" encoding="UTF-8"?>
<!-- Generated by org.testng.reporters.JUnitReportReporter -->
<testsuite skipped="0" hostname="Lenovo-PC" name="testcases.statementrequest.TC23ViewListOfSavingsAccountForSavingsAccountTypeIntents" tests="2" failures="0" timestamp="2020-05-05T20:25:33 IST" time="96.149" errors="0">
  <testcase name="ViewSavingsAccountForSavingAccountTypeIntentOne" time="47.818" classname="testcases.statementrequest.TC23ViewListOfSavingsAccountForSavingsAccountTypeIntents"/>
  <system-out/>
  <testcase name="ViewSavingsAccountForSavingAccountTypeIntentTwo" time="48.331" classname="testcases.statementrequest.TC23ViewListOfSavingsAccountForSavingsAccountTypeIntents"/>
  <system-out/>
</testsuite> <!-- testcases.statementrequest.TC23ViewListOfSavingsAccountForSavingsAccountTypeIntents -->
