<?xml version="1.0" encoding="UTF-8"?>
<!-- Generated by org.testng.reporters.JUnitReportReporter -->
<testsuite skipped="0" hostname="vairamuthu" name="testcases.managecards.ManageCardsBlockCardNumberEndingWrongcardnumber" tests="1" failures="0" timestamp="09 Mar 2020 10:49:14 GMT" time="33.141" errors="0">
  <testcase name="ManageCardsBlockCardNumberEndingWrongcardnumber" time="33.141" classname="testcases.managecards.ManageCardsBlockCardNumberEndingWrongcardnumber"/>
</testsuite> <!-- testcases.managecards.ManageCardsBlockCardNumberEndingWrongcardnumber -->
