<?xml version="1.0" encoding="UTF-8"?>
<!-- Generated by org.testng.reporters.JUnitReportReporter -->
<testsuite skipped="0" hostname="Lenovo-PC" name="testcases.statementrequest.TC05StatementRequestDisplaysListOfAllAccounts" tests="6" failures="0" timestamp="2020-05-05T20:25:33 IST" time="355.082" errors="0">
  <testcase name="StatementRequestViewAccountUsingIntentOne" time="58.240" classname="testcases.statementrequest.TC05StatementRequestDisplaysListOfAllAccounts"/>
  <system-out/>
  <testcase name="StatementRequestViewAccountUsingIntentTwo" time="60.276" classname="testcases.statementrequest.TC05StatementRequestDisplaysListOfAllAccounts"/>
  <system-out/>
  <testcase name="StatementRequestViewAccountUsingIntentThree" time="59.241" classname="testcases.statementrequest.TC05StatementRequestDisplaysListOfAllAccounts"/>
  <system-out/>
  <testcase name="StatementRequestViewAccountUsingIntentFour" time="58.930" classname="testcases.statementrequest.TC05StatementRequestDisplaysListOfAllAccounts"/>
  <system-out/>
  <testcase name="StatementRequestViewAccountUsingIntentFive" time="60.216" classname="testcases.statementrequest.TC05StatementRequestDisplaysListOfAllAccounts"/>
  <system-out/>
  <testcase name="StatementRequestViewAccountUsingIntentSix" time="58.179" classname="testcases.statementrequest.TC05StatementRequestDisplaysListOfAllAccounts"/>
  <system-out/>
</testsuite> <!-- testcases.statementrequest.TC05StatementRequestDisplaysListOfAllAccounts -->
