<?xml version="1.0" encoding="UTF-8"?>
<!-- Generated by org.testng.reporters.JUnitReportReporter -->
<testsuite skipped="0" hostname="Vikram-Vasu" name="testcases.viewtransaction.TC12ViewTransactionCASAaccountUtterance" tests="1" failures="0" timestamp="2020-05-08T09:38:12 IST" time="72.727" errors="0">
  <testcase name="ViewTransactionCASAaccountUtterance" time="72.727" classname="testcases.viewtransaction.TC12ViewTransactionCASAaccountUtterance"/>
  <system-out/>
</testsuite> <!-- testcases.viewtransaction.TC12ViewTransactionCASAaccountUtterance -->
