<?xml version="1.0" encoding="UTF-8"?>
<!-- Generated by org.testng.reporters.JUnitReportReporter -->
<testsuite skipped="0" hostname="Vikram-Vasu" name="testcases.managecards.TC40ManageCardsUnblockSuccessMessage" tests="1" failures="0" timestamp="2020-05-08T01:46:40 IST" time="101.212" errors="0">
  <testcase name="ManageCardsUnblockSuccessMessage" time="101.212" classname="testcases.managecards.TC40ManageCardsUnblockSuccessMessage"/>
  <system-out/>
</testsuite> <!-- testcases.managecards.TC40ManageCardsUnblockSuccessMessage -->
