<?xml version="1.0" encoding="UTF-8"?>
<!-- Generated by org.testng.reporters.JUnitReportReporter -->
<testsuite skipped="0" hostname="Lenovo-PC" name="testcases.paycreditcard.TC18PayCreditCardUserEntersWrongConfirmationInputWhileConfirmingthePayment" tests="1" failures="0" timestamp="2020-05-01T16:47:14 IST" time="61.249" errors="0">
  <testcase name="PayCreditCardUserEntersWrongConfirmationInputWhileConfirmingthePayment" time="61.249" classname="testcases.paycreditcard.TC18PayCreditCardUserEntersWrongConfirmationInputWhileConfirmingthePayment"/>
  <system-out/>
</testsuite> <!-- testcases.paycreditcard.TC18PayCreditCardUserEntersWrongConfirmationInputWhileConfirmingthePayment -->
