<?xml version="1.0" encoding="UTF-8"?>
<!-- Generated by org.testng.reporters.JUnitReportReporter -->
<testsuite skipped="0" hostname="Lenovo-PC" name="testcases.paycreditcard.TC03PayCreditCardInTextAreawithoutLogin" tests="1" failures="0" timestamp="2020-05-01T16:47:14 IST" time="23.818" errors="0">
  <testcase name="PayCreditCardInTextAreawithoutLogin" time="23.818" classname="testcases.paycreditcard.TC03PayCreditCardInTextAreawithoutLogin"/>
  <system-out/>
</testsuite> <!-- testcases.paycreditcard.TC03PayCreditCardInTextAreawithoutLogin -->
