<?xml version="1.0" encoding="UTF-8"?>
<!-- Generated by org.testng.reporters.JUnitReportReporter -->
<testsuite skipped="0" hostname="vairamuthu" name="testcases.managecards.ManageCardsTwoConsecutiveWrongEntryinCardstoUnblockselection" tests="1" failures="0" timestamp="10 Mar 2020 12:59:02 GMT" time="96.934" errors="0">
  <testcase name="ManageCardsUnblockSuccessMessage" time="96.934" classname="testcases.managecards.ManageCardsTwoConsecutiveWrongEntryinCardstoUnblockselection"/>
</testsuite> <!-- testcases.managecards.ManageCardsTwoConsecutiveWrongEntryinCardstoUnblockselection -->
