<?xml version="1.0" encoding="UTF-8"?>
<!-- Generated by org.testng.reporters.JUnitReportReporter -->
<testsuite skipped="0" hostname="Lenovo-PC" name="testcases.accountbalance.TC23VerifyAnythingElseMessageAfterEveryAccountBalChecks" tests="1" failures="0" timestamp="2020-05-04T13:15:24 IST" time="49.435" errors="0">
  <testcase name="AnythingElseResponseAfterEveryAccountBalCheck" time="49.435" classname="testcases.accountbalance.TC23VerifyAnythingElseMessageAfterEveryAccountBalChecks"/>
  <system-out/>
</testsuite> <!-- testcases.accountbalance.TC23VerifyAnythingElseMessageAfterEveryAccountBalChecks -->
