<?xml version="1.0" encoding="UTF-8"?>
<!-- Generated by org.testng.reporters.JUnitReportReporter -->
<testsuite skipped="0" hostname="vairamuthu" name="testcases.DBP15951" tests="1" failures="0" timestamp="22 Mar 2019 06:36:21 GMT" time="102.015" errors="0">
  <testcase name="login" time="102.015" classname="testcases.DBP15951"/>
</testsuite> <!-- testcases.DBP15951 -->
