<?xml version="1.0" encoding="UTF-8"?>
<!-- Generated by org.testng.reporters.JUnitReportReporter -->
<testsuite skipped="0" hostname="Vikram-Vasu" name="testcases.viewtransaction.TC06ViewTransactionCorrectAccountNameBalanceCheck" tests="1" failures="0" timestamp="2020-05-08T09:38:12 IST" time="54.842" errors="0">
  <testcase name="ViewTransactionCorrectAccountNameBalanceCheck" time="54.842" classname="testcases.viewtransaction.TC06ViewTransactionCorrectAccountNameBalanceCheck"/>
  <system-out/>
</testsuite> <!-- testcases.viewtransaction.TC06ViewTransactionCorrectAccountNameBalanceCheck -->
