<?xml version="1.0" encoding="UTF-8"?>
<!-- Generated by org.testng.reporters.JUnitReportReporter -->
<testsuite skipped="0" hostname="Lenovo-PC" name="testcases.statementrequest.TC17StatementRequestSupportedIntentsForAccountName" tests="4" failures="0" timestamp="2020-05-05T20:25:34 IST" time="181.818" errors="0">
  <testcase name="StatementRequestIntentOneForAccountName" time="45.774" classname="testcases.statementrequest.TC17StatementRequestSupportedIntentsForAccountName"/>
  <system-out/>
  <testcase name="StatementRequestIntentTwoForAccountName" time="44.769" classname="testcases.statementrequest.TC17StatementRequestSupportedIntentsForAccountName"/>
  <system-out/>
  <testcase name="StatementRequestIntentThreeForAccountName" time="46.423" classname="testcases.statementrequest.TC17StatementRequestSupportedIntentsForAccountName"/>
  <system-out/>
  <testcase name="StatementRequestIntentFourForAccountName" time="44.852" classname="testcases.statementrequest.TC17StatementRequestSupportedIntentsForAccountName"/>
  <system-out/>
</testsuite> <!-- testcases.statementrequest.TC17StatementRequestSupportedIntentsForAccountName -->
