<?xml version="1.0" encoding="UTF-8"?>
<!-- Generated by org.testng.reporters.JUnitReportReporter -->
<testsuite skipped="0" hostname="Lenovo-PC" name="testcases.accountbalance.TC05VerifyAccountBalModuleUsingAccountBalanceSupportedIntents" tests="1" failures="0" timestamp="2020-05-04T13:15:23 IST" time="49.251" errors="0">
  <testcase name="AccountBalByAccountType" time="49.251" classname="testcases.accountbalance.TC05VerifyAccountBalModuleUsingAccountBalanceSupportedIntents"/>
  <system-out/>
</testsuite> <!-- testcases.accountbalance.TC05VerifyAccountBalModuleUsingAccountBalanceSupportedIntents -->
