<?xml version="1.0" encoding="UTF-8"?>
<!-- Generated by org.testng.reporters.JUnitReportReporter -->
<testsuite skipped="0" hostname="Lenovo-PC" name="testcases.recharge.TC13VerifyUserAbleToCancelConfirmationForRecharge" tests="1" failures="0" timestamp="2020-05-05T16:34:49 IST" time="84.084" errors="0">
  <testcase name="cancelConfirmationForRecharge" time="84.084" classname="testcases.recharge.TC13VerifyUserAbleToCancelConfirmationForRecharge"/>
  <system-out/>
</testsuite> <!-- testcases.recharge.TC13VerifyUserAbleToCancelConfirmationForRecharge -->
