<?xml version="1.0" encoding="UTF-8"?>
<!-- Generated by org.testng.reporters.JUnitReportReporter -->
<testsuite skipped="0" hostname="vairamuthu" name="testcases.managecards.ManageCardsUnblockConfirmationMessage" tests="1" failures="0" timestamp="10 Mar 2020 07:12:32 GMT" time="63.553" errors="0">
  <testcase name="ManageCardsUnblockConfirmationMessage" time="63.553" classname="testcases.managecards.ManageCardsUnblockConfirmationMessage"/>
</testsuite> <!-- testcases.managecards.ManageCardsUnblockConfirmationMessage -->
