<?xml version="1.0" encoding="UTF-8"?>
<!-- Generated by org.testng.reporters.JUnitReportReporter -->
<testsuite skipped="0" hostname="Lenovo-PC" name="testcases.paycreditcard.TC09PayCreditCardEnterOTP" tests="1" failures="0" timestamp="2020-05-01T16:47:14 IST" time="67.377" errors="0">
  <testcase name="PayCreditCardEnterOTP" time="67.377" classname="testcases.paycreditcard.TC09PayCreditCardEnterOTP"/>
  <system-out/>
</testsuite> <!-- testcases.paycreditcard.TC09PayCreditCardEnterOTP -->
