<?xml version="1.0" encoding="UTF-8"?>
<!-- Generated by org.testng.reporters.JUnitReportReporter -->
<testsuite skipped="0" hostname="Lenovo-PC" name="testcases.paycreditcard.TC48PayCreditCardPayFullUtterance" tests="1" failures="0" timestamp="2020-05-01T16:47:14 IST" time="38.226" errors="0">
  <testcase name="PayCreditCardPayUtteranceBase" time="38.226" classname="testcases.paycreditcard.TC48PayCreditCardPayFullUtterance"/>
  <system-out/>
</testsuite> <!-- testcases.paycreditcard.TC48PayCreditCardPayFullUtterance -->
