<?xml version="1.0" encoding="UTF-8"?>
<!-- Generated by org.testng.reporters.JUnitReportReporter -->
<testsuite skipped="0" hostname="Vikram-Vasu" name="testcases.viewtransaction.TC08ViewTransactionCorrectCardType" tests="1" failures="0" timestamp="2020-05-08T09:38:12 IST" time="53.212" errors="0">
  <testcase name="ViewTransactionCorrectCardType" time="53.212" classname="testcases.viewtransaction.TC08ViewTransactionCorrectCardType"/>
  <system-out/>
</testsuite> <!-- testcases.viewtransaction.TC08ViewTransactionCorrectCardType -->
