<?xml version="1.0" encoding="UTF-8"?>
<!-- Generated by org.testng.reporters.JUnitReportReporter -->
<testsuite skipped="0" hostname="Vikram-Vasu" name="testcases.productandservices.TC11PSListofSavingsAccountDetailsCheck" tests="1" failures="0" timestamp="2020-05-07T13:36:06 IST" time="71.787" errors="0">
  <testcase name="TC11PSListofSavingsAccounttDetailsCheck" time="71.787" classname="testcases.productandservices.TC11PSListofSavingsAccountDetailsCheck"/>
  <system-out/>
</testsuite> <!-- testcases.productandservices.TC11PSListofSavingsAccountDetailsCheck -->
