<?xml version="1.0" encoding="UTF-8"?>
<!-- Generated by org.testng.reporters.JUnitReportReporter -->
<testsuite skipped="0" hostname="vairamuthu" name="testcases.managecards.ChequeBookRequestIconClickWithoutLogin" tests="1" failures="0" timestamp="26 Feb 2020 06:58:13 GMT" time="31.392" errors="0">
  <testcase name="ChequeBookRequestIconClickWithoutLogin" time="31.392" classname="testcases.managecards.ChequeBookRequestIconClickWithoutLogin"/>
</testsuite> <!-- testcases.managecards.ChequeBookRequestIconClickWithoutLogin -->
