<?xml version="1.0" encoding="UTF-8"?>
<!-- Generated by org.testng.reporters.JUnitReportReporter -->
<testsuite skipped="0" hostname="Vikram-Vasu" name="testcases.productandservices.TC12PSListofCheckingAccountDetailsCheck" tests="1" failures="0" timestamp="2020-05-07T13:36:06 IST" time="68.294" errors="0">
  <testcase name="PSListofCheckingAccountDetailsCheck" time="68.294" classname="testcases.productandservices.TC12PSListofCheckingAccountDetailsCheck"/>
  <system-out/>
</testsuite> <!-- testcases.productandservices.TC12PSListofCheckingAccountDetailsCheck -->
