<?xml version="1.0" encoding="UTF-8"?>
<!-- Generated by org.testng.reporters.JUnitReportReporter -->
<testsuite skipped="0" hostname="vairamuthu" name="testcases.managecards.ManageCardsTwoConsecutiveWrongEntryinBlockUnblockTypeselection" tests="1" failures="0" timestamp="06 Mar 2020 11:52:37 GMT" time="47.309" errors="0">
  <testcase name="ManageCardsTwoConsecutiveWrongEntryinBlockUnblockTypeselection" time="47.309" classname="testcases.managecards.ManageCardsTwoConsecutiveWrongEntryinBlockUnblockTypeselection"/>
</testsuite> <!-- testcases.managecards.ManageCardsTwoConsecutiveWrongEntryinBlockUnblockTypeselection -->
