<?xml version="1.0" encoding="UTF-8"?>
<!-- Generated by org.testng.reporters.JUnitReportReporter -->
<testsuite skipped="0" hostname="Lenovo-PC" name="testcases.accountbalance.TC27VerifyUserAbleToCancelTheFlowAndGoToTheMainMenu" tests="1" failures="0" timestamp="2020-05-04T13:15:23 IST" time="72.096" errors="0">
  <testcase name="CancelAndGotoTheMainMenu" time="72.096" classname="testcases.accountbalance.TC27VerifyUserAbleToCancelTheFlowAndGoToTheMainMenu"/>
  <system-out/>
</testsuite> <!-- testcases.accountbalance.TC27VerifyUserAbleToCancelTheFlowAndGoToTheMainMenu -->
