<?xml version="1.0" encoding="UTF-8"?>
<!-- Generated by org.testng.reporters.JUnitReportReporter -->
<testsuite skipped="0" hostname="vairamuthu" name="testcases.managecards.ManageCardsInvalidinputwhileCardstoUnblockselection" tests="1" failures="0" timestamp="10 Mar 2020 11:59:55 GMT" time="72.271" errors="0">
  <testcase name="ManageCardsUnblockSuccessMessage" time="72.271" classname="testcases.managecards.ManageCardsInvalidinputwhileCardstoUnblockselection"/>
</testsuite> <!-- testcases.managecards.ManageCardsInvalidinputwhileCardstoUnblockselection -->
