<?xml version="1.0" encoding="UTF-8"?>
<!-- Generated by org.testng.reporters.JUnitReportReporter -->
<testsuite skipped="0" hostname="vairamuthu" name="testcases.managecards.ManageCardsTwoConsecutiveWrongEntryinBlockConfirmationMessage" tests="1" failures="0" timestamp="06 Mar 2020 11:52:37 GMT" time="58.246" errors="0">
  <testcase name="ManageCardsTwoConsecutiveWrongEntryinBlockConfirmationMessage" time="58.246" classname="testcases.managecards.ManageCardsTwoConsecutiveWrongEntryinBlockConfirmationMessage"/>
</testsuite> <!-- testcases.managecards.ManageCardsTwoConsecutiveWrongEntryinBlockConfirmationMessage -->
