<?xml version="1.0" encoding="UTF-8"?>
<!-- Generated by org.testng.reporters.JUnitReportReporter -->
<testsuite skipped="0" hostname="Vikram-Vasu" name="testcases.productandservices.TC16PSListofValidIDsCheck" tests="1" failures="0" timestamp="2020-05-07T13:36:06 IST" time="52.851" errors="0">
  <testcase name="PSListofValidIDsCheck" time="52.851" classname="testcases.productandservices.TC16PSListofValidIDsCheck"/>
  <system-out/>
</testsuite> <!-- testcases.productandservices.TC16PSListofValidIDsCheck -->
