<?xml version="1.0" encoding="UTF-8"?>
<!-- Generated by org.testng.reporters.JUnitReportReporter -->
<testsuite skipped="0" hostname="Vikram-Vasu" name="testcases.managecards.TC07ManageCardsCardSelection" tests="1" failures="0" timestamp="2020-05-08T01:46:40 IST" time="54.716" errors="0">
  <testcase name="ManageCardsCardSelection" time="54.716" classname="testcases.managecards.TC07ManageCardsCardSelection"/>
  <system-out/>
</testsuite> <!-- testcases.managecards.TC07ManageCardsCardSelection -->
