<?xml version="1.0" encoding="UTF-8"?>
<!-- Generated by org.testng.reporters.JUnitReportReporter -->
<testsuite skipped="0" hostname="Lenovo-PC" name="testcases.statementrequest.TC46StatementRequestForCorrectAccountType" tests="1" failures="0" timestamp="2020-03-26T15:32:25 IST" time="38.229" errors="0">
  <testcase name="StatementRequestForCorrectAccountTypeEnding" time="38.229" classname="testcases.statementrequest.TC46StatementRequestForCorrectAccountType"/>
  <system-out/>
</testsuite> <!-- testcases.statementrequest.TC46StatementRequestForCorrectAccountType -->
