<?xml version="1.0" encoding="UTF-8"?>
<!-- Generated by org.testng.reporters.JUnitReportReporter -->
<testsuite skipped="0" hostname="Lenovo-PC" name="testcases.locator.TC25VerifyTheResponseForTheLocatorSupportedUtterance" tests="1" failures="0" timestamp="2020-05-04T17:29:25 IST" time="46.775" errors="0">
  <testcase name="responseForLocatorSupportedUtterance" time="46.775" classname="testcases.locator.TC25VerifyTheResponseForTheLocatorSupportedUtterance"/>
  <system-out/>
</testsuite> <!-- testcases.locator.TC25VerifyTheResponseForTheLocatorSupportedUtterance -->
