<?xml version="1.0" encoding="UTF-8"?>
<!-- Generated by org.testng.reporters.JUnitReportReporter -->
<testsuite skipped="0" hostname="Lenovo-PC" name="testcases.paycreditcard.TC26PayCreditCardUsertoClickOnOtherAmount" tests="1" failures="0" timestamp="2020-05-01T16:47:14 IST" time="62.650" errors="0">
  <testcase name="UsertoClickOnOtherAmount" time="62.650" classname="testcases.paycreditcard.TC26PayCreditCardUsertoClickOnOtherAmount"/>
  <system-out/>
</testsuite> <!-- testcases.paycreditcard.TC26PayCreditCardUsertoClickOnOtherAmount -->
