<?xml version="1.0" encoding="UTF-8"?>
<!-- Generated by org.testng.reporters.JUnitReportReporter -->
<testsuite skipped="0" hostname="vairamuthu" name="testcases.managecards.ManageCardIconClickWithoutLogin" tests="1" failures="0" timestamp="06 Mar 2020 11:52:37 GMT" time="28.774" errors="0">
  <testcase name="ManageCardIconClickWithoutLogin" time="28.774" classname="testcases.managecards.ManageCardIconClickWithoutLogin"/>
</testsuite> <!-- testcases.managecards.ManageCardIconClickWithoutLogin -->
