<?xml version="1.0" encoding="UTF-8"?>
<!-- Generated by org.testng.reporters.JUnitReportReporter -->
<testsuite skipped="0" hostname="Lenovo-PC" name="testcases.recharge.TC16VerifyUserAbleToEnterWrongInputForMobileNumber" tests="3" failures="0" timestamp="2020-05-05T16:34:50 IST" time="179.511" errors="0">
  <testcase name="wrongInputNumberForMobile" time="59.067" classname="testcases.recharge.TC16VerifyUserAbleToEnterWrongInputForMobileNumber"/>
  <system-out/>
  <testcase name="wrongInputAlphabetsForMobile" time="62.267" classname="testcases.recharge.TC16VerifyUserAbleToEnterWrongInputForMobileNumber"/>
  <system-out/>
  <testcase name="wrongInputSpecialChaactersForMobile" time="58.177" classname="testcases.recharge.TC16VerifyUserAbleToEnterWrongInputForMobileNumber"/>
  <system-out/>
</testsuite> <!-- testcases.recharge.TC16VerifyUserAbleToEnterWrongInputForMobileNumber -->
