<?xml version="1.0" encoding="UTF-8"?>
<!-- Generated by org.testng.reporters.JUnitReportReporter -->
<testsuite skipped="0" hostname="Vikram-Vasu" name="testcases.viewtransaction.TC07ViewTransactionWrongAccountName" tests="1" failures="0" timestamp="2020-05-08T09:38:12 IST" time="57.538" errors="0">
  <testcase name="ViewTransactionWrongAccountName" time="57.538" classname="testcases.viewtransaction.TC07ViewTransactionWrongAccountName"/>
  <system-out/>
</testsuite> <!-- testcases.viewtransaction.TC07ViewTransactionWrongAccountName -->
