<?xml version="1.0" encoding="UTF-8"?>
<!-- Generated by org.testng.reporters.JUnitReportReporter -->
<testsuite skipped="0" hostname="Lenovo-PC" name="testcases.recharge.TC08VerifyUserAbleToConfirmTheOperatorDisplayed" tests="1" failures="0" timestamp="2020-05-05T16:34:50 IST" time="67.744" errors="0">
  <testcase name="ConfirmOperatorForRecharge" time="67.744" classname="testcases.recharge.TC08VerifyUserAbleToConfirmTheOperatorDisplayed"/>
  <system-out/>
</testsuite> <!-- testcases.recharge.TC08VerifyUserAbleToConfirmTheOperatorDisplayed -->
