<?xml version="1.0" encoding="UTF-8"?>
<!-- Generated by org.testng.reporters.JUnitReportReporter -->
<testsuite skipped="0" hostname="vairamuthu" name="testcases.chequebookrequest.ChequeBookRequestAccountNameDisplayinConfirmationMessage" tests="1" failures="0" timestamp="06 Mar 2020 11:52:37 GMT" time="41.657" errors="0">
  <testcase name="ChequeBookRequestAccountSelectionByTextSuperValueAccount" time="41.657" classname="testcases.chequebookrequest.ChequeBookRequestAccountNameDisplayinConfirmationMessage"/>
</testsuite> <!-- testcases.chequebookrequest.ChequeBookRequestAccountNameDisplayinConfirmationMessage -->
