<?xml version="1.0" encoding="UTF-8"?>
<!-- Generated by org.testng.reporters.JUnitReportReporter -->
<testsuite skipped="0" hostname="Vikram-Vasu" name="testcases.viewtransaction.TC17ViewTransactionAccountNumberEndingwith" tests="1" failures="0" timestamp="2020-05-08T09:38:12 IST" time="52.944" errors="0">
  <testcase name="ViewTransactionAccountTypeEndingwithCorrectAccountNumber" time="52.944" classname="testcases.viewtransaction.TC17ViewTransactionAccountNumberEndingwith"/>
  <system-out/>
</testsuite> <!-- testcases.viewtransaction.TC17ViewTransactionAccountNumberEndingwith -->
